2019-06-10 10:32:24,697 INFO  o.s.c.a.AnnotationConfigApplicationContext - Refreshing org.springframework.context.annotation.AnnotationConfigApplicationContext@42aa9bf1: startup date [Mon Jun 10 10:32:24 IST 2019]; root of context hierarchy
2019-06-10 10:32:25,250 INFO  o.s.b.f.a.AutowiredAnnotationBeanPostProcessor - JSR-330 'javax.inject.Inject' annotation found and supported for autowiring
2019-06-10 10:32:25,462 INFO  o.s.c.s.PostProcessorRegistrationDelegate$BeanPostProcessorChecker - Bean 'configurationPropertiesRebinderAutoConfiguration' of type [class org.springframework.cloud.autoconfigure.ConfigurationPropertiesRebinderAutoConfiguration$$EnhancerBySpringCGLIB$$d36eb681] is not eligible for getting processed by all BeanPostProcessors (for example: not eligible for auto-proxying)
2019-06-10 10:32:26,155 INFO  o.s.c.c.c.ConfigServicePropertySourceLocator - Fetching config from server at: http://localhost:8888
2019-06-10 11:40:54,109 INFO  o.s.c.a.AnnotationConfigApplicationContext - Refreshing org.springframework.context.annotation.AnnotationConfigApplicationContext@65fa2f4f: startup date [Mon Jun 10 11:40:54 IST 2019]; root of context hierarchy
2019-06-10 11:40:54,936 INFO  o.s.b.f.a.AutowiredAnnotationBeanPostProcessor - JSR-330 'javax.inject.Inject' annotation found and supported for autowiring
2019-06-10 11:40:55,459 INFO  o.s.c.s.PostProcessorRegistrationDelegate$BeanPostProcessorChecker - Bean 'configurationPropertiesRebinderAutoConfiguration' of type [class org.springframework.cloud.autoconfigure.ConfigurationPropertiesRebinderAutoConfiguration$$EnhancerBySpringCGLIB$$f870c7e9] is not eligible for getting processed by all BeanPostProcessors (for example: not eligible for auto-proxying)
2019-06-10 11:40:59,531 INFO  o.s.c.c.c.ConfigServicePropertySourceLocator - Fetching config from server at: http://localhost:8888
2019-06-10 11:41:04,794 WARN  o.s.c.c.c.ConfigServicePropertySourceLocator - Could not locate PropertySource: I/O error on GET request for "http://localhost:8888/application/default": Connection reset; nested exception is java.net.SocketException: Connection reset
2019-06-10 11:41:04,798 INFO  com.capitalone.dashboard.Application - No profiles are active
2019-06-10 11:41:05,028 INFO  o.s.c.a.AnnotationConfigApplicationContext - Refreshing org.springframework.context.annotation.AnnotationConfigApplicationContext@73337bde: startup date [Mon Jun 10 11:41:05 IST 2019]; parent: org.springframework.context.annotation.AnnotationConfigApplicationContext@65fa2f4f
2019-06-10 11:41:17,351 INFO  o.s.cloud.context.scope.GenericScope - BeanFactory id=068cdb36-4c74-353e-bc65-ab2dccc24ad2
2019-06-10 11:41:17,356 INFO  c.u.j.EnableEncryptablePropertySourcesPostProcessor - Post-processing PropertySource instances
2019-06-10 11:41:17,967 INFO  c.u.j.c.StringEncryptorConfiguration - String Encryptor custom Bean not found with name 'jasyptStringEncryptor'. Initializing String Encryptor based on properties with name 'jasyptStringEncryptor'
2019-06-10 11:41:18,790 INFO  c.u.j.EnableEncryptablePropertySourcesPostProcessor - Converting PropertySource commandLineArgs [org.springframework.core.env.SimpleCommandLinePropertySource] to EncryptableEnumerablePropertySourceWrapper
2019-06-10 11:41:18,790 INFO  c.u.j.EnableEncryptablePropertySourcesPostProcessor - Converting PropertySource systemProperties [org.springframework.core.env.MapPropertySource] to EncryptableMapPropertySourceWrapper
2019-06-10 11:41:18,791 INFO  c.u.j.EnableEncryptablePropertySourcesPostProcessor - Converting PropertySource systemEnvironment [org.springframework.core.env.SystemEnvironmentPropertySource] to EncryptableMapPropertySourceWrapper
2019-06-10 11:41:18,791 INFO  c.u.j.EnableEncryptablePropertySourcesPostProcessor - Converting PropertySource random [org.springframework.boot.context.config.RandomValuePropertySource] to EncryptablePropertySourceWrapper
2019-06-10 11:41:18,791 INFO  c.u.j.EnableEncryptablePropertySourcesPostProcessor - Converting PropertySource applicationConfig: [file:sonar.properties] [org.springframework.core.env.PropertiesPropertySource] to EncryptableMapPropertySourceWrapper
2019-06-10 11:41:18,791 INFO  c.u.j.EnableEncryptablePropertySourcesPostProcessor - Converting PropertySource applicationConfig: [file:./sonar.properties] [org.springframework.core.env.PropertiesPropertySource] to EncryptableMapPropertySourceWrapper
2019-06-10 11:41:18,792 INFO  c.u.j.EnableEncryptablePropertySourcesPostProcessor - Converting PropertySource springCloudClientHostInfo [org.springframework.core.env.MapPropertySource] to EncryptableMapPropertySourceWrapper
2019-06-10 11:41:18,792 INFO  c.u.j.EnableEncryptablePropertySourcesPostProcessor - Converting PropertySource defaultProperties [org.springframework.core.env.MapPropertySource] to EncryptableMapPropertySourceWrapper
2019-06-10 11:41:18,795 INFO  o.s.b.f.a.AutowiredAnnotationBeanPostProcessor - JSR-330 'javax.inject.Inject' annotation found and supported for autowiring
2019-06-10 11:41:18,844 INFO  o.s.c.s.PostProcessorRegistrationDelegate$BeanPostProcessorChecker - Bean 'org.springframework.cloud.autoconfigure.ConfigurationPropertiesRebinderAutoConfiguration' of type [class org.springframework.cloud.autoconfigure.ConfigurationPropertiesRebinderAutoConfiguration$$EnhancerBySpringCGLIB$$f870c7e9] is not eligible for getting processed by all BeanPostProcessors (for example: not eligible for auto-proxying)
2019-06-10 11:41:28,323 INFO  o.s.s.c.ThreadPoolTaskScheduler - Initializing ExecutorService  'taskScheduler'
2019-06-10 11:41:29,492 INFO  c.c.dashboard.config.MongoConfig - ReplicaSetfalse
2019-06-10 11:41:29,986 INFO  c.c.dashboard.config.MongoConfig - Initializing Mongo Client server at: localhost:27017
2019-06-10 11:41:30,324 INFO  org.mongodb.driver.cluster - Cluster created with settings {hosts=[localhost:27017], mode=SINGLE, requiredClusterType=UNKNOWN, serverSelectionTimeout='30000 ms', maxWaitQueueSize=500}
2019-06-10 11:41:31,309 INFO  c.c.dashboard.config.MongoConfig - Connecting to Mongo: Mongo{options=MongoClientOptions{description='null', readPreference=primary, writeConcern=WriteConcern{w=1, wtimeout=0, fsync=false, j=false, codecRegistry=org.bson.codecs.configuration.ProvidersCodecRegistry@d253c58b, minConnectionsPerHost=0, maxConnectionsPerHost=100, threadsAllowedToBlockForConnectionMultiplier=5, serverSelectionTimeout=30000, maxWaitTime=120000, maxConnectionIdleTime=60000, maxConnectionLifeTime=0, connectTimeout=10000, socketTimeout=0, socketKeepAlive=false, sslEnabled=false, sslInvalidHostNamesAllowed=false, alwaysUseMBeans=false, heartbeatFrequency=10000, minHeartbeatFrequency=500, heartbeatConnectTimeout=20000, heartbeatSocketTimeout=20000, localThreshold=15, requiredReplicaSetName='null', dbDecoderFactory=com.mongodb.DefaultDBDecoder$1@3f752d4a, dbEncoderFactory=com.mongodb.DefaultDBEncoder$1@570f4161, socketFactory=javax.net.DefaultSocketFactory@70be2c23, cursorFinalizerEnabled=true, connectionPoolSettings=ConnectionPoolSettings{maxSize=100, minSize=0, maxWaitQueueSize=500, maxWaitTimeMS=120000, maxConnectionLifeTimeMS=0, maxConnectionIdleTimeMS=60000, maintenanceInitialDelayMS=0, maintenanceFrequencyMS=60000}, socketSettings=SocketSettings{connectTimeoutMS=10000, readTimeoutMS=0, keepAlive=false, receiveBufferSize=0, sendBufferSize=0}, serverSettings=ServerSettings{heartbeatFrequencyMS=10000, minHeartbeatFrequencyMS=500}, heartbeatSocketSettings=SocketSettings{connectTimeoutMS=20000, readTimeoutMS=20000, keepAlive=false, receiveBufferSize=0, sendBufferSize=0}}}
2019-06-10 11:41:31,714 INFO  org.mongodb.driver.connection - Opened connection [connectionId{localValue:1, serverValue:70}] to localhost:27017
2019-06-10 11:41:31,719 INFO  org.mongodb.driver.cluster - Monitor thread successfully connected to server with description ServerDescription{address=localhost:27017, type=STANDALONE, state=CONNECTED, ok=true, version=ServerVersion{versionList=[4, 0, 6]}, minWireVersion=0, maxWireVersion=7, electionId=null, maxDocumentSize=16777216, roundTripTimeNanos=482827}
2019-06-10 11:41:36,001 INFO  c.c.d.collector.CollectorTask - Running Collector: Sonar
2019-06-10 11:41:38,825 INFO  org.mongodb.driver.connection - Opened connection [connectionId{localValue:2, serverValue:71}] to localhost:27017
2019-06-10 11:41:39,029 INFO  org.mongodb.driver.connection - Opened connection [connectionId{localValue:3, serverValue:72}] to localhost:27017
2019-06-10 11:41:47,345 INFO  c.c.dashboard.config.MongoConfig - ReplicaSetfalse
2019-06-10 11:41:47,345 INFO  c.c.dashboard.config.MongoConfig - Initializing Mongo Client server at: localhost:27017
2019-06-10 11:41:47,346 INFO  org.mongodb.driver.cluster - Cluster created with settings {hosts=[localhost:27017], mode=SINGLE, requiredClusterType=UNKNOWN, serverSelectionTimeout='30000 ms', maxWaitQueueSize=500}
2019-06-10 11:41:47,347 INFO  c.c.dashboard.config.MongoConfig - Connecting to Mongo: Mongo{options=MongoClientOptions{description='null', readPreference=primary, writeConcern=WriteConcern{w=1, wtimeout=0, fsync=false, j=false, codecRegistry=org.bson.codecs.configuration.ProvidersCodecRegistry@d253c58b, minConnectionsPerHost=0, maxConnectionsPerHost=100, threadsAllowedToBlockForConnectionMultiplier=5, serverSelectionTimeout=30000, maxWaitTime=120000, maxConnectionIdleTime=60000, maxConnectionLifeTime=0, connectTimeout=10000, socketTimeout=0, socketKeepAlive=false, sslEnabled=false, sslInvalidHostNamesAllowed=false, alwaysUseMBeans=false, heartbeatFrequency=10000, minHeartbeatFrequency=500, heartbeatConnectTimeout=20000, heartbeatSocketTimeout=20000, localThreshold=15, requiredReplicaSetName='null', dbDecoderFactory=com.mongodb.DefaultDBDecoder$1@3f752d4a, dbEncoderFactory=com.mongodb.DefaultDBEncoder$1@570f4161, socketFactory=javax.net.DefaultSocketFactory@70be2c23, cursorFinalizerEnabled=true, connectionPoolSettings=ConnectionPoolSettings{maxSize=100, minSize=0, maxWaitQueueSize=500, maxWaitTimeMS=120000, maxConnectionLifeTimeMS=0, maxConnectionIdleTimeMS=60000, maintenanceInitialDelayMS=0, maintenanceFrequencyMS=60000}, socketSettings=SocketSettings{connectTimeoutMS=10000, readTimeoutMS=0, keepAlive=false, receiveBufferSize=0, sendBufferSize=0}, serverSettings=ServerSettings{heartbeatFrequencyMS=10000, minHeartbeatFrequencyMS=500}, heartbeatSocketSettings=SocketSettings{connectTimeoutMS=20000, readTimeoutMS=20000, keepAlive=false, receiveBufferSize=0, sendBufferSize=0}}}
2019-06-10 11:41:47,393 INFO  org.mongodb.driver.connection - Opened connection [connectionId{localValue:4, serverValue:73}] to localhost:27017
2019-06-10 11:41:47,394 INFO  org.mongodb.driver.cluster - Monitor thread successfully connected to server with description ServerDescription{address=localhost:27017, type=STANDALONE, state=CONNECTED, ok=true, version=ServerVersion{versionList=[4, 0, 6]}, minWireVersion=0, maxWireVersion=7, electionId=null, maxDocumentSize=16777216, roundTripTimeNanos=241414}
2019-06-10 11:41:48,458 INFO  c.c.dashboard.config.MongoConfig - ReplicaSetfalse
2019-06-10 11:41:48,458 INFO  c.c.dashboard.config.MongoConfig - Initializing Mongo Client server at: localhost:27017
2019-06-10 11:41:48,459 INFO  org.mongodb.driver.cluster - Cluster created with settings {hosts=[localhost:27017], mode=SINGLE, requiredClusterType=UNKNOWN, serverSelectionTimeout='30000 ms', maxWaitQueueSize=500}
2019-06-10 11:41:48,460 INFO  c.c.dashboard.config.MongoConfig - Connecting to Mongo: Mongo{options=MongoClientOptions{description='null', readPreference=primary, writeConcern=WriteConcern{w=1, wtimeout=0, fsync=false, j=false, codecRegistry=org.bson.codecs.configuration.ProvidersCodecRegistry@d253c58b, minConnectionsPerHost=0, maxConnectionsPerHost=100, threadsAllowedToBlockForConnectionMultiplier=5, serverSelectionTimeout=30000, maxWaitTime=120000, maxConnectionIdleTime=60000, maxConnectionLifeTime=0, connectTimeout=10000, socketTimeout=0, socketKeepAlive=false, sslEnabled=false, sslInvalidHostNamesAllowed=false, alwaysUseMBeans=false, heartbeatFrequency=10000, minHeartbeatFrequency=500, heartbeatConnectTimeout=20000, heartbeatSocketTimeout=20000, localThreshold=15, requiredReplicaSetName='null', dbDecoderFactory=com.mongodb.DefaultDBDecoder$1@3f752d4a, dbEncoderFactory=com.mongodb.DefaultDBEncoder$1@570f4161, socketFactory=javax.net.DefaultSocketFactory@70be2c23, cursorFinalizerEnabled=true, connectionPoolSettings=ConnectionPoolSettings{maxSize=100, minSize=0, maxWaitQueueSize=500, maxWaitTimeMS=120000, maxConnectionLifeTimeMS=0, maxConnectionIdleTimeMS=60000, maintenanceInitialDelayMS=0, maintenanceFrequencyMS=60000}, socketSettings=SocketSettings{connectTimeoutMS=10000, readTimeoutMS=0, keepAlive=false, receiveBufferSize=0, sendBufferSize=0}, serverSettings=ServerSettings{heartbeatFrequencyMS=10000, minHeartbeatFrequencyMS=500}, heartbeatSocketSettings=SocketSettings{connectTimeoutMS=20000, readTimeoutMS=20000, keepAlive=false, receiveBufferSize=0, sendBufferSize=0}}}
2019-06-10 11:41:49,157 INFO  org.mongodb.driver.connection - Opened connection [connectionId{localValue:5, serverValue:74}] to localhost:27017
2019-06-10 11:41:49,158 INFO  org.mongodb.driver.cluster - Monitor thread successfully connected to server with description ServerDescription{address=localhost:27017, type=STANDALONE, state=CONNECTED, ok=true, version=ServerVersion{versionList=[4, 0, 6]}, minWireVersion=0, maxWireVersion=7, electionId=null, maxDocumentSize=16777216, roundTripTimeNanos=339511}
2019-06-10 11:41:50,745 INFO  c.c.dashboard.config.MongoConfig - ReplicaSetfalse
2019-06-10 11:41:50,747 INFO  c.c.dashboard.config.MongoConfig - Initializing Mongo Client server at: localhost:27017
2019-06-10 11:41:50,748 INFO  org.mongodb.driver.cluster - Cluster created with settings {hosts=[localhost:27017], mode=SINGLE, requiredClusterType=UNKNOWN, serverSelectionTimeout='30000 ms', maxWaitQueueSize=500}
2019-06-10 11:41:50,748 INFO  c.c.dashboard.config.MongoConfig - Connecting to Mongo: Mongo{options=MongoClientOptions{description='null', readPreference=primary, writeConcern=WriteConcern{w=1, wtimeout=0, fsync=false, j=false, codecRegistry=org.bson.codecs.configuration.ProvidersCodecRegistry@d253c58b, minConnectionsPerHost=0, maxConnectionsPerHost=100, threadsAllowedToBlockForConnectionMultiplier=5, serverSelectionTimeout=30000, maxWaitTime=120000, maxConnectionIdleTime=60000, maxConnectionLifeTime=0, connectTimeout=10000, socketTimeout=0, socketKeepAlive=false, sslEnabled=false, sslInvalidHostNamesAllowed=false, alwaysUseMBeans=false, heartbeatFrequency=10000, minHeartbeatFrequency=500, heartbeatConnectTimeout=20000, heartbeatSocketTimeout=20000, localThreshold=15, requiredReplicaSetName='null', dbDecoderFactory=com.mongodb.DefaultDBDecoder$1@3f752d4a, dbEncoderFactory=com.mongodb.DefaultDBEncoder$1@570f4161, socketFactory=javax.net.DefaultSocketFactory@70be2c23, cursorFinalizerEnabled=true, connectionPoolSettings=ConnectionPoolSettings{maxSize=100, minSize=0, maxWaitQueueSize=500, maxWaitTimeMS=120000, maxConnectionLifeTimeMS=0, maxConnectionIdleTimeMS=60000, maintenanceInitialDelayMS=0, maintenanceFrequencyMS=60000}, socketSettings=SocketSettings{connectTimeoutMS=10000, readTimeoutMS=0, keepAlive=false, receiveBufferSize=0, sendBufferSize=0}, serverSettings=ServerSettings{heartbeatFrequencyMS=10000, minHeartbeatFrequencyMS=500}, heartbeatSocketSettings=SocketSettings{connectTimeoutMS=20000, readTimeoutMS=20000, keepAlive=false, receiveBufferSize=0, sendBufferSize=0}}}
2019-06-10 11:41:50,855 INFO  org.mongodb.driver.connection - Opened connection [connectionId{localValue:6, serverValue:75}] to localhost:27017
2019-06-10 11:41:50,865 INFO  org.mongodb.driver.cluster - Monitor thread successfully connected to server with description ServerDescription{address=localhost:27017, type=STANDALONE, state=CONNECTED, ok=true, version=ServerVersion{versionList=[4, 0, 6]}, minWireVersion=0, maxWireVersion=7, electionId=null, maxDocumentSize=16777216, roundTripTimeNanos=2392984}
2019-06-10 11:41:51,202 INFO  c.c.d.collector.CollectorTask - -----------------------------------
2019-06-10 11:41:51,203 INFO  c.c.d.collector.CollectorTask - http://localhost:9000
2019-06-10 11:41:51,204 INFO  c.c.d.collector.CollectorTask - -----------------------------------
2019-06-10 11:42:01,745 INFO  o.s.j.e.a.AnnotationMBeanExporter - Registering beans for JMX exposure on startup
2019-06-10 11:42:02,340 INFO  o.s.j.e.a.AnnotationMBeanExporter - Bean with name 'configurationPropertiesRebinder' has been autodetected for JMX exposure
2019-06-10 11:42:02,341 INFO  o.s.j.e.a.AnnotationMBeanExporter - Bean with name 'environmentManager' has been autodetected for JMX exposure
2019-06-10 11:42:02,341 INFO  o.s.j.e.a.AnnotationMBeanExporter - Bean with name 'refreshScope' has been autodetected for JMX exposure
2019-06-10 11:42:02,344 INFO  o.s.j.e.a.AnnotationMBeanExporter - Located managed bean 'environmentManager': registering with JMX server as MBean [org.springframework.cloud.context.environment:name=environmentManager,type=EnvironmentManager]
2019-06-10 11:42:03,020 INFO  o.s.j.e.a.AnnotationMBeanExporter - Located managed bean 'refreshScope': registering with JMX server as MBean [org.springframework.cloud.context.scope.refresh:name=refreshScope,type=RefreshScope]
2019-06-10 11:42:03,029 INFO  o.s.j.e.a.AnnotationMBeanExporter - Located managed bean 'configurationPropertiesRebinder': registering with JMX server as MBean [org.springframework.cloud.context.properties:name=configurationPropertiesRebinder,context=73337bde,type=ConfigurationPropertiesRebinder]
2019-06-10 11:42:04,622 INFO  com.capitalone.dashboard.Application - Started Application in 71.3 seconds (JVM running for 75.427)
2019-06-10 11:42:16,929 ERROR c.c.d.collector.DefaultSonar6Client - org.springframework.web.client.ResourceAccessException: I/O error on GET request for "http://localhost:9000/api/components/search?qualifiers=TRK&ps=500": Read timed out; nested exception is java.net.SocketTimeoutException: Read timed out
2019-06-10 11:42:17,103 INFO  c.c.d.collector.CollectorTask - Fetched projects   0            29s
2019-06-10 11:42:17,104 INFO  c.c.d.collector.CollectorTask - New projects            0        0s
2019-06-10 11:42:37,681 ERROR c.c.d.collector.DefaultSonar6Client - Rest Client Exception: http://localhost:9000/api/measures/component?format=json&componentId=AWp8RGS_qlUkXpY7nlkK&metricKeys=ncloc,violations,new_vulnerabilities,critical_violations,major_violations,blocker_violations,tests,test_success_density,test_errors,test_failures,coverage,line_coverage,sqale_index,alert_status,quality_gate_details&includealerts=true:I/O error on GET request for "http://localhost:9000/api/measures/component?format=json&componentId=AWp8RGS_qlUkXpY7nlkK&metricKeys=ncloc,violations,new_vulnerabilities,critical_violations,major_violations,blocker_violations,tests,test_success_density,test_errors,test_failures,coverage,line_coverage,sqale_index,alert_status,quality_gate_details&includealerts=true": Read timed out; nested exception is java.net.SocketTimeoutException: Read timed out
2019-06-10 11:42:57,684 ERROR c.c.d.collector.DefaultSonar6Client - Rest Client Exception: http://localhost:9000/api/measures/component?format=json&componentId=AWp8RGS_qlUkXpY7nlkK&metricKeys=ncloc,violations,new_vulnerabilities,critical_violations,major_violations,blocker_violations,tests,test_success_density,test_errors,test_failures,coverage,line_coverage,sqale_index,alert_status,quality_gate_details&includealerts=true:I/O error on GET request for "http://localhost:9000/api/measures/component?format=json&componentId=AWp8RGS_qlUkXpY7nlkK&metricKeys=ncloc,violations,new_vulnerabilities,critical_violations,major_violations,blocker_violations,tests,test_success_density,test_errors,test_failures,coverage,line_coverage,sqale_index,alert_status,quality_gate_details&includealerts=true": Read timed out; nested exception is java.net.SocketTimeoutException: Read timed out
2019-06-10 11:42:57,685 INFO  c.c.d.collector.CollectorTask - Updated                 0       40s
2019-06-10 11:43:17,688 ERROR c.c.d.collector.DefaultSonar6Client - org.springframework.web.client.ResourceAccessException: I/O error on GET request for "http://localhost:9000/api/qualityprofiles/search": Read timed out; nested exception is java.net.SocketTimeoutException: Read timed out
2019-06-10 11:43:17,689 ERROR c.c.d.collector.SonarCollectorTask - org.springframework.web.client.ResourceAccessException: I/O error on GET request for "http://localhost:9000/api/qualityprofiles/search": Read timed out; nested exception is java.net.SocketTimeoutException: Read timed out
2019-06-10 11:43:17,689 INFO  c.c.d.collector.CollectorTask - Finished                        90s
2019-06-10 11:43:17,771 INFO  org.mongodb.driver.connection - Closed connection [connectionId{localValue:2, serverValue:71}] to localhost:27017 because it is past its maximum allowed idle time.
2019-06-10 11:43:17,772 INFO  org.mongodb.driver.connection - Closed connection [connectionId{localValue:3, serverValue:72}] to localhost:27017 because it is past its maximum allowed idle time.
2019-06-10 11:43:17,824 INFO  org.mongodb.driver.connection - Opened connection [connectionId{localValue:7, serverValue:76}] to localhost:27017
2019-06-10 11:43:19,002 INFO  c.c.d.collector.CollectorTask - Running Collector: Sonar
2019-06-10 11:43:19,448 INFO  c.c.d.collector.CollectorTask - -----------------------------------
2019-06-10 11:43:19,448 INFO  c.c.d.collector.CollectorTask - http://localhost:9000
2019-06-10 11:43:19,448 INFO  c.c.d.collector.CollectorTask - -----------------------------------
2019-06-10 11:43:39,451 ERROR c.c.d.collector.DefaultSonar6Client - org.springframework.web.client.ResourceAccessException: I/O error on GET request for "http://localhost:9000/api/components/search?qualifiers=TRK&ps=500": Read timed out; nested exception is java.net.SocketTimeoutException: Read timed out
2019-06-10 11:43:39,451 INFO  c.c.d.collector.CollectorTask - Fetched projects   0            20s
2019-06-10 11:43:39,452 INFO  c.c.d.collector.CollectorTask - New projects            0        0s
2019-06-10 11:43:39,455 INFO  c.c.d.collector.CollectorTask - Updated                 0        0s
2019-06-10 11:43:55,903 INFO  c.c.d.collector.CollectorTask - Finished                        36s
2019-06-10 11:43:56,001 INFO  c.c.d.collector.CollectorTask - Running Collector: Sonar
2019-06-10 11:43:56,203 INFO  c.c.d.collector.CollectorTask - -----------------------------------
2019-06-10 11:43:56,203 INFO  c.c.d.collector.CollectorTask - http://localhost:9000
2019-06-10 11:43:56,204 INFO  c.c.d.collector.CollectorTask - -----------------------------------
2019-06-10 11:43:58,756 INFO  c.c.d.collector.CollectorTask - Fetched projects   2             2s
2019-06-10 11:43:59,231 INFO  c.c.d.collector.CollectorTask - New projects            2        0s
2019-06-10 11:43:59,233 INFO  c.c.d.collector.CollectorTask - Updated                 0        0s
2019-06-10 11:44:16,382 INFO  c.c.d.collector.CollectorTask - Finished                        20s
2019-06-10 11:44:17,002 INFO  c.c.d.collector.CollectorTask - Running Collector: Sonar
2019-06-10 11:44:17,403 INFO  c.c.d.collector.CollectorTask - -----------------------------------
2019-06-10 11:44:17,403 INFO  c.c.d.collector.CollectorTask - http://localhost:9000
2019-06-10 11:44:17,404 INFO  c.c.d.collector.CollectorTask - -----------------------------------
2019-06-10 11:44:22,271 INFO  c.c.d.collector.CollectorTask - Fetched projects   2             5s
2019-06-10 11:44:23,202 INFO  c.c.d.collector.CollectorTask - New projects            0        0s
2019-06-10 11:44:23,204 INFO  c.c.d.collector.CollectorTask - Updated                 0        0s
2019-06-10 11:44:32,028 INFO  c.c.d.collector.CollectorTask - Finished                        14s
2019-06-10 11:44:33,002 INFO  c.c.d.collector.CollectorTask - Running Collector: Sonar
2019-06-10 11:44:33,827 INFO  c.c.d.collector.CollectorTask - -----------------------------------
2019-06-10 11:44:33,966 INFO  c.c.d.collector.CollectorTask - http://localhost:9000
2019-06-10 11:44:34,264 INFO  c.c.d.collector.CollectorTask - -----------------------------------
2019-06-10 11:44:37,286 INFO  c.c.d.collector.CollectorTask - Fetched projects   2             4s
2019-06-10 11:44:37,320 INFO  c.c.d.collector.CollectorTask - New projects            0        0s
2019-06-10 11:44:37,499 INFO  c.c.d.collector.CollectorTask - Updated                 0        0s
2019-06-10 11:44:59,330 INFO  c.c.d.collector.CollectorTask - Finished                        26s
2019-06-10 11:45:00,002 INFO  c.c.d.collector.CollectorTask - Running Collector: Sonar
2019-06-10 11:45:00,013 INFO  c.c.d.collector.CollectorTask - -----------------------------------
2019-06-10 11:45:00,013 INFO  c.c.d.collector.CollectorTask - http://localhost:9000
2019-06-10 11:45:00,014 INFO  c.c.d.collector.CollectorTask - -----------------------------------
2019-06-10 11:45:06,709 INFO  c.c.d.collector.CollectorTask - Fetched projects   2             6s
2019-06-10 11:45:06,855 INFO  c.c.d.collector.CollectorTask - New projects            0        0s
2019-06-10 11:45:06,858 INFO  c.c.d.collector.CollectorTask - Updated                 0        0s
2019-06-10 11:45:28,784 INFO  c.c.d.collector.CollectorTask - Finished                        28s
2019-06-10 11:45:30,002 INFO  c.c.d.collector.CollectorTask - Running Collector: Sonar
2019-06-10 11:45:31,663 INFO  c.c.d.collector.CollectorTask - -----------------------------------
2019-06-10 11:45:31,663 INFO  c.c.d.collector.CollectorTask - http://localhost:9000
2019-06-10 11:45:31,664 INFO  c.c.d.collector.CollectorTask - -----------------------------------
2019-06-10 11:45:35,283 INFO  c.c.d.collector.CollectorTask - Fetched projects   2             5s
2019-06-10 11:45:35,308 INFO  c.c.d.collector.CollectorTask - New projects            0        0s
2019-06-10 11:45:35,459 INFO  c.c.d.collector.CollectorTask - Updated                 0        0s
2019-06-10 11:45:43,953 INFO  c.c.d.collector.CollectorTask - Finished                        13s
2019-06-10 11:45:45,001 INFO  c.c.d.collector.CollectorTask - Running Collector: Sonar
2019-06-10 11:45:46,166 INFO  c.c.d.collector.CollectorTask - -----------------------------------
2019-06-10 11:45:46,167 INFO  c.c.d.collector.CollectorTask - http://localhost:9000
2019-06-10 11:45:46,167 INFO  c.c.d.collector.CollectorTask - -----------------------------------
2019-06-10 11:45:47,866 INFO  c.c.d.collector.CollectorTask - Fetched projects   2             2s
2019-06-10 11:45:47,917 INFO  c.c.d.collector.CollectorTask - New projects            0        0s
2019-06-10 11:45:48,172 INFO  c.c.d.collector.CollectorTask - Updated                 0        0s
2019-06-10 11:45:55,448 INFO  c.c.d.collector.CollectorTask - Finished                         9s
2019-06-10 11:45:56,000 INFO  c.c.d.collector.CollectorTask - Running Collector: Sonar
2019-06-10 11:45:56,653 INFO  c.c.d.collector.CollectorTask - -----------------------------------
2019-06-10 11:45:56,654 INFO  c.c.d.collector.CollectorTask - http://localhost:9000
2019-06-10 11:45:56,759 INFO  c.c.d.collector.CollectorTask - -----------------------------------
2019-06-10 11:45:58,463 INFO  c.c.d.collector.CollectorTask - Fetched projects   2             2s
2019-06-10 11:45:58,536 INFO  c.c.d.collector.CollectorTask - New projects            0        0s
2019-06-10 11:45:58,537 INFO  c.c.d.collector.CollectorTask - Updated                 0        0s
2019-06-10 11:46:05,996 INFO  c.c.d.collector.CollectorTask - Finished                         9s
2019-06-10 11:46:06,001 INFO  c.c.d.collector.CollectorTask - Running Collector: Sonar
2019-06-10 11:46:06,485 INFO  c.c.d.collector.CollectorTask - -----------------------------------
2019-06-10 11:46:06,601 INFO  c.c.d.collector.CollectorTask - http://localhost:9000
2019-06-10 11:46:06,711 INFO  c.c.d.collector.CollectorTask - -----------------------------------
2019-06-10 11:46:07,959 INFO  c.c.d.collector.CollectorTask - Fetched projects   2             1s
2019-06-10 11:46:07,963 INFO  c.c.d.collector.CollectorTask - New projects            0        0s
2019-06-10 11:46:08,071 INFO  c.c.d.collector.CollectorTask - Updated                 0        0s
2019-06-10 11:46:14,880 INFO  c.c.d.collector.CollectorTask - Finished                         8s
2019-06-10 11:46:15,001 INFO  c.c.d.collector.CollectorTask - Running Collector: Sonar
2019-06-10 11:46:15,469 INFO  c.c.d.collector.CollectorTask - -----------------------------------
2019-06-10 11:46:15,469 INFO  c.c.d.collector.CollectorTask - http://localhost:9000
2019-06-10 11:46:15,469 INFO  c.c.d.collector.CollectorTask - -----------------------------------
2019-06-10 11:46:17,392 INFO  c.c.d.collector.CollectorTask - Fetched projects   2             2s
2019-06-10 11:46:17,395 INFO  c.c.d.collector.CollectorTask - New projects            0        0s
2019-06-10 11:46:17,396 INFO  c.c.d.collector.CollectorTask - Updated                 0        0s
2019-06-10 11:46:25,401 INFO  c.c.d.collector.CollectorTask - Finished                        10s
2019-06-10 11:46:26,001 INFO  c.c.d.collector.CollectorTask - Running Collector: Sonar
2019-06-10 11:46:26,742 INFO  c.c.d.collector.CollectorTask - -----------------------------------
2019-06-10 11:46:26,742 INFO  c.c.d.collector.CollectorTask - http://localhost:9000
2019-06-10 11:46:26,743 INFO  c.c.d.collector.CollectorTask - -----------------------------------
2019-06-10 11:46:27,643 INFO  c.c.d.collector.CollectorTask - Fetched projects   2             1s
2019-06-10 11:46:27,694 INFO  c.c.d.collector.CollectorTask - New projects            0        0s
2019-06-10 11:46:27,702 INFO  c.c.d.collector.CollectorTask - Updated                 0        0s
2019-06-10 11:46:33,642 INFO  c.c.d.collector.CollectorTask - Finished                         7s
2019-06-10 11:46:34,002 INFO  c.c.d.collector.CollectorTask - Running Collector: Sonar
2019-06-10 11:46:34,173 INFO  c.c.d.collector.CollectorTask - -----------------------------------
2019-06-10 11:46:34,174 INFO  c.c.d.collector.CollectorTask - http://localhost:9000
2019-06-10 11:46:34,174 INFO  c.c.d.collector.CollectorTask - -----------------------------------
2019-06-10 11:46:35,241 INFO  c.c.d.collector.CollectorTask - Fetched projects   2             1s
2019-06-10 11:46:35,357 INFO  c.c.d.collector.CollectorTask - New projects            0        0s
2019-06-10 11:46:35,359 INFO  c.c.d.collector.CollectorTask - Updated                 0        0s
2019-06-10 11:46:41,436 INFO  c.c.d.collector.CollectorTask - Finished                         7s
2019-06-10 11:46:42,002 INFO  c.c.d.collector.CollectorTask - Running Collector: Sonar
2019-06-10 11:46:42,392 INFO  c.c.d.collector.CollectorTask - -----------------------------------
2019-06-10 11:46:42,449 INFO  c.c.d.collector.CollectorTask - http://localhost:9000
2019-06-10 11:46:42,449 INFO  c.c.d.collector.CollectorTask - -----------------------------------
2019-06-10 11:46:44,862 INFO  c.c.d.collector.CollectorTask - Fetched projects   2             2s
2019-06-10 11:46:44,876 INFO  c.c.d.collector.CollectorTask - New projects            0        0s
2019-06-10 11:46:44,955 INFO  c.c.d.collector.CollectorTask - Updated                 0        0s
2019-06-10 11:46:51,391 INFO  c.c.d.collector.CollectorTask - Finished                         9s
2019-06-10 11:46:52,001 INFO  c.c.d.collector.CollectorTask - Running Collector: Sonar
2019-06-10 11:46:52,520 INFO  c.c.d.collector.CollectorTask - -----------------------------------
2019-06-10 11:46:52,521 INFO  c.c.d.collector.CollectorTask - http://localhost:9000
2019-06-10 11:46:52,522 INFO  c.c.d.collector.CollectorTask - -----------------------------------
2019-06-10 11:46:53,188 INFO  c.c.d.collector.CollectorTask - Fetched projects   2             1s
2019-06-10 11:46:53,210 INFO  c.c.d.collector.CollectorTask - New projects            0        0s
2019-06-10 11:46:53,211 INFO  c.c.d.collector.CollectorTask - Updated                 0        0s
2019-06-10 11:46:59,315 INFO  c.c.d.collector.CollectorTask - Finished                         7s
2019-06-10 11:47:00,001 INFO  c.c.d.collector.CollectorTask - Running Collector: Sonar
2019-06-10 11:47:00,231 INFO  c.c.d.collector.CollectorTask - -----------------------------------
2019-06-10 11:47:00,231 INFO  c.c.d.collector.CollectorTask - http://localhost:9000
2019-06-10 11:47:00,231 INFO  c.c.d.collector.CollectorTask - -----------------------------------
2019-06-10 11:47:01,015 INFO  c.c.d.collector.CollectorTask - Fetched projects   2             0s
2019-06-10 11:47:01,358 INFO  c.c.d.collector.CollectorTask - New projects            0        0s
2019-06-10 11:47:01,374 INFO  c.c.d.collector.CollectorTask - Updated                 0        0s
2019-06-10 11:47:07,295 INFO  c.c.d.collector.CollectorTask - Finished                         7s
2019-06-10 11:47:08,001 INFO  c.c.d.collector.CollectorTask - Running Collector: Sonar
2019-06-10 11:47:08,037 INFO  c.c.d.collector.CollectorTask - -----------------------------------
2019-06-10 11:47:08,037 INFO  c.c.d.collector.CollectorTask - http://localhost:9000
2019-06-10 11:47:08,066 INFO  c.c.d.collector.CollectorTask - -----------------------------------
2019-06-10 11:47:15,637 INFO  c.c.d.collector.CollectorTask - Fetched projects   2             7s
2019-06-10 11:47:15,651 INFO  c.c.d.collector.CollectorTask - New projects            0        0s
2019-06-10 11:47:15,651 INFO  c.c.d.collector.CollectorTask - Updated                 0        0s
2019-06-10 11:47:21,656 INFO  c.c.d.collector.CollectorTask - Finished                        13s
2019-06-10 11:47:22,000 INFO  c.c.d.collector.CollectorTask - Running Collector: Sonar
2019-06-10 11:47:22,704 INFO  c.c.d.collector.CollectorTask - -----------------------------------
2019-06-10 11:47:22,767 INFO  c.c.d.collector.CollectorTask - http://localhost:9000
2019-06-10 11:47:22,774 INFO  c.c.d.collector.CollectorTask - -----------------------------------
2019-06-10 11:47:23,880 INFO  c.c.d.collector.CollectorTask - Fetched projects   2             1s
2019-06-10 11:47:23,912 INFO  c.c.d.collector.CollectorTask - New projects            0        0s
2019-06-10 11:47:23,945 INFO  c.c.d.collector.CollectorTask - Updated                 0        0s
2019-06-10 11:47:30,143 INFO  c.c.d.collector.CollectorTask - Finished                         8s
2019-06-10 11:47:31,001 INFO  c.c.d.collector.CollectorTask - Running Collector: Sonar
2019-06-10 11:47:31,440 INFO  c.c.d.collector.CollectorTask - -----------------------------------
2019-06-10 11:47:31,454 INFO  c.c.d.collector.CollectorTask - http://localhost:9000
2019-06-10 11:47:31,454 INFO  c.c.d.collector.CollectorTask - -----------------------------------
2019-06-10 11:47:32,557 INFO  c.c.d.collector.CollectorTask - Fetched projects   2             1s
2019-06-10 11:47:32,572 INFO  c.c.d.collector.CollectorTask - New projects            0        0s
2019-06-10 11:47:32,573 INFO  c.c.d.collector.CollectorTask - Updated                 0        0s
2019-06-10 11:47:38,978 INFO  c.c.d.collector.CollectorTask - Finished                         7s
2019-06-10 11:47:39,001 INFO  c.c.d.collector.CollectorTask - Running Collector: Sonar
2019-06-10 11:47:39,572 INFO  c.c.d.collector.CollectorTask - -----------------------------------
2019-06-10 11:47:39,573 INFO  c.c.d.collector.CollectorTask - http://localhost:9000
2019-06-10 11:47:39,573 INFO  c.c.d.collector.CollectorTask - -----------------------------------
2019-06-10 11:47:40,356 INFO  c.c.d.collector.CollectorTask - Fetched projects   2             1s
2019-06-10 11:47:40,385 INFO  c.c.d.collector.CollectorTask - New projects            0        0s
2019-06-10 11:47:40,469 INFO  c.c.d.collector.CollectorTask - Updated                 0        0s
2019-06-10 11:47:46,239 INFO  c.c.d.collector.CollectorTask - Finished                         7s
2019-06-10 11:47:47,002 INFO  c.c.d.collector.CollectorTask - Running Collector: Sonar
2019-06-10 11:47:47,265 INFO  c.c.d.collector.CollectorTask - -----------------------------------
2019-06-10 11:47:47,266 INFO  c.c.d.collector.CollectorTask - http://localhost:9000
2019-06-10 11:47:47,266 INFO  c.c.d.collector.CollectorTask - -----------------------------------
2019-06-10 11:47:48,057 INFO  c.c.d.collector.CollectorTask - Fetched projects   2             1s
2019-06-10 11:47:48,125 INFO  c.c.d.collector.CollectorTask - New projects            0        0s
2019-06-10 11:47:48,127 INFO  c.c.d.collector.CollectorTask - Updated                 0        0s
2019-06-10 11:47:54,181 INFO  c.c.d.collector.CollectorTask - Finished                         7s
2019-06-10 11:47:55,003 INFO  c.c.d.collector.CollectorTask - Running Collector: Sonar
2019-06-10 11:47:55,205 INFO  c.c.d.collector.CollectorTask - -----------------------------------
2019-06-10 11:47:55,205 INFO  c.c.d.collector.CollectorTask - http://localhost:9000
2019-06-10 11:47:55,206 INFO  c.c.d.collector.CollectorTask - -----------------------------------
2019-06-10 11:47:56,448 INFO  c.c.d.collector.CollectorTask - Fetched projects   2             1s
2019-06-10 11:47:56,459 INFO  c.c.d.collector.CollectorTask - New projects            0        0s
2019-06-10 11:47:56,462 INFO  c.c.d.collector.CollectorTask - Updated                 0        0s
2019-06-10 11:48:03,148 INFO  c.c.d.collector.CollectorTask - Finished                         8s
2019-06-10 11:48:04,002 INFO  c.c.d.collector.CollectorTask - Running Collector: Sonar
2019-06-10 11:48:04,404 INFO  c.c.d.collector.CollectorTask - -----------------------------------
2019-06-10 11:48:04,404 INFO  c.c.d.collector.CollectorTask - http://localhost:9000
2019-06-10 11:48:04,404 INFO  c.c.d.collector.CollectorTask - -----------------------------------
2019-06-10 11:48:05,132 INFO  c.c.d.collector.CollectorTask - Fetched projects   2             1s
2019-06-10 11:48:05,359 INFO  c.c.d.collector.CollectorTask - New projects            0        0s
2019-06-10 11:48:05,360 INFO  c.c.d.collector.CollectorTask - Updated                 0        0s
2019-06-10 11:48:11,233 INFO  c.c.d.collector.CollectorTask - Finished                         7s
2019-06-10 11:48:12,001 INFO  c.c.d.collector.CollectorTask - Running Collector: Sonar
2019-06-10 11:48:12,631 INFO  c.c.d.collector.CollectorTask - -----------------------------------
2019-06-10 11:48:12,632 INFO  c.c.d.collector.CollectorTask - http://localhost:9000
2019-06-10 11:48:12,632 INFO  c.c.d.collector.CollectorTask - -----------------------------------
2019-06-10 11:48:13,305 INFO  c.c.d.collector.CollectorTask - Fetched projects   2             0s
2019-06-10 11:48:13,441 INFO  c.c.d.collector.CollectorTask - New projects            0        0s
2019-06-10 11:48:13,442 INFO  c.c.d.collector.CollectorTask - Updated                 0        0s
2019-06-10 11:48:19,963 INFO  c.c.d.collector.CollectorTask - Finished                         7s
2019-06-10 11:48:20,001 INFO  c.c.d.collector.CollectorTask - Running Collector: Sonar
2019-06-10 11:48:20,489 INFO  c.c.d.collector.CollectorTask - -----------------------------------
2019-06-10 11:48:20,490 INFO  c.c.d.collector.CollectorTask - http://localhost:9000
2019-06-10 11:48:20,508 INFO  c.c.d.collector.CollectorTask - -----------------------------------
2019-06-10 11:48:21,266 INFO  c.c.d.collector.CollectorTask - Fetched projects   2             1s
2019-06-10 11:48:21,296 INFO  c.c.d.collector.CollectorTask - New projects            0        0s
2019-06-10 11:48:21,297 INFO  c.c.d.collector.CollectorTask - Updated                 0        0s
2019-06-10 11:48:27,209 INFO  c.c.d.collector.CollectorTask - Finished                         7s
2019-06-10 11:48:28,001 INFO  c.c.d.collector.CollectorTask - Running Collector: Sonar
2019-06-10 11:48:28,313 INFO  c.c.d.collector.CollectorTask - -----------------------------------
2019-06-10 11:48:28,313 INFO  c.c.d.collector.CollectorTask - http://localhost:9000
2019-06-10 11:48:28,313 INFO  c.c.d.collector.CollectorTask - -----------------------------------
2019-06-10 11:48:28,978 INFO  c.c.d.collector.CollectorTask - Fetched projects   2             0s
2019-06-10 11:48:28,982 INFO  c.c.d.collector.CollectorTask - New projects            0        0s
2019-06-10 11:48:29,080 INFO  c.c.d.collector.CollectorTask - Updated                 0        0s
2019-06-10 11:48:33,786 INFO  o.s.c.a.AnnotationConfigApplicationContext - Closing org.springframework.context.annotation.AnnotationConfigApplicationContext@73337bde: startup date [Mon Jun 10 11:41:05 IST 2019]; parent: org.springframework.context.annotation.AnnotationConfigApplicationContext@65fa2f4f
2019-06-10 11:48:34,392 INFO  o.s.j.e.a.AnnotationMBeanExporter - Unregistering JMX-exposed beans on shutdown
2019-06-10 11:48:34,429 INFO  o.s.j.e.a.AnnotationMBeanExporter - Unregistering JMX-exposed beans
2019-06-10 11:48:34,901 INFO  o.s.s.c.ThreadPoolTaskScheduler - Shutting down ExecutorService 'taskScheduler'
2019-06-10 11:48:35,184 INFO  c.c.d.collector.CollectorTask - Finished                         7s
