2019-05-23 11:09:27,553 INFO  o.h.validator.internal.util.Version - HV000001: Hibernate Validator 5.2.2.Final
2019-05-23 11:09:27,807 INFO  o.s.c.a.AnnotationConfigApplicationContext - Refreshing org.springframework.context.annotation.AnnotationConfigApplicationContext@3fe6f536: startup date [Thu May 23 11:09:27 IST 2019]; root of context hierarchy
2019-05-23 11:09:30,273 INFO  o.s.b.f.a.AutowiredAnnotationBeanPostProcessor - JSR-330 'javax.inject.Inject' annotation found and supported for autowiring
2019-05-23 11:09:30,911 INFO  o.s.c.s.PostProcessorRegistrationDelegate$BeanPostProcessorChecker - Bean 'configurationPropertiesRebinderAutoConfiguration' of type [class org.springframework.cloud.autoconfigure.ConfigurationPropertiesRebinderAutoConfiguration$$EnhancerBySpringCGLIB$$652e1393] is not eligible for getting processed by all BeanPostProcessors (for example: not eligible for auto-proxying)
2019-05-23 11:09:31,869 INFO  o.s.c.c.c.ConfigServicePropertySourceLocator - Fetching config from server at: http://localhost:8888
2019-05-23 11:09:34,864 WARN  o.s.c.c.c.ConfigServicePropertySourceLocator - Could not locate PropertySource: I/O error on GET request for "http://localhost:8888/application/default": Connection refused: connect; nested exception is java.net.ConnectException: Connection refused: connect
2019-05-23 11:09:34,872 INFO  com.capitalone.dashboard.Application - No profiles are active
2019-05-23 11:09:35,102 INFO  o.s.c.a.AnnotationConfigApplicationContext - Refreshing org.springframework.context.annotation.AnnotationConfigApplicationContext@42dffe0d: startup date [Thu May 23 11:09:35 IST 2019]; parent: org.springframework.context.annotation.AnnotationConfigApplicationContext@3fe6f536
2019-05-23 11:09:47,116 INFO  o.s.cloud.context.scope.GenericScope - BeanFactory id=068cdb36-4c74-353e-bc65-ab2dccc24ad2
2019-05-23 11:09:47,121 INFO  c.u.j.EnableEncryptablePropertySourcesPostProcessor - Post-processing PropertySource instances
2019-05-23 11:09:47,130 INFO  c.u.j.c.StringEncryptorConfiguration - String Encryptor custom Bean not found with name 'jasyptStringEncryptor'. Initializing String Encryptor based on properties with name 'jasyptStringEncryptor'
2019-05-23 11:09:47,140 INFO  c.u.j.EnableEncryptablePropertySourcesPostProcessor - Converting PropertySource commandLineArgs [org.springframework.core.env.SimpleCommandLinePropertySource] to EncryptableEnumerablePropertySourceWrapper
2019-05-23 11:09:47,140 INFO  c.u.j.EnableEncryptablePropertySourcesPostProcessor - Converting PropertySource systemProperties [org.springframework.core.env.MapPropertySource] to EncryptableMapPropertySourceWrapper
2019-05-23 11:09:47,141 INFO  c.u.j.EnableEncryptablePropertySourcesPostProcessor - Converting PropertySource systemEnvironment [org.springframework.core.env.SystemEnvironmentPropertySource] to EncryptableMapPropertySourceWrapper
2019-05-23 11:09:47,145 INFO  c.u.j.EnableEncryptablePropertySourcesPostProcessor - Converting PropertySource random [org.springframework.boot.context.config.RandomValuePropertySource] to EncryptablePropertySourceWrapper
2019-05-23 11:09:47,145 INFO  c.u.j.EnableEncryptablePropertySourcesPostProcessor - Converting PropertySource applicationConfig: [file:sonar.properties] [org.springframework.core.env.PropertiesPropertySource] to EncryptableMapPropertySourceWrapper
2019-05-23 11:09:47,146 INFO  c.u.j.EnableEncryptablePropertySourcesPostProcessor - Converting PropertySource applicationConfig: [file:./sonar.properties] [org.springframework.core.env.PropertiesPropertySource] to EncryptableMapPropertySourceWrapper
2019-05-23 11:09:47,146 INFO  c.u.j.EnableEncryptablePropertySourcesPostProcessor - Converting PropertySource springCloudClientHostInfo [org.springframework.core.env.MapPropertySource] to EncryptableMapPropertySourceWrapper
2019-05-23 11:09:47,149 INFO  c.u.j.EnableEncryptablePropertySourcesPostProcessor - Converting PropertySource defaultProperties [org.springframework.core.env.MapPropertySource] to EncryptableMapPropertySourceWrapper
2019-05-23 11:09:47,156 INFO  o.s.b.f.a.AutowiredAnnotationBeanPostProcessor - JSR-330 'javax.inject.Inject' annotation found and supported for autowiring
2019-05-23 11:09:47,193 INFO  o.s.c.s.PostProcessorRegistrationDelegate$BeanPostProcessorChecker - Bean 'org.springframework.cloud.autoconfigure.ConfigurationPropertiesRebinderAutoConfiguration' of type [class org.springframework.cloud.autoconfigure.ConfigurationPropertiesRebinderAutoConfiguration$$EnhancerBySpringCGLIB$$652e1393] is not eligible for getting processed by all BeanPostProcessors (for example: not eligible for auto-proxying)
2019-05-23 11:09:59,650 INFO  o.s.s.c.ThreadPoolTaskScheduler - Initializing ExecutorService  'taskScheduler'
2019-05-23 11:10:00,001 INFO  c.c.dashboard.config.MongoConfig - ReplicaSetfalse
2019-05-23 11:10:00,185 INFO  c.c.dashboard.config.MongoConfig - Initializing Mongo Client server at: localhost:27017
2019-05-23 11:10:00,543 INFO  org.mongodb.driver.cluster - Cluster created with settings {hosts=[localhost:27017], mode=SINGLE, requiredClusterType=UNKNOWN, serverSelectionTimeout='30000 ms', maxWaitQueueSize=500}
2019-05-23 11:10:00,936 INFO  c.c.dashboard.config.MongoConfig - Connecting to Mongo: Mongo{options=MongoClientOptions{description='null', readPreference=primary, writeConcern=WriteConcern{w=1, wtimeout=0, fsync=false, j=false, codecRegistry=org.bson.codecs.configuration.ProvidersCodecRegistry@e9a3e9d5, minConnectionsPerHost=0, maxConnectionsPerHost=100, threadsAllowedToBlockForConnectionMultiplier=5, serverSelectionTimeout=30000, maxWaitTime=120000, maxConnectionIdleTime=60000, maxConnectionLifeTime=0, connectTimeout=10000, socketTimeout=0, socketKeepAlive=false, sslEnabled=false, sslInvalidHostNamesAllowed=false, alwaysUseMBeans=false, heartbeatFrequency=10000, minHeartbeatFrequency=500, heartbeatConnectTimeout=20000, heartbeatSocketTimeout=20000, localThreshold=15, requiredReplicaSetName='null', dbDecoderFactory=com.mongodb.DefaultDBDecoder$1@191ca8a4, dbEncoderFactory=com.mongodb.DefaultDBEncoder$1@5516a7da, socketFactory=javax.net.DefaultSocketFactory@59febfec, cursorFinalizerEnabled=true, connectionPoolSettings=ConnectionPoolSettings{maxSize=100, minSize=0, maxWaitQueueSize=500, maxWaitTimeMS=120000, maxConnectionLifeTimeMS=0, maxConnectionIdleTimeMS=60000, maintenanceInitialDelayMS=0, maintenanceFrequencyMS=60000}, socketSettings=SocketSettings{connectTimeoutMS=10000, readTimeoutMS=0, keepAlive=false, receiveBufferSize=0, sendBufferSize=0}, serverSettings=ServerSettings{heartbeatFrequencyMS=10000, minHeartbeatFrequencyMS=500}, heartbeatSocketSettings=SocketSettings{connectTimeoutMS=20000, readTimeoutMS=20000, keepAlive=false, receiveBufferSize=0, sendBufferSize=0}}}
2019-05-23 11:10:02,635 INFO  org.mongodb.driver.connection - Opened connection [connectionId{localValue:1, serverValue:419}] to localhost:27017
2019-05-23 11:10:02,672 INFO  org.mongodb.driver.cluster - Monitor thread successfully connected to server with description ServerDescription{address=localhost:27017, type=STANDALONE, state=CONNECTED, ok=true, version=ServerVersion{versionList=[4, 0, 6]}, minWireVersion=0, maxWireVersion=7, electionId=null, maxDocumentSize=16777216, roundTripTimeNanos=1138871}
2019-05-23 11:10:04,287 INFO  c.c.d.collector.CollectorTask - Running Collector: Sonar
2019-05-23 11:10:04,320 INFO  org.mongodb.driver.connection - Opened connection [connectionId{localValue:2, serverValue:426}] to localhost:27017
2019-05-23 11:10:04,568 INFO  org.mongodb.driver.connection - Opened connection [connectionId{localValue:3, serverValue:427}] to localhost:27017
2019-05-23 11:10:06,527 INFO  c.c.dashboard.config.MongoConfig - ReplicaSetfalse
2019-05-23 11:10:06,552 INFO  c.c.dashboard.config.MongoConfig - Initializing Mongo Client server at: localhost:27017
2019-05-23 11:10:06,554 INFO  org.mongodb.driver.cluster - Cluster created with settings {hosts=[localhost:27017], mode=SINGLE, requiredClusterType=UNKNOWN, serverSelectionTimeout='30000 ms', maxWaitQueueSize=500}
2019-05-23 11:10:06,557 INFO  c.c.dashboard.config.MongoConfig - Connecting to Mongo: Mongo{options=MongoClientOptions{description='null', readPreference=primary, writeConcern=WriteConcern{w=1, wtimeout=0, fsync=false, j=false, codecRegistry=org.bson.codecs.configuration.ProvidersCodecRegistry@e9a3e9d5, minConnectionsPerHost=0, maxConnectionsPerHost=100, threadsAllowedToBlockForConnectionMultiplier=5, serverSelectionTimeout=30000, maxWaitTime=120000, maxConnectionIdleTime=60000, maxConnectionLifeTime=0, connectTimeout=10000, socketTimeout=0, socketKeepAlive=false, sslEnabled=false, sslInvalidHostNamesAllowed=false, alwaysUseMBeans=false, heartbeatFrequency=10000, minHeartbeatFrequency=500, heartbeatConnectTimeout=20000, heartbeatSocketTimeout=20000, localThreshold=15, requiredReplicaSetName='null', dbDecoderFactory=com.mongodb.DefaultDBDecoder$1@191ca8a4, dbEncoderFactory=com.mongodb.DefaultDBEncoder$1@5516a7da, socketFactory=javax.net.DefaultSocketFactory@59febfec, cursorFinalizerEnabled=true, connectionPoolSettings=ConnectionPoolSettings{maxSize=100, minSize=0, maxWaitQueueSize=500, maxWaitTimeMS=120000, maxConnectionLifeTimeMS=0, maxConnectionIdleTimeMS=60000, maintenanceInitialDelayMS=0, maintenanceFrequencyMS=60000}, socketSettings=SocketSettings{connectTimeoutMS=10000, readTimeoutMS=0, keepAlive=false, receiveBufferSize=0, sendBufferSize=0}, serverSettings=ServerSettings{heartbeatFrequencyMS=10000, minHeartbeatFrequencyMS=500}, heartbeatSocketSettings=SocketSettings{connectTimeoutMS=20000, readTimeoutMS=20000, keepAlive=false, receiveBufferSize=0, sendBufferSize=0}}}
2019-05-23 11:10:06,839 INFO  org.mongodb.driver.connection - Opened connection [connectionId{localValue:4, serverValue:429}] to localhost:27017
2019-05-23 11:10:06,840 INFO  org.mongodb.driver.cluster - Monitor thread successfully connected to server with description ServerDescription{address=localhost:27017, type=STANDALONE, state=CONNECTED, ok=true, version=ServerVersion{versionList=[4, 0, 6]}, minWireVersion=0, maxWireVersion=7, electionId=null, maxDocumentSize=16777216, roundTripTimeNanos=348262}
2019-05-23 11:10:06,872 INFO  c.c.dashboard.config.MongoConfig - ReplicaSetfalse
2019-05-23 11:10:06,875 INFO  c.c.dashboard.config.MongoConfig - Initializing Mongo Client server at: localhost:27017
2019-05-23 11:10:06,877 INFO  org.mongodb.driver.cluster - Cluster created with settings {hosts=[localhost:27017], mode=SINGLE, requiredClusterType=UNKNOWN, serverSelectionTimeout='30000 ms', maxWaitQueueSize=500}
2019-05-23 11:10:06,883 INFO  c.c.dashboard.config.MongoConfig - Connecting to Mongo: Mongo{options=MongoClientOptions{description='null', readPreference=primary, writeConcern=WriteConcern{w=1, wtimeout=0, fsync=false, j=false, codecRegistry=org.bson.codecs.configuration.ProvidersCodecRegistry@e9a3e9d5, minConnectionsPerHost=0, maxConnectionsPerHost=100, threadsAllowedToBlockForConnectionMultiplier=5, serverSelectionTimeout=30000, maxWaitTime=120000, maxConnectionIdleTime=60000, maxConnectionLifeTime=0, connectTimeout=10000, socketTimeout=0, socketKeepAlive=false, sslEnabled=false, sslInvalidHostNamesAllowed=false, alwaysUseMBeans=false, heartbeatFrequency=10000, minHeartbeatFrequency=500, heartbeatConnectTimeout=20000, heartbeatSocketTimeout=20000, localThreshold=15, requiredReplicaSetName='null', dbDecoderFactory=com.mongodb.DefaultDBDecoder$1@191ca8a4, dbEncoderFactory=com.mongodb.DefaultDBEncoder$1@5516a7da, socketFactory=javax.net.DefaultSocketFactory@59febfec, cursorFinalizerEnabled=true, connectionPoolSettings=ConnectionPoolSettings{maxSize=100, minSize=0, maxWaitQueueSize=500, maxWaitTimeMS=120000, maxConnectionLifeTimeMS=0, maxConnectionIdleTimeMS=60000, maintenanceInitialDelayMS=0, maintenanceFrequencyMS=60000}, socketSettings=SocketSettings{connectTimeoutMS=10000, readTimeoutMS=0, keepAlive=false, receiveBufferSize=0, sendBufferSize=0}, serverSettings=ServerSettings{heartbeatFrequencyMS=10000, minHeartbeatFrequencyMS=500}, heartbeatSocketSettings=SocketSettings{connectTimeoutMS=20000, readTimeoutMS=20000, keepAlive=false, receiveBufferSize=0, sendBufferSize=0}}}
2019-05-23 11:10:06,915 INFO  org.mongodb.driver.connection - Opened connection [connectionId{localValue:5, serverValue:430}] to localhost:27017
2019-05-23 11:10:06,929 INFO  org.mongodb.driver.cluster - Monitor thread successfully connected to server with description ServerDescription{address=localhost:27017, type=STANDALONE, state=CONNECTED, ok=true, version=ServerVersion{versionList=[4, 0, 6]}, minWireVersion=0, maxWireVersion=7, electionId=null, maxDocumentSize=16777216, roundTripTimeNanos=517105}
2019-05-23 11:10:07,302 INFO  c.c.d.collector.CollectorTask - -----------------------------------
2019-05-23 11:10:07,906 INFO  c.c.d.collector.CollectorTask - http://localhost:9000
2019-05-23 11:10:07,908 INFO  c.c.d.collector.CollectorTask - -----------------------------------
2019-05-23 11:10:08,475 INFO  c.c.dashboard.config.MongoConfig - ReplicaSetfalse
2019-05-23 11:10:08,497 INFO  c.c.dashboard.config.MongoConfig - Initializing Mongo Client server at: localhost:27017
2019-05-23 11:10:08,498 INFO  org.mongodb.driver.cluster - Cluster created with settings {hosts=[localhost:27017], mode=SINGLE, requiredClusterType=UNKNOWN, serverSelectionTimeout='30000 ms', maxWaitQueueSize=500}
2019-05-23 11:10:08,503 INFO  c.c.dashboard.config.MongoConfig - Connecting to Mongo: Mongo{options=MongoClientOptions{description='null', readPreference=primary, writeConcern=WriteConcern{w=1, wtimeout=0, fsync=false, j=false, codecRegistry=org.bson.codecs.configuration.ProvidersCodecRegistry@e9a3e9d5, minConnectionsPerHost=0, maxConnectionsPerHost=100, threadsAllowedToBlockForConnectionMultiplier=5, serverSelectionTimeout=30000, maxWaitTime=120000, maxConnectionIdleTime=60000, maxConnectionLifeTime=0, connectTimeout=10000, socketTimeout=0, socketKeepAlive=false, sslEnabled=false, sslInvalidHostNamesAllowed=false, alwaysUseMBeans=false, heartbeatFrequency=10000, minHeartbeatFrequency=500, heartbeatConnectTimeout=20000, heartbeatSocketTimeout=20000, localThreshold=15, requiredReplicaSetName='null', dbDecoderFactory=com.mongodb.DefaultDBDecoder$1@191ca8a4, dbEncoderFactory=com.mongodb.DefaultDBEncoder$1@5516a7da, socketFactory=javax.net.DefaultSocketFactory@59febfec, cursorFinalizerEnabled=true, connectionPoolSettings=ConnectionPoolSettings{maxSize=100, minSize=0, maxWaitQueueSize=500, maxWaitTimeMS=120000, maxConnectionLifeTimeMS=0, maxConnectionIdleTimeMS=60000, maintenanceInitialDelayMS=0, maintenanceFrequencyMS=60000}, socketSettings=SocketSettings{connectTimeoutMS=10000, readTimeoutMS=0, keepAlive=false, receiveBufferSize=0, sendBufferSize=0}, serverSettings=ServerSettings{heartbeatFrequencyMS=10000, minHeartbeatFrequencyMS=500}, heartbeatSocketSettings=SocketSettings{connectTimeoutMS=20000, readTimeoutMS=20000, keepAlive=false, receiveBufferSize=0, sendBufferSize=0}}}
2019-05-23 11:10:09,191 INFO  org.mongodb.driver.connection - Opened connection [connectionId{localValue:6, serverValue:431}] to localhost:27017
2019-05-23 11:10:09,253 INFO  org.mongodb.driver.cluster - Monitor thread successfully connected to server with description ServerDescription{address=localhost:27017, type=STANDALONE, state=CONNECTED, ok=true, version=ServerVersion{versionList=[4, 0, 6]}, minWireVersion=0, maxWireVersion=7, electionId=null, maxDocumentSize=16777216, roundTripTimeNanos=12683298}
2019-05-23 11:10:12,815 INFO  o.s.j.e.a.AnnotationMBeanExporter - Registering beans for JMX exposure on startup
2019-05-23 11:10:12,835 INFO  o.s.j.e.a.AnnotationMBeanExporter - Bean with name 'configurationPropertiesRebinder' has been autodetected for JMX exposure
2019-05-23 11:10:12,836 INFO  o.s.j.e.a.AnnotationMBeanExporter - Bean with name 'environmentManager' has been autodetected for JMX exposure
2019-05-23 11:10:12,837 INFO  o.s.j.e.a.AnnotationMBeanExporter - Bean with name 'refreshScope' has been autodetected for JMX exposure
2019-05-23 11:10:12,841 INFO  o.s.j.e.a.AnnotationMBeanExporter - Located managed bean 'environmentManager': registering with JMX server as MBean [org.springframework.cloud.context.environment:name=environmentManager,type=EnvironmentManager]
2019-05-23 11:10:12,862 INFO  o.s.j.e.a.AnnotationMBeanExporter - Located managed bean 'refreshScope': registering with JMX server as MBean [org.springframework.cloud.context.scope.refresh:name=refreshScope,type=RefreshScope]
2019-05-23 11:10:12,872 INFO  o.s.j.e.a.AnnotationMBeanExporter - Located managed bean 'configurationPropertiesRebinder': registering with JMX server as MBean [org.springframework.cloud.context.properties:name=configurationPropertiesRebinder,context=42dffe0d,type=ConfigurationPropertiesRebinder]
2019-05-23 11:10:12,955 INFO  com.capitalone.dashboard.Application - Started Application in 50.622 seconds (JVM running for 58.687)
2019-05-23 11:10:29,085 ERROR c.c.d.collector.DefaultSonar6Client - org.springframework.web.client.ResourceAccessException: I/O error on GET request for "http://localhost:9000/api/components/search?qualifiers=TRK&ps=500": Read timed out; nested exception is java.net.SocketTimeoutException: Read timed out
2019-05-23 11:10:29,097 INFO  c.c.d.collector.CollectorTask - Fetched projects   0            22s
2019-05-23 11:10:29,097 INFO  c.c.d.collector.CollectorTask - New projects            0        0s
2019-05-23 11:10:37,521 INFO  c.c.d.collector.CollectorTask - Updated                 2        8s
2019-05-23 11:10:47,583 INFO  c.c.d.collector.CollectorTask - Finished                        41s
2019-05-23 11:10:48,001 INFO  c.c.d.collector.CollectorTask - Running Collector: Sonar
2019-05-23 11:10:48,016 INFO  c.c.d.collector.CollectorTask - -----------------------------------
2019-05-23 11:10:48,017 INFO  c.c.d.collector.CollectorTask - http://localhost:9000
2019-05-23 11:10:48,018 INFO  c.c.d.collector.CollectorTask - -----------------------------------
2019-05-23 11:10:49,942 INFO  c.c.d.collector.CollectorTask - Fetched projects   2             1s
2019-05-23 11:10:50,013 INFO  c.c.d.collector.CollectorTask - New projects            2        0s
2019-05-23 11:10:50,015 INFO  c.c.d.collector.CollectorTask - Updated                 0        0s
2019-05-23 11:10:57,109 INFO  c.c.d.collector.CollectorTask - Finished                         9s
2019-05-23 11:10:58,002 INFO  c.c.d.collector.CollectorTask - Running Collector: Sonar
2019-05-23 11:10:58,010 INFO  c.c.d.collector.CollectorTask - -----------------------------------
2019-05-23 11:10:58,011 INFO  c.c.d.collector.CollectorTask - http://localhost:9000
2019-05-23 11:10:58,011 INFO  c.c.d.collector.CollectorTask - -----------------------------------
2019-05-23 11:10:58,771 INFO  c.c.d.collector.CollectorTask - Fetched projects   2             0s
2019-05-23 11:10:58,878 INFO  c.c.d.collector.CollectorTask - New projects            0        0s
2019-05-23 11:10:58,880 INFO  c.c.d.collector.CollectorTask - Updated                 0        0s
2019-05-23 11:11:02,759 INFO  o.s.c.a.AnnotationConfigApplicationContext - Closing org.springframework.context.annotation.AnnotationConfigApplicationContext@42dffe0d: startup date [Thu May 23 11:09:35 IST 2019]; parent: org.springframework.context.annotation.AnnotationConfigApplicationContext@3fe6f536
2019-05-23 11:11:02,762 INFO  o.s.j.e.a.AnnotationMBeanExporter - Unregistering JMX-exposed beans on shutdown
2019-05-23 11:11:02,763 INFO  o.s.j.e.a.AnnotationMBeanExporter - Unregistering JMX-exposed beans
2019-05-23 11:11:02,774 INFO  o.s.s.c.ThreadPoolTaskScheduler - Shutting down ExecutorService 'taskScheduler'
