2019-06-06 17:07:57,768 INFO  o.h.validator.internal.util.Version - HV000001: Hibernate Validator 5.2.2.Final
2019-06-06 17:07:57,978 INFO  o.s.c.a.AnnotationConfigApplicationContext - Refreshing org.springframework.context.annotation.AnnotationConfigApplicationContext@3809c3cc: startup date [Thu Jun 06 17:07:57 IST 2019]; root of context hierarchy
2019-06-06 17:07:58,358 INFO  o.s.b.f.a.AutowiredAnnotationBeanPostProcessor - JSR-330 'javax.inject.Inject' annotation found and supported for autowiring
2019-06-06 17:07:58,517 INFO  o.s.c.s.PostProcessorRegistrationDelegate$BeanPostProcessorChecker - Bean 'configurationPropertiesRebinderAutoConfiguration' of type [class org.springframework.cloud.autoconfigure.ConfigurationPropertiesRebinderAutoConfiguration$$EnhancerBySpringCGLIB$$24150093] is not eligible for getting processed by all BeanPostProcessors (for example: not eligible for auto-proxying)
2019-06-06 17:07:58,912 INFO  o.s.c.c.c.ConfigServicePropertySourceLocator - Fetching config from server at: http://localhost:8888
2019-06-06 17:08:00,100 WARN  o.s.c.c.c.ConfigServicePropertySourceLocator - Could not locate PropertySource: I/O error on GET request for "http://localhost:8888/application/default": Connection refused: connect; nested exception is java.net.ConnectException: Connection refused: connect
2019-06-06 17:08:00,101 INFO  com.capitalone.dashboard.Application - No profiles are active
2019-06-06 17:08:00,132 INFO  o.s.c.a.AnnotationConfigApplicationContext - Refreshing org.springframework.context.annotation.AnnotationConfigApplicationContext@19f0dc2e: startup date [Thu Jun 06 17:08:00 IST 2019]; parent: org.springframework.context.annotation.AnnotationConfigApplicationContext@3809c3cc
2019-06-06 17:08:01,932 INFO  o.s.cloud.context.scope.GenericScope - BeanFactory id=dc341944-9a12-368f-928c-4e3abef0077f
2019-06-06 17:08:01,937 INFO  c.u.j.EnableEncryptablePropertySourcesPostProcessor - Post-processing PropertySource instances
2019-06-06 17:08:01,948 INFO  c.u.j.c.StringEncryptorConfiguration - String Encryptor custom Bean not found with name 'jasyptStringEncryptor'. Initializing String Encryptor based on properties with name 'jasyptStringEncryptor'
2019-06-06 17:08:01,959 INFO  c.u.j.EnableEncryptablePropertySourcesPostProcessor - Converting PropertySource commandLineArgs [org.springframework.core.env.SimpleCommandLinePropertySource] to EncryptableEnumerablePropertySourceWrapper
2019-06-06 17:08:01,960 INFO  c.u.j.EnableEncryptablePropertySourcesPostProcessor - Converting PropertySource systemProperties [org.springframework.core.env.MapPropertySource] to EncryptableMapPropertySourceWrapper
2019-06-06 17:08:01,961 INFO  c.u.j.EnableEncryptablePropertySourcesPostProcessor - Converting PropertySource systemEnvironment [org.springframework.core.env.SystemEnvironmentPropertySource] to EncryptableMapPropertySourceWrapper
2019-06-06 17:08:01,966 INFO  c.u.j.EnableEncryptablePropertySourcesPostProcessor - Converting PropertySource random [org.springframework.boot.context.config.RandomValuePropertySource] to EncryptablePropertySourceWrapper
2019-06-06 17:08:01,968 INFO  c.u.j.EnableEncryptablePropertySourcesPostProcessor - Converting PropertySource applicationConfig: [file:github.properties] [org.springframework.core.env.PropertiesPropertySource] to EncryptableMapPropertySourceWrapper
2019-06-06 17:08:01,971 INFO  c.u.j.EnableEncryptablePropertySourcesPostProcessor - Converting PropertySource applicationConfig: [file:./github.properties] [org.springframework.core.env.PropertiesPropertySource] to EncryptableMapPropertySourceWrapper
2019-06-06 17:08:01,972 INFO  c.u.j.EnableEncryptablePropertySourcesPostProcessor - Converting PropertySource springCloudClientHostInfo [org.springframework.core.env.MapPropertySource] to EncryptableMapPropertySourceWrapper
2019-06-06 17:08:01,972 INFO  c.u.j.EnableEncryptablePropertySourcesPostProcessor - Converting PropertySource defaultProperties [org.springframework.core.env.MapPropertySource] to EncryptableMapPropertySourceWrapper
2019-06-06 17:08:01,975 INFO  o.s.b.f.a.AutowiredAnnotationBeanPostProcessor - JSR-330 'javax.inject.Inject' annotation found and supported for autowiring
2019-06-06 17:08:02,043 INFO  o.s.c.s.PostProcessorRegistrationDelegate$BeanPostProcessorChecker - Bean 'org.springframework.cloud.autoconfigure.ConfigurationPropertiesRebinderAutoConfiguration' of type [class org.springframework.cloud.autoconfigure.ConfigurationPropertiesRebinderAutoConfiguration$$EnhancerBySpringCGLIB$$24150093] is not eligible for getting processed by all BeanPostProcessors (for example: not eligible for auto-proxying)
2019-06-06 17:08:04,334 INFO  o.s.s.c.ThreadPoolTaskScheduler - Initializing ExecutorService  'taskScheduler'
2019-06-06 17:08:04,610 INFO  c.c.dashboard.config.MongoConfig - ReplicaSetfalse
2019-06-06 17:08:04,785 INFO  c.c.dashboard.config.MongoConfig - Initializing Mongo Client server at: localhost:27017
2019-06-06 17:08:04,947 INFO  org.mongodb.driver.cluster - Cluster created with settings {hosts=[localhost:27017], mode=SINGLE, requiredClusterType=UNKNOWN, serverSelectionTimeout='30000 ms', maxWaitQueueSize=500}
2019-06-06 17:08:05,278 INFO  c.c.dashboard.config.MongoConfig - Connecting to Mongo: Mongo{options=MongoClientOptions{description='null', readPreference=primary, writeConcern=WriteConcern{w=1, wtimeout=0, fsync=false, j=false, codecRegistry=org.bson.codecs.configuration.ProvidersCodecRegistry@d6984914, minConnectionsPerHost=0, maxConnectionsPerHost=100, threadsAllowedToBlockForConnectionMultiplier=5, serverSelectionTimeout=30000, maxWaitTime=120000, maxConnectionIdleTime=60000, maxConnectionLifeTime=0, connectTimeout=10000, socketTimeout=0, socketKeepAlive=false, sslEnabled=false, sslInvalidHostNamesAllowed=false, alwaysUseMBeans=false, heartbeatFrequency=10000, minHeartbeatFrequency=500, heartbeatConnectTimeout=20000, heartbeatSocketTimeout=20000, localThreshold=15, requiredReplicaSetName='null', dbDecoderFactory=com.mongodb.DefaultDBDecoder$1@3c6c9069, dbEncoderFactory=com.mongodb.DefaultDBEncoder$1@3622034, socketFactory=javax.net.DefaultSocketFactory@58d5a864, cursorFinalizerEnabled=true, connectionPoolSettings=ConnectionPoolSettings{maxSize=100, minSize=0, maxWaitQueueSize=500, maxWaitTimeMS=120000, maxConnectionLifeTimeMS=0, maxConnectionIdleTimeMS=60000, maintenanceInitialDelayMS=0, maintenanceFrequencyMS=60000}, socketSettings=SocketSettings{connectTimeoutMS=10000, readTimeoutMS=0, keepAlive=false, receiveBufferSize=0, sendBufferSize=0}, serverSettings=ServerSettings{heartbeatFrequencyMS=10000, minHeartbeatFrequencyMS=500}, heartbeatSocketSettings=SocketSettings{connectTimeoutMS=20000, readTimeoutMS=20000, keepAlive=false, receiveBufferSize=0, sendBufferSize=0}}}
2019-06-06 17:08:05,527 INFO  org.mongodb.driver.connection - Opened connection [connectionId{localValue:1, serverValue:2691}] to localhost:27017
2019-06-06 17:08:05,529 INFO  org.mongodb.driver.cluster - Monitor thread successfully connected to server with description ServerDescription{address=localhost:27017, type=STANDALONE, state=CONNECTED, ok=true, version=ServerVersion{versionList=[4, 0, 6]}, minWireVersion=0, maxWireVersion=7, electionId=null, maxDocumentSize=16777216, roundTripTimeNanos=853697}
2019-06-06 17:08:05,799 INFO  org.mongodb.driver.connection - Opened connection [connectionId{localValue:2, serverValue:2692}] to localhost:27017
2019-06-06 17:08:06,376 INFO  c.c.dashboard.config.MongoConfig - ReplicaSetfalse
2019-06-06 17:08:06,376 INFO  c.c.dashboard.config.MongoConfig - Initializing Mongo Client server at: localhost:27017
2019-06-06 17:08:06,378 INFO  org.mongodb.driver.cluster - Cluster created with settings {hosts=[localhost:27017], mode=SINGLE, requiredClusterType=UNKNOWN, serverSelectionTimeout='30000 ms', maxWaitQueueSize=500}
2019-06-06 17:08:06,379 INFO  c.c.dashboard.config.MongoConfig - Connecting to Mongo: Mongo{options=MongoClientOptions{description='null', readPreference=primary, writeConcern=WriteConcern{w=1, wtimeout=0, fsync=false, j=false, codecRegistry=org.bson.codecs.configuration.ProvidersCodecRegistry@d6984914, minConnectionsPerHost=0, maxConnectionsPerHost=100, threadsAllowedToBlockForConnectionMultiplier=5, serverSelectionTimeout=30000, maxWaitTime=120000, maxConnectionIdleTime=60000, maxConnectionLifeTime=0, connectTimeout=10000, socketTimeout=0, socketKeepAlive=false, sslEnabled=false, sslInvalidHostNamesAllowed=false, alwaysUseMBeans=false, heartbeatFrequency=10000, minHeartbeatFrequency=500, heartbeatConnectTimeout=20000, heartbeatSocketTimeout=20000, localThreshold=15, requiredReplicaSetName='null', dbDecoderFactory=com.mongodb.DefaultDBDecoder$1@3c6c9069, dbEncoderFactory=com.mongodb.DefaultDBEncoder$1@3622034, socketFactory=javax.net.DefaultSocketFactory@58d5a864, cursorFinalizerEnabled=true, connectionPoolSettings=ConnectionPoolSettings{maxSize=100, minSize=0, maxWaitQueueSize=500, maxWaitTimeMS=120000, maxConnectionLifeTimeMS=0, maxConnectionIdleTimeMS=60000, maintenanceInitialDelayMS=0, maintenanceFrequencyMS=60000}, socketSettings=SocketSettings{connectTimeoutMS=10000, readTimeoutMS=0, keepAlive=false, receiveBufferSize=0, sendBufferSize=0}, serverSettings=ServerSettings{heartbeatFrequencyMS=10000, minHeartbeatFrequencyMS=500}, heartbeatSocketSettings=SocketSettings{connectTimeoutMS=20000, readTimeoutMS=20000, keepAlive=false, receiveBufferSize=0, sendBufferSize=0}}}
2019-06-06 17:08:06,395 INFO  c.c.dashboard.config.MongoConfig - ReplicaSetfalse
2019-06-06 17:08:06,395 INFO  c.c.dashboard.config.MongoConfig - Initializing Mongo Client server at: localhost:27017
2019-06-06 17:08:06,396 INFO  org.mongodb.driver.cluster - Cluster created with settings {hosts=[localhost:27017], mode=SINGLE, requiredClusterType=UNKNOWN, serverSelectionTimeout='30000 ms', maxWaitQueueSize=500}
2019-06-06 17:08:06,399 INFO  c.c.dashboard.config.MongoConfig - Connecting to Mongo: Mongo{options=MongoClientOptions{description='null', readPreference=primary, writeConcern=WriteConcern{w=1, wtimeout=0, fsync=false, j=false, codecRegistry=org.bson.codecs.configuration.ProvidersCodecRegistry@d6984914, minConnectionsPerHost=0, maxConnectionsPerHost=100, threadsAllowedToBlockForConnectionMultiplier=5, serverSelectionTimeout=30000, maxWaitTime=120000, maxConnectionIdleTime=60000, maxConnectionLifeTime=0, connectTimeout=10000, socketTimeout=0, socketKeepAlive=false, sslEnabled=false, sslInvalidHostNamesAllowed=false, alwaysUseMBeans=false, heartbeatFrequency=10000, minHeartbeatFrequency=500, heartbeatConnectTimeout=20000, heartbeatSocketTimeout=20000, localThreshold=15, requiredReplicaSetName='null', dbDecoderFactory=com.mongodb.DefaultDBDecoder$1@3c6c9069, dbEncoderFactory=com.mongodb.DefaultDBEncoder$1@3622034, socketFactory=javax.net.DefaultSocketFactory@58d5a864, cursorFinalizerEnabled=true, connectionPoolSettings=ConnectionPoolSettings{maxSize=100, minSize=0, maxWaitQueueSize=500, maxWaitTimeMS=120000, maxConnectionLifeTimeMS=0, maxConnectionIdleTimeMS=60000, maintenanceInitialDelayMS=0, maintenanceFrequencyMS=60000}, socketSettings=SocketSettings{connectTimeoutMS=10000, readTimeoutMS=0, keepAlive=false, receiveBufferSize=0, sendBufferSize=0}, serverSettings=ServerSettings{heartbeatFrequencyMS=10000, minHeartbeatFrequencyMS=500}, heartbeatSocketSettings=SocketSettings{connectTimeoutMS=20000, readTimeoutMS=20000, keepAlive=false, receiveBufferSize=0, sendBufferSize=0}}}
2019-06-06 17:08:06,553 INFO  org.mongodb.driver.connection - Opened connection [connectionId{localValue:3, serverValue:2693}] to localhost:27017
2019-06-06 17:08:06,578 INFO  org.mongodb.driver.cluster - Monitor thread successfully connected to server with description ServerDescription{address=localhost:27017, type=STANDALONE, state=CONNECTED, ok=true, version=ServerVersion{versionList=[4, 0, 6]}, minWireVersion=0, maxWireVersion=7, electionId=null, maxDocumentSize=16777216, roundTripTimeNanos=25159808}
2019-06-06 17:08:06,622 INFO  org.mongodb.driver.connection - Opened connection [connectionId{localValue:4, serverValue:2694}] to localhost:27017
2019-06-06 17:08:06,623 INFO  org.mongodb.driver.cluster - Monitor thread successfully connected to server with description ServerDescription{address=localhost:27017, type=STANDALONE, state=CONNECTED, ok=true, version=ServerVersion{versionList=[4, 0, 6]}, minWireVersion=0, maxWireVersion=7, electionId=null, maxDocumentSize=16777216, roundTripTimeNanos=470426}
2019-06-06 17:08:06,890 INFO  c.c.dashboard.config.MongoConfig - ReplicaSetfalse
2019-06-06 17:08:06,891 INFO  c.c.dashboard.config.MongoConfig - Initializing Mongo Client server at: localhost:27017
2019-06-06 17:08:06,892 INFO  org.mongodb.driver.cluster - Cluster created with settings {hosts=[localhost:27017], mode=SINGLE, requiredClusterType=UNKNOWN, serverSelectionTimeout='30000 ms', maxWaitQueueSize=500}
2019-06-06 17:08:06,897 INFO  c.c.dashboard.config.MongoConfig - Connecting to Mongo: Mongo{options=MongoClientOptions{description='null', readPreference=primary, writeConcern=WriteConcern{w=1, wtimeout=0, fsync=false, j=false, codecRegistry=org.bson.codecs.configuration.ProvidersCodecRegistry@d6984914, minConnectionsPerHost=0, maxConnectionsPerHost=100, threadsAllowedToBlockForConnectionMultiplier=5, serverSelectionTimeout=30000, maxWaitTime=120000, maxConnectionIdleTime=60000, maxConnectionLifeTime=0, connectTimeout=10000, socketTimeout=0, socketKeepAlive=false, sslEnabled=false, sslInvalidHostNamesAllowed=false, alwaysUseMBeans=false, heartbeatFrequency=10000, minHeartbeatFrequency=500, heartbeatConnectTimeout=20000, heartbeatSocketTimeout=20000, localThreshold=15, requiredReplicaSetName='null', dbDecoderFactory=com.mongodb.DefaultDBDecoder$1@3c6c9069, dbEncoderFactory=com.mongodb.DefaultDBEncoder$1@3622034, socketFactory=javax.net.DefaultSocketFactory@58d5a864, cursorFinalizerEnabled=true, connectionPoolSettings=ConnectionPoolSettings{maxSize=100, minSize=0, maxWaitQueueSize=500, maxWaitTimeMS=120000, maxConnectionLifeTimeMS=0, maxConnectionIdleTimeMS=60000, maintenanceInitialDelayMS=0, maintenanceFrequencyMS=60000}, socketSettings=SocketSettings{connectTimeoutMS=10000, readTimeoutMS=0, keepAlive=false, receiveBufferSize=0, sendBufferSize=0}, serverSettings=ServerSettings{heartbeatFrequencyMS=10000, minHeartbeatFrequencyMS=500}, heartbeatSocketSettings=SocketSettings{connectTimeoutMS=20000, readTimeoutMS=20000, keepAlive=false, receiveBufferSize=0, sendBufferSize=0}}}
2019-06-06 17:08:06,918 INFO  org.mongodb.driver.connection - Opened connection [connectionId{localValue:5, serverValue:2695}] to localhost:27017
2019-06-06 17:08:06,920 INFO  org.mongodb.driver.cluster - Monitor thread successfully connected to server with description ServerDescription{address=localhost:27017, type=STANDALONE, state=CONNECTED, ok=true, version=ServerVersion{versionList=[4, 0, 6]}, minWireVersion=0, maxWireVersion=7, electionId=null, maxDocumentSize=16777216, roundTripTimeNanos=887247}
2019-06-06 17:08:08,572 INFO  o.s.j.e.a.AnnotationMBeanExporter - Registering beans for JMX exposure on startup
2019-06-06 17:08:08,582 INFO  o.s.j.e.a.AnnotationMBeanExporter - Bean with name 'configurationPropertiesRebinder' has been autodetected for JMX exposure
2019-06-06 17:08:08,583 INFO  o.s.j.e.a.AnnotationMBeanExporter - Bean with name 'environmentManager' has been autodetected for JMX exposure
2019-06-06 17:08:08,584 INFO  o.s.j.e.a.AnnotationMBeanExporter - Bean with name 'refreshScope' has been autodetected for JMX exposure
2019-06-06 17:08:08,587 INFO  o.s.j.e.a.AnnotationMBeanExporter - Located managed bean 'environmentManager': registering with JMX server as MBean [org.springframework.cloud.context.environment:name=environmentManager,type=EnvironmentManager]
2019-06-06 17:08:08,601 INFO  o.s.j.e.a.AnnotationMBeanExporter - Located managed bean 'refreshScope': registering with JMX server as MBean [org.springframework.cloud.context.scope.refresh:name=refreshScope,type=RefreshScope]
2019-06-06 17:08:08,611 INFO  o.s.j.e.a.AnnotationMBeanExporter - Located managed bean 'configurationPropertiesRebinder': registering with JMX server as MBean [org.springframework.cloud.context.properties:name=configurationPropertiesRebinder,context=19f0dc2e,type=ConfigurationPropertiesRebinder]
2019-06-06 17:08:08,645 INFO  com.capitalone.dashboard.Application - Started Application in 11.694 seconds (JVM running for 13.927)
2019-06-06 17:08:10,002 INFO  c.c.d.collector.CollectorTask - Running Collector: GitHub
2019-06-06 17:08:10,022 INFO  c.c.d.collector.CollectorTask - -----------------------------------
2019-06-06 17:08:10,022 INFO  c.c.d.collector.CollectorTask - Starting...
2019-06-06 17:08:10,023 INFO  c.c.d.collector.CollectorTask - -----------------------------------
2019-06-06 17:08:10,392 INFO  c.c.d.collector.GitHubCollectorTask - {password=, personalAccessToken=, branch=master, userID=, url=https://github.com/IATVirtusa/devops}::master:: get commits
2019-06-06 17:08:10,416 INFO  c.c.d.collector.DefaultGitHubClient - Executing https://api.github.com/repos/IATVirtusa/devops/commits?sha=master&since=2019-06-03T11:25Z
2019-06-06 17:08:13,596 INFO  c.c.d.collector.GitHubCollectorTask - {password=, personalAccessToken=, branch=master, userID=, url=https://github.com/IATVirtusa/devops}::master get issues
2019-06-06 17:08:13,596 INFO  c.c.d.collector.DefaultGitHubClient - Executing https://api.github.com/repos/IATVirtusa/devops/issues?state=all&since=2019-06-03T11:25Z
2019-06-06 17:08:13,943 INFO  c.c.d.collector.GitHubCollectorTask - {password=, personalAccessToken=, branch=master, userID=, url=https://github.com/IATVirtusa/devops}::master::get pulls
2019-06-06 17:08:13,947 INFO  c.c.d.collector.DefaultGitHubClient - Executing [https://api.github.com/repos/IATVirtusa/devops/pulls?state=all&base=master&sort=updated&direction=desc
2019-06-06 17:08:14,251 INFO  c.c.d.collector.GitHubCollectorTask - {password=, personalAccessToken=, branch=master, userID=, url=https://github.com/IATVirtusa/devops}::master:: get commits
2019-06-06 17:08:14,252 INFO  c.c.d.collector.DefaultGitHubClient - Executing https://api.github.com/repos/IATVirtusa/devops/commits?sha=master&since=2019-06-03T11:23Z
2019-06-06 17:08:14,988 INFO  c.c.d.collector.GitHubCollectorTask - {password=, personalAccessToken=, branch=master, userID=, url=https://github.com/IATVirtusa/devops}::master get issues
2019-06-06 17:08:14,990 INFO  c.c.d.collector.DefaultGitHubClient - Executing https://api.github.com/repos/IATVirtusa/devops/issues?state=all&since=2019-06-03T11:23Z
2019-06-06 17:08:15,272 INFO  c.c.d.collector.GitHubCollectorTask - {password=, personalAccessToken=, branch=master, userID=, url=https://github.com/IATVirtusa/devops}::master::get pulls
2019-06-06 17:08:15,274 INFO  c.c.d.collector.DefaultGitHubClient - Executing [https://api.github.com/repos/IATVirtusa/devops/pulls?state=all&base=master&sort=updated&direction=desc
2019-06-06 17:08:15,668 INFO  c.c.d.collector.CollectorTask - Repo Count              2        5s
2019-06-06 17:08:15,668 INFO  c.c.d.collector.CollectorTask - New Commits            18        5s
2019-06-06 17:08:15,669 INFO  c.c.d.collector.CollectorTask - New Pulls               0        5s
2019-06-06 17:08:15,673 INFO  c.c.d.collector.CollectorTask - New Issues              0        5s
2019-06-06 17:08:15,673 INFO  c.c.d.collector.CollectorTask - Finished                         5s
2019-06-06 17:08:20,000 INFO  c.c.d.collector.CollectorTask - Running Collector: GitHub
2019-06-06 17:08:20,006 INFO  c.c.d.collector.CollectorTask - -----------------------------------
2019-06-06 17:08:20,013 INFO  c.c.d.collector.CollectorTask - Starting...
2019-06-06 17:08:20,016 INFO  c.c.d.collector.CollectorTask - -----------------------------------
2019-06-06 17:08:20,061 INFO  c.c.d.collector.GitHubCollectorTask - {password=, personalAccessToken=, branch=master, userID=, url=https://github.com/IATVirtusa/devops}::master:: get commits
2019-06-06 17:08:20,063 INFO  c.c.d.collector.DefaultGitHubClient - Executing https://api.github.com/repos/IATVirtusa/devops/commits?sha=master&since=2019-06-06T16:58Z
2019-06-06 17:08:20,340 INFO  c.c.d.collector.GitHubCollectorTask - {password=, personalAccessToken=, branch=master, userID=, url=https://github.com/IATVirtusa/devops}::master get issues
2019-06-06 17:08:20,343 INFO  c.c.d.collector.DefaultGitHubClient - Executing https://api.github.com/repos/IATVirtusa/devops/issues?state=all&since=2019-06-06T16:58Z
2019-06-06 17:08:20,634 INFO  c.c.d.collector.GitHubCollectorTask - {password=, personalAccessToken=, branch=master, userID=, url=https://github.com/IATVirtusa/devops}::master::get pulls
2019-06-06 17:08:20,636 INFO  c.c.d.collector.DefaultGitHubClient - Executing [https://api.github.com/repos/IATVirtusa/devops/pulls?state=all&base=master&sort=updated&direction=desc
2019-06-06 17:08:20,940 INFO  c.c.d.collector.GitHubCollectorTask - {password=, personalAccessToken=, branch=master, userID=, url=https://github.com/IATVirtusa/devops}::master:: get commits
2019-06-06 17:08:20,941 INFO  c.c.d.collector.DefaultGitHubClient - Executing https://api.github.com/repos/IATVirtusa/devops/commits?sha=master&since=2019-06-06T16:58Z
2019-06-06 17:08:21,239 INFO  c.c.d.collector.GitHubCollectorTask - {password=, personalAccessToken=, branch=master, userID=, url=https://github.com/IATVirtusa/devops}::master get issues
2019-06-06 17:08:21,240 INFO  c.c.d.collector.DefaultGitHubClient - Executing https://api.github.com/repos/IATVirtusa/devops/issues?state=all&since=2019-06-06T16:58Z
2019-06-06 17:08:25,698 INFO  c.c.d.collector.GitHubCollectorTask - {password=, personalAccessToken=, branch=master, userID=, url=https://github.com/IATVirtusa/devops}::master::get pulls
2019-06-06 17:08:25,700 INFO  c.c.d.collector.DefaultGitHubClient - Executing [https://api.github.com/repos/IATVirtusa/devops/pulls?state=all&base=master&sort=updated&direction=desc
2019-06-06 17:08:26,005 INFO  c.c.d.collector.CollectorTask - Repo Count              2        5s
2019-06-06 17:08:26,005 INFO  c.c.d.collector.CollectorTask - New Commits             0        5s
2019-06-06 17:08:26,007 INFO  c.c.d.collector.CollectorTask - New Pulls               0        5s
2019-06-06 17:08:26,011 INFO  c.c.d.collector.CollectorTask - New Issues              0        5s
2019-06-06 17:08:26,012 INFO  c.c.d.collector.CollectorTask - Finished                         5s
2019-06-06 17:08:28,067 INFO  o.s.c.a.AnnotationConfigApplicationContext - Closing org.springframework.context.annotation.AnnotationConfigApplicationContext@19f0dc2e: startup date [Thu Jun 06 17:08:00 IST 2019]; parent: org.springframework.context.annotation.AnnotationConfigApplicationContext@3809c3cc
2019-06-06 17:08:28,075 INFO  o.s.j.e.a.AnnotationMBeanExporter - Unregistering JMX-exposed beans on shutdown
2019-06-06 17:08:28,077 INFO  o.s.j.e.a.AnnotationMBeanExporter - Unregistering JMX-exposed beans
2019-06-06 17:08:28,098 INFO  o.s.s.c.ThreadPoolTaskScheduler - Shutting down ExecutorService 'taskScheduler'
2019-06-06 17:10:48,164 DEBUG org.jboss.logging - Logging Provider: org.jboss.logging.Slf4jLoggerProvider found via system property
2019-06-06 17:10:48,169 INFO  o.h.validator.internal.util.Version - HV000001: Hibernate Validator 5.2.2.Final
2019-06-06 17:10:48,311 INFO  o.s.c.a.AnnotationConfigApplicationContext - Refreshing org.springframework.context.annotation.AnnotationConfigApplicationContext@3809c3cc: startup date [Thu Jun 06 17:10:48 IST 2019]; root of context hierarchy
2019-06-06 17:10:48,527 INFO  o.s.b.f.a.AutowiredAnnotationBeanPostProcessor - JSR-330 'javax.inject.Inject' annotation found and supported for autowiring
2019-06-06 17:10:48,626 INFO  o.s.c.s.PostProcessorRegistrationDelegate$BeanPostProcessorChecker - Bean 'configurationPropertiesRebinderAutoConfiguration' of type [class org.springframework.cloud.autoconfigure.ConfigurationPropertiesRebinderAutoConfiguration$$EnhancerBySpringCGLIB$$24150093] is not eligible for getting processed by all BeanPostProcessors (for example: not eligible for auto-proxying)
2019-06-06 17:10:48,976 INFO  o.s.c.c.c.ConfigServicePropertySourceLocator - Fetching config from server at: http://localhost:8888
2019-06-06 17:10:50,126 WARN  o.s.c.c.c.ConfigServicePropertySourceLocator - Could not locate PropertySource: I/O error on GET request for "http://localhost:8888/application/default": Connection refused: connect; nested exception is java.net.ConnectException: Connection refused: connect
2019-06-06 17:10:50,131 INFO  com.capitalone.dashboard.Application - No profiles are active
2019-06-06 17:10:50,157 INFO  o.s.c.a.AnnotationConfigApplicationContext - Refreshing org.springframework.context.annotation.AnnotationConfigApplicationContext@19f0dc2e: startup date [Thu Jun 06 17:10:50 IST 2019]; parent: org.springframework.context.annotation.AnnotationConfigApplicationContext@3809c3cc
2019-06-06 17:10:51,339 INFO  o.s.cloud.context.scope.GenericScope - BeanFactory id=dc341944-9a12-368f-928c-4e3abef0077f
2019-06-06 17:10:51,346 INFO  c.u.j.EnableEncryptablePropertySourcesPostProcessor - Post-processing PropertySource instances
2019-06-06 17:10:51,356 INFO  c.u.j.c.StringEncryptorConfiguration - String Encryptor custom Bean not found with name 'jasyptStringEncryptor'. Initializing String Encryptor based on properties with name 'jasyptStringEncryptor'
2019-06-06 17:10:51,368 INFO  c.u.j.EnableEncryptablePropertySourcesPostProcessor - Converting PropertySource commandLineArgs [org.springframework.core.env.SimpleCommandLinePropertySource] to EncryptableEnumerablePropertySourceWrapper
2019-06-06 17:10:51,368 INFO  c.u.j.EnableEncryptablePropertySourcesPostProcessor - Converting PropertySource systemProperties [org.springframework.core.env.MapPropertySource] to EncryptableMapPropertySourceWrapper
2019-06-06 17:10:51,368 INFO  c.u.j.EnableEncryptablePropertySourcesPostProcessor - Converting PropertySource systemEnvironment [org.springframework.core.env.SystemEnvironmentPropertySource] to EncryptableMapPropertySourceWrapper
2019-06-06 17:10:51,372 INFO  c.u.j.EnableEncryptablePropertySourcesPostProcessor - Converting PropertySource random [org.springframework.boot.context.config.RandomValuePropertySource] to EncryptablePropertySourceWrapper
2019-06-06 17:10:51,379 INFO  c.u.j.EnableEncryptablePropertySourcesPostProcessor - Converting PropertySource applicationConfig: [file:github.properties] [org.springframework.core.env.PropertiesPropertySource] to EncryptableMapPropertySourceWrapper
2019-06-06 17:10:51,379 INFO  c.u.j.EnableEncryptablePropertySourcesPostProcessor - Converting PropertySource applicationConfig: [file:./github.properties] [org.springframework.core.env.PropertiesPropertySource] to EncryptableMapPropertySourceWrapper
2019-06-06 17:10:51,379 INFO  c.u.j.EnableEncryptablePropertySourcesPostProcessor - Converting PropertySource springCloudClientHostInfo [org.springframework.core.env.MapPropertySource] to EncryptableMapPropertySourceWrapper
2019-06-06 17:10:51,380 INFO  c.u.j.EnableEncryptablePropertySourcesPostProcessor - Converting PropertySource defaultProperties [org.springframework.core.env.MapPropertySource] to EncryptableMapPropertySourceWrapper
2019-06-06 17:10:51,383 INFO  o.s.b.f.a.AutowiredAnnotationBeanPostProcessor - JSR-330 'javax.inject.Inject' annotation found and supported for autowiring
2019-06-06 17:10:51,429 INFO  o.s.c.s.PostProcessorRegistrationDelegate$BeanPostProcessorChecker - Bean 'org.springframework.cloud.autoconfigure.ConfigurationPropertiesRebinderAutoConfiguration' of type [class org.springframework.cloud.autoconfigure.ConfigurationPropertiesRebinderAutoConfiguration$$EnhancerBySpringCGLIB$$24150093] is not eligible for getting processed by all BeanPostProcessors (for example: not eligible for auto-proxying)
2019-06-06 17:10:51,932 INFO  o.s.s.c.ThreadPoolTaskScheduler - Initializing ExecutorService  'taskScheduler'
2019-06-06 17:10:52,010 INFO  c.c.dashboard.config.MongoConfig - ReplicaSetfalse
2019-06-06 17:10:52,098 INFO  c.c.dashboard.config.MongoConfig - Initializing Mongo Client server at: localhost:27017
2019-06-06 17:10:52,210 INFO  org.mongodb.driver.cluster - Cluster created with settings {hosts=[localhost:27017], mode=SINGLE, requiredClusterType=UNKNOWN, serverSelectionTimeout='30000 ms', maxWaitQueueSize=500}
2019-06-06 17:10:52,281 INFO  c.c.dashboard.config.MongoConfig - Connecting to Mongo: Mongo{options=MongoClientOptions{description='null', readPreference=primary, writeConcern=WriteConcern{w=1, wtimeout=0, fsync=false, j=false, codecRegistry=org.bson.codecs.configuration.ProvidersCodecRegistry@d6984914, minConnectionsPerHost=0, maxConnectionsPerHost=100, threadsAllowedToBlockForConnectionMultiplier=5, serverSelectionTimeout=30000, maxWaitTime=120000, maxConnectionIdleTime=60000, maxConnectionLifeTime=0, connectTimeout=10000, socketTimeout=0, socketKeepAlive=false, sslEnabled=false, sslInvalidHostNamesAllowed=false, alwaysUseMBeans=false, heartbeatFrequency=10000, minHeartbeatFrequency=500, heartbeatConnectTimeout=20000, heartbeatSocketTimeout=20000, localThreshold=15, requiredReplicaSetName='null', dbDecoderFactory=com.mongodb.DefaultDBDecoder$1@3c6c9069, dbEncoderFactory=com.mongodb.DefaultDBEncoder$1@3622034, socketFactory=javax.net.DefaultSocketFactory@58d5a864, cursorFinalizerEnabled=true, connectionPoolSettings=ConnectionPoolSettings{maxSize=100, minSize=0, maxWaitQueueSize=500, maxWaitTimeMS=120000, maxConnectionLifeTimeMS=0, maxConnectionIdleTimeMS=60000, maintenanceInitialDelayMS=0, maintenanceFrequencyMS=60000}, socketSettings=SocketSettings{connectTimeoutMS=10000, readTimeoutMS=0, keepAlive=false, receiveBufferSize=0, sendBufferSize=0}, serverSettings=ServerSettings{heartbeatFrequencyMS=10000, minHeartbeatFrequencyMS=500}, heartbeatSocketSettings=SocketSettings{connectTimeoutMS=20000, readTimeoutMS=20000, keepAlive=false, receiveBufferSize=0, sendBufferSize=0}}}
2019-06-06 17:10:52,465 INFO  org.mongodb.driver.connection - Opened connection [connectionId{localValue:1, serverValue:2700}] to localhost:27017
2019-06-06 17:10:52,466 INFO  org.mongodb.driver.cluster - Monitor thread successfully connected to server with description ServerDescription{address=localhost:27017, type=STANDALONE, state=CONNECTED, ok=true, version=ServerVersion{versionList=[4, 0, 6]}, minWireVersion=0, maxWireVersion=7, electionId=null, maxDocumentSize=16777216, roundTripTimeNanos=613742}
2019-06-06 17:10:52,584 INFO  org.mongodb.driver.connection - Opened connection [connectionId{localValue:2, serverValue:2701}] to localhost:27017
2019-06-06 17:10:53,045 INFO  c.c.dashboard.config.MongoConfig - ReplicaSetfalse
2019-06-06 17:10:53,045 INFO  c.c.dashboard.config.MongoConfig - Initializing Mongo Client server at: localhost:27017
2019-06-06 17:10:53,047 INFO  org.mongodb.driver.cluster - Cluster created with settings {hosts=[localhost:27017], mode=SINGLE, requiredClusterType=UNKNOWN, serverSelectionTimeout='30000 ms', maxWaitQueueSize=500}
2019-06-06 17:10:53,051 INFO  c.c.dashboard.config.MongoConfig - Connecting to Mongo: Mongo{options=MongoClientOptions{description='null', readPreference=primary, writeConcern=WriteConcern{w=1, wtimeout=0, fsync=false, j=false, codecRegistry=org.bson.codecs.configuration.ProvidersCodecRegistry@d6984914, minConnectionsPerHost=0, maxConnectionsPerHost=100, threadsAllowedToBlockForConnectionMultiplier=5, serverSelectionTimeout=30000, maxWaitTime=120000, maxConnectionIdleTime=60000, maxConnectionLifeTime=0, connectTimeout=10000, socketTimeout=0, socketKeepAlive=false, sslEnabled=false, sslInvalidHostNamesAllowed=false, alwaysUseMBeans=false, heartbeatFrequency=10000, minHeartbeatFrequency=500, heartbeatConnectTimeout=20000, heartbeatSocketTimeout=20000, localThreshold=15, requiredReplicaSetName='null', dbDecoderFactory=com.mongodb.DefaultDBDecoder$1@3c6c9069, dbEncoderFactory=com.mongodb.DefaultDBEncoder$1@3622034, socketFactory=javax.net.DefaultSocketFactory@58d5a864, cursorFinalizerEnabled=true, connectionPoolSettings=ConnectionPoolSettings{maxSize=100, minSize=0, maxWaitQueueSize=500, maxWaitTimeMS=120000, maxConnectionLifeTimeMS=0, maxConnectionIdleTimeMS=60000, maintenanceInitialDelayMS=0, maintenanceFrequencyMS=60000}, socketSettings=SocketSettings{connectTimeoutMS=10000, readTimeoutMS=0, keepAlive=false, receiveBufferSize=0, sendBufferSize=0}, serverSettings=ServerSettings{heartbeatFrequencyMS=10000, minHeartbeatFrequencyMS=500}, heartbeatSocketSettings=SocketSettings{connectTimeoutMS=20000, readTimeoutMS=20000, keepAlive=false, receiveBufferSize=0, sendBufferSize=0}}}
2019-06-06 17:10:53,063 INFO  c.c.dashboard.config.MongoConfig - ReplicaSetfalse
2019-06-06 17:10:53,063 INFO  c.c.dashboard.config.MongoConfig - Initializing Mongo Client server at: localhost:27017
2019-06-06 17:10:53,069 INFO  org.mongodb.driver.cluster - Cluster created with settings {hosts=[localhost:27017], mode=SINGLE, requiredClusterType=UNKNOWN, serverSelectionTimeout='30000 ms', maxWaitQueueSize=500}
2019-06-06 17:10:53,070 INFO  c.c.dashboard.config.MongoConfig - Connecting to Mongo: Mongo{options=MongoClientOptions{description='null', readPreference=primary, writeConcern=WriteConcern{w=1, wtimeout=0, fsync=false, j=false, codecRegistry=org.bson.codecs.configuration.ProvidersCodecRegistry@d6984914, minConnectionsPerHost=0, maxConnectionsPerHost=100, threadsAllowedToBlockForConnectionMultiplier=5, serverSelectionTimeout=30000, maxWaitTime=120000, maxConnectionIdleTime=60000, maxConnectionLifeTime=0, connectTimeout=10000, socketTimeout=0, socketKeepAlive=false, sslEnabled=false, sslInvalidHostNamesAllowed=false, alwaysUseMBeans=false, heartbeatFrequency=10000, minHeartbeatFrequency=500, heartbeatConnectTimeout=20000, heartbeatSocketTimeout=20000, localThreshold=15, requiredReplicaSetName='null', dbDecoderFactory=com.mongodb.DefaultDBDecoder$1@3c6c9069, dbEncoderFactory=com.mongodb.DefaultDBEncoder$1@3622034, socketFactory=javax.net.DefaultSocketFactory@58d5a864, cursorFinalizerEnabled=true, connectionPoolSettings=ConnectionPoolSettings{maxSize=100, minSize=0, maxWaitQueueSize=500, maxWaitTimeMS=120000, maxConnectionLifeTimeMS=0, maxConnectionIdleTimeMS=60000, maintenanceInitialDelayMS=0, maintenanceFrequencyMS=60000}, socketSettings=SocketSettings{connectTimeoutMS=10000, readTimeoutMS=0, keepAlive=false, receiveBufferSize=0, sendBufferSize=0}, serverSettings=ServerSettings{heartbeatFrequencyMS=10000, minHeartbeatFrequencyMS=500}, heartbeatSocketSettings=SocketSettings{connectTimeoutMS=20000, readTimeoutMS=20000, keepAlive=false, receiveBufferSize=0, sendBufferSize=0}}}
2019-06-06 17:10:53,079 INFO  org.mongodb.driver.connection - Opened connection [connectionId{localValue:3, serverValue:2702}] to localhost:27017
2019-06-06 17:10:53,083 INFO  org.mongodb.driver.cluster - Monitor thread successfully connected to server with description ServerDescription{address=localhost:27017, type=STANDALONE, state=CONNECTED, ok=true, version=ServerVersion{versionList=[4, 0, 6]}, minWireVersion=0, maxWireVersion=7, electionId=null, maxDocumentSize=16777216, roundTripTimeNanos=2832771}
2019-06-06 17:10:53,092 INFO  org.mongodb.driver.connection - Opened connection [connectionId{localValue:4, serverValue:2703}] to localhost:27017
2019-06-06 17:10:53,093 INFO  org.mongodb.driver.cluster - Monitor thread successfully connected to server with description ServerDescription{address=localhost:27017, type=STANDALONE, state=CONNECTED, ok=true, version=ServerVersion{versionList=[4, 0, 6]}, minWireVersion=0, maxWireVersion=7, electionId=null, maxDocumentSize=16777216, roundTripTimeNanos=780033}
2019-06-06 17:10:53,519 INFO  c.c.dashboard.config.MongoConfig - ReplicaSetfalse
2019-06-06 17:10:53,519 INFO  c.c.dashboard.config.MongoConfig - Initializing Mongo Client server at: localhost:27017
2019-06-06 17:10:53,520 INFO  org.mongodb.driver.cluster - Cluster created with settings {hosts=[localhost:27017], mode=SINGLE, requiredClusterType=UNKNOWN, serverSelectionTimeout='30000 ms', maxWaitQueueSize=500}
2019-06-06 17:10:53,525 INFO  c.c.dashboard.config.MongoConfig - Connecting to Mongo: Mongo{options=MongoClientOptions{description='null', readPreference=primary, writeConcern=WriteConcern{w=1, wtimeout=0, fsync=false, j=false, codecRegistry=org.bson.codecs.configuration.ProvidersCodecRegistry@d6984914, minConnectionsPerHost=0, maxConnectionsPerHost=100, threadsAllowedToBlockForConnectionMultiplier=5, serverSelectionTimeout=30000, maxWaitTime=120000, maxConnectionIdleTime=60000, maxConnectionLifeTime=0, connectTimeout=10000, socketTimeout=0, socketKeepAlive=false, sslEnabled=false, sslInvalidHostNamesAllowed=false, alwaysUseMBeans=false, heartbeatFrequency=10000, minHeartbeatFrequency=500, heartbeatConnectTimeout=20000, heartbeatSocketTimeout=20000, localThreshold=15, requiredReplicaSetName='null', dbDecoderFactory=com.mongodb.DefaultDBDecoder$1@3c6c9069, dbEncoderFactory=com.mongodb.DefaultDBEncoder$1@3622034, socketFactory=javax.net.DefaultSocketFactory@58d5a864, cursorFinalizerEnabled=true, connectionPoolSettings=ConnectionPoolSettings{maxSize=100, minSize=0, maxWaitQueueSize=500, maxWaitTimeMS=120000, maxConnectionLifeTimeMS=0, maxConnectionIdleTimeMS=60000, maintenanceInitialDelayMS=0, maintenanceFrequencyMS=60000}, socketSettings=SocketSettings{connectTimeoutMS=10000, readTimeoutMS=0, keepAlive=false, receiveBufferSize=0, sendBufferSize=0}, serverSettings=ServerSettings{heartbeatFrequencyMS=10000, minHeartbeatFrequencyMS=500}, heartbeatSocketSettings=SocketSettings{connectTimeoutMS=20000, readTimeoutMS=20000, keepAlive=false, receiveBufferSize=0, sendBufferSize=0}}}
2019-06-06 17:10:53,541 INFO  org.mongodb.driver.connection - Opened connection [connectionId{localValue:5, serverValue:2704}] to localhost:27017
2019-06-06 17:10:53,542 INFO  org.mongodb.driver.cluster - Monitor thread successfully connected to server with description ServerDescription{address=localhost:27017, type=STANDALONE, state=CONNECTED, ok=true, version=ServerVersion{versionList=[4, 0, 6]}, minWireVersion=0, maxWireVersion=7, electionId=null, maxDocumentSize=16777216, roundTripTimeNanos=358837}
2019-06-06 17:10:54,368 INFO  o.s.j.e.a.AnnotationMBeanExporter - Registering beans for JMX exposure on startup
2019-06-06 17:10:54,381 INFO  o.s.j.e.a.AnnotationMBeanExporter - Bean with name 'configurationPropertiesRebinder' has been autodetected for JMX exposure
2019-06-06 17:10:54,381 INFO  o.s.j.e.a.AnnotationMBeanExporter - Bean with name 'environmentManager' has been autodetected for JMX exposure
2019-06-06 17:10:54,382 INFO  o.s.j.e.a.AnnotationMBeanExporter - Bean with name 'refreshScope' has been autodetected for JMX exposure
2019-06-06 17:10:54,386 INFO  o.s.j.e.a.AnnotationMBeanExporter - Located managed bean 'environmentManager': registering with JMX server as MBean [org.springframework.cloud.context.environment:name=environmentManager,type=EnvironmentManager]
2019-06-06 17:10:54,405 INFO  o.s.j.e.a.AnnotationMBeanExporter - Located managed bean 'refreshScope': registering with JMX server as MBean [org.springframework.cloud.context.scope.refresh:name=refreshScope,type=RefreshScope]
2019-06-06 17:10:54,413 INFO  o.s.j.e.a.AnnotationMBeanExporter - Located managed bean 'configurationPropertiesRebinder': registering with JMX server as MBean [org.springframework.cloud.context.properties:name=configurationPropertiesRebinder,context=19f0dc2e,type=ConfigurationPropertiesRebinder]
2019-06-06 17:10:54,451 INFO  com.capitalone.dashboard.Application - Started Application in 6.646 seconds (JVM running for 7.513)
2019-06-06 17:10:55,002 INFO  c.c.d.collector.CollectorTask - Running Collector: GitHub
2019-06-06 17:10:55,011 INFO  c.c.d.collector.CollectorTask - -----------------------------------
2019-06-06 17:10:55,011 INFO  c.c.d.collector.CollectorTask - Starting...
2019-06-06 17:10:55,012 INFO  c.c.d.collector.CollectorTask - -----------------------------------
2019-06-06 17:10:55,176 INFO  c.c.d.collector.GitHubCollectorTask - {password=, personalAccessToken=, branch=master, userID=, url=https://github.com/IATVirtusa/devops}::master:: get commits
2019-06-06 17:10:55,180 INFO  c.c.d.collector.DefaultGitHubClient - Executing https://api.github.com/repos/IATVirtusa/devops/commits?sha=master&since=2019-06-06T16:58Z
2019-06-06 17:10:56,276 INFO  c.c.d.collector.GitHubCollectorTask - {password=, personalAccessToken=, branch=master, userID=, url=https://github.com/IATVirtusa/devops}::master get issues
2019-06-06 17:10:56,277 INFO  c.c.d.collector.DefaultGitHubClient - Executing https://api.github.com/repos/IATVirtusa/devops/issues?state=all&since=2019-06-06T16:58Z
2019-06-06 17:10:56,557 INFO  c.c.d.collector.GitHubCollectorTask - {password=, personalAccessToken=, branch=master, userID=, url=https://github.com/IATVirtusa/devops}::master::get pulls
2019-06-06 17:10:56,563 INFO  c.c.d.collector.DefaultGitHubClient - Executing [https://api.github.com/repos/IATVirtusa/devops/pulls?state=all&base=master&sort=updated&direction=desc
2019-06-06 17:10:56,900 INFO  c.c.d.collector.GitHubCollectorTask - {password=, personalAccessToken=, branch=master, userID=, url=https://github.com/IATVirtusa/devops}::master:: get commits
2019-06-06 17:10:56,901 INFO  c.c.d.collector.DefaultGitHubClient - Executing https://api.github.com/repos/IATVirtusa/devops/commits?sha=master&since=2019-06-06T16:58Z
2019-06-06 17:10:57,886 INFO  c.c.d.collector.GitHubCollectorTask - {password=, personalAccessToken=, branch=master, userID=, url=https://github.com/IATVirtusa/devops}::master get issues
2019-06-06 17:10:57,886 INFO  c.c.d.collector.DefaultGitHubClient - Executing https://api.github.com/repos/IATVirtusa/devops/issues?state=all&since=2019-06-06T16:58Z
2019-06-06 17:10:58,509 INFO  c.c.d.collector.GitHubCollectorTask - {password=, personalAccessToken=, branch=master, userID=, url=https://github.com/IATVirtusa/devops}::master::get pulls
2019-06-06 17:10:58,511 INFO  c.c.d.collector.DefaultGitHubClient - Executing [https://api.github.com/repos/IATVirtusa/devops/pulls?state=all&base=master&sort=updated&direction=desc
2019-06-06 17:10:58,789 INFO  c.c.d.collector.CollectorTask - Repo Count              2        3s
2019-06-06 17:10:58,789 INFO  c.c.d.collector.CollectorTask - New Commits             0        3s
2019-06-06 17:10:58,790 INFO  c.c.d.collector.CollectorTask - New Pulls               0        3s
2019-06-06 17:10:58,794 INFO  c.c.d.collector.CollectorTask - New Issues              0        3s
2019-06-06 17:10:58,795 INFO  c.c.d.collector.CollectorTask - Finished                         3s
2019-06-06 17:11:00,001 INFO  c.c.d.collector.CollectorTask - Running Collector: GitHub
2019-06-06 17:11:00,008 INFO  c.c.d.collector.CollectorTask - -----------------------------------
2019-06-06 17:11:00,008 INFO  c.c.d.collector.CollectorTask - Starting...
2019-06-06 17:11:00,011 INFO  c.c.d.collector.CollectorTask - -----------------------------------
2019-06-06 17:11:00,066 INFO  c.c.d.collector.GitHubCollectorTask - {password=, personalAccessToken=, branch=master, userID=, url=https://github.com/IATVirtusa/devops}::master:: get commits
2019-06-06 17:11:00,067 INFO  c.c.d.collector.DefaultGitHubClient - Executing https://api.github.com/repos/IATVirtusa/devops/commits?sha=master&since=2019-06-06T17:00Z
2019-06-06 17:11:00,403 INFO  c.c.d.collector.GitHubCollectorTask - {password=, personalAccessToken=, branch=master, userID=, url=https://github.com/IATVirtusa/devops}::master get issues
2019-06-06 17:11:00,404 INFO  c.c.d.collector.DefaultGitHubClient - Executing https://api.github.com/repos/IATVirtusa/devops/issues?state=all&since=2019-06-06T17:00Z
2019-06-06 17:11:00,703 INFO  c.c.d.collector.GitHubCollectorTask - {password=, personalAccessToken=, branch=master, userID=, url=https://github.com/IATVirtusa/devops}::master::get pulls
2019-06-06 17:11:00,706 INFO  c.c.d.collector.DefaultGitHubClient - Executing [https://api.github.com/repos/IATVirtusa/devops/pulls?state=all&base=master&sort=updated&direction=desc
2019-06-06 17:11:01,014 INFO  c.c.d.collector.GitHubCollectorTask - {password=, personalAccessToken=, branch=master, userID=, url=https://github.com/IATVirtusa/devops}::master:: get commits
2019-06-06 17:11:01,014 INFO  c.c.d.collector.DefaultGitHubClient - Executing https://api.github.com/repos/IATVirtusa/devops/commits?sha=master&since=2019-06-06T17:00Z
2019-06-06 17:11:01,292 INFO  c.c.d.collector.GitHubCollectorTask - {password=, personalAccessToken=, branch=master, userID=, url=https://github.com/IATVirtusa/devops}::master get issues
2019-06-06 17:11:01,292 INFO  c.c.d.collector.DefaultGitHubClient - Executing https://api.github.com/repos/IATVirtusa/devops/issues?state=all&since=2019-06-06T17:00Z
2019-06-06 17:11:01,550 INFO  c.c.d.collector.GitHubCollectorTask - {password=, personalAccessToken=, branch=master, userID=, url=https://github.com/IATVirtusa/devops}::master::get pulls
2019-06-06 17:11:01,552 INFO  c.c.d.collector.DefaultGitHubClient - Executing [https://api.github.com/repos/IATVirtusa/devops/pulls?state=all&base=master&sort=updated&direction=desc
2019-06-06 17:11:01,832 INFO  c.c.d.collector.CollectorTask - Repo Count              2        1s
2019-06-06 17:11:01,833 INFO  c.c.d.collector.CollectorTask - New Commits             0        1s
2019-06-06 17:11:01,834 INFO  c.c.d.collector.CollectorTask - New Pulls               0        1s
2019-06-06 17:11:01,835 INFO  c.c.d.collector.CollectorTask - New Issues              0        1s
2019-06-06 17:11:01,839 INFO  c.c.d.collector.CollectorTask - Finished                         1s
2019-06-06 17:11:05,001 INFO  c.c.d.collector.CollectorTask - Running Collector: GitHub
2019-06-06 17:11:05,003 INFO  c.c.d.collector.CollectorTask - -----------------------------------
2019-06-06 17:11:05,004 INFO  c.c.d.collector.CollectorTask - Starting...
2019-06-06 17:11:05,007 INFO  c.c.d.collector.CollectorTask - -----------------------------------
2019-06-06 17:11:05,031 INFO  c.c.d.collector.GitHubCollectorTask - {password=, personalAccessToken=, branch=master, userID=, url=https://github.com/IATVirtusa/devops}::master:: get commits
2019-06-06 17:11:05,032 INFO  c.c.d.collector.DefaultGitHubClient - Executing https://api.github.com/repos/IATVirtusa/devops/commits?sha=master&since=2019-06-06T17:01Z
2019-06-06 17:11:05,399 INFO  c.c.d.collector.GitHubCollectorTask - {password=, personalAccessToken=, branch=master, userID=, url=https://github.com/IATVirtusa/devops}::master get issues
2019-06-06 17:11:05,399 INFO  c.c.d.collector.DefaultGitHubClient - Executing https://api.github.com/repos/IATVirtusa/devops/issues?state=all&since=2019-06-06T17:01Z
2019-06-06 17:11:05,726 INFO  c.c.d.collector.GitHubCollectorTask - {password=, personalAccessToken=, branch=master, userID=, url=https://github.com/IATVirtusa/devops}::master::get pulls
2019-06-06 17:11:05,728 INFO  c.c.d.collector.DefaultGitHubClient - Executing [https://api.github.com/repos/IATVirtusa/devops/pulls?state=all&base=master&sort=updated&direction=desc
2019-06-06 17:11:05,992 INFO  c.c.d.collector.GitHubCollectorTask - {password=, personalAccessToken=, branch=master, userID=, url=https://github.com/IATVirtusa/devops}::master:: get commits
2019-06-06 17:11:05,993 INFO  c.c.d.collector.DefaultGitHubClient - Executing https://api.github.com/repos/IATVirtusa/devops/commits?sha=master&since=2019-06-06T17:01Z
2019-06-06 17:11:06,263 INFO  c.c.d.collector.GitHubCollectorTask - {password=, personalAccessToken=, branch=master, userID=, url=https://github.com/IATVirtusa/devops}::master get issues
2019-06-06 17:11:06,263 INFO  c.c.d.collector.DefaultGitHubClient - Executing https://api.github.com/repos/IATVirtusa/devops/issues?state=all&since=2019-06-06T17:01Z
2019-06-06 17:11:06,527 INFO  c.c.d.collector.GitHubCollectorTask - {password=, personalAccessToken=, branch=master, userID=, url=https://github.com/IATVirtusa/devops}::master::get pulls
2019-06-06 17:11:06,529 INFO  c.c.d.collector.DefaultGitHubClient - Executing [https://api.github.com/repos/IATVirtusa/devops/pulls?state=all&base=master&sort=updated&direction=desc
2019-06-06 17:11:06,814 INFO  c.c.d.collector.CollectorTask - Repo Count              2        1s
2019-06-06 17:11:06,815 INFO  c.c.d.collector.CollectorTask - New Commits             0        1s
2019-06-06 17:11:06,816 INFO  c.c.d.collector.CollectorTask - New Pulls               0        1s
2019-06-06 17:11:06,820 INFO  c.c.d.collector.CollectorTask - New Issues              0        1s
2019-06-06 17:11:06,820 INFO  c.c.d.collector.CollectorTask - Finished                         1s
2019-06-06 17:11:07,827 INFO  o.s.c.a.AnnotationConfigApplicationContext - Closing org.springframework.context.annotation.AnnotationConfigApplicationContext@19f0dc2e: startup date [Thu Jun 06 17:10:50 IST 2019]; parent: org.springframework.context.annotation.AnnotationConfigApplicationContext@3809c3cc
2019-06-06 17:11:07,832 INFO  o.s.j.e.a.AnnotationMBeanExporter - Unregistering JMX-exposed beans on shutdown
2019-06-06 17:11:07,833 INFO  o.s.j.e.a.AnnotationMBeanExporter - Unregistering JMX-exposed beans
2019-06-06 17:11:07,845 INFO  o.s.s.c.ThreadPoolTaskScheduler - Shutting down ExecutorService 'taskScheduler'
2019-06-06 17:30:28,009 INFO  o.h.validator.internal.util.Version - HV000001: Hibernate Validator 5.2.2.Final
2019-06-06 17:30:28,156 INFO  o.s.c.a.AnnotationConfigApplicationContext - Refreshing org.springframework.context.annotation.AnnotationConfigApplicationContext@3809c3cc: startup date [Thu Jun 06 17:30:28 IST 2019]; root of context hierarchy
2019-06-06 17:30:28,464 INFO  o.s.b.f.a.AutowiredAnnotationBeanPostProcessor - JSR-330 'javax.inject.Inject' annotation found and supported for autowiring
2019-06-06 17:30:28,592 INFO  o.s.c.s.PostProcessorRegistrationDelegate$BeanPostProcessorChecker - Bean 'configurationPropertiesRebinderAutoConfiguration' of type [class org.springframework.cloud.autoconfigure.ConfigurationPropertiesRebinderAutoConfiguration$$EnhancerBySpringCGLIB$$24150093] is not eligible for getting processed by all BeanPostProcessors (for example: not eligible for auto-proxying)
2019-06-06 17:30:29,102 INFO  o.s.c.c.c.ConfigServicePropertySourceLocator - Fetching config from server at: http://localhost:8888
2019-06-06 17:30:30,559 WARN  o.s.c.c.c.ConfigServicePropertySourceLocator - Could not locate PropertySource: I/O error on GET request for "http://localhost:8888/application/default": Connection refused: connect; nested exception is java.net.ConnectException: Connection refused: connect
2019-06-06 17:30:30,562 INFO  com.capitalone.dashboard.Application - No profiles are active
2019-06-06 17:30:30,593 INFO  o.s.c.a.AnnotationConfigApplicationContext - Refreshing org.springframework.context.annotation.AnnotationConfigApplicationContext@19f0dc2e: startup date [Thu Jun 06 17:30:30 IST 2019]; parent: org.springframework.context.annotation.AnnotationConfigApplicationContext@3809c3cc
2019-06-06 17:30:32,502 INFO  o.s.cloud.context.scope.GenericScope - BeanFactory id=dc341944-9a12-368f-928c-4e3abef0077f
2019-06-06 17:30:32,508 INFO  c.u.j.EnableEncryptablePropertySourcesPostProcessor - Post-processing PropertySource instances
2019-06-06 17:30:32,611 INFO  c.u.j.c.StringEncryptorConfiguration - String Encryptor custom Bean not found with name 'jasyptStringEncryptor'. Initializing String Encryptor based on properties with name 'jasyptStringEncryptor'
2019-06-06 17:30:32,641 INFO  c.u.j.EnableEncryptablePropertySourcesPostProcessor - Converting PropertySource commandLineArgs [org.springframework.core.env.SimpleCommandLinePropertySource] to EncryptableEnumerablePropertySourceWrapper
2019-06-06 17:30:32,641 INFO  c.u.j.EnableEncryptablePropertySourcesPostProcessor - Converting PropertySource systemProperties [org.springframework.core.env.MapPropertySource] to EncryptableMapPropertySourceWrapper
2019-06-06 17:30:32,643 INFO  c.u.j.EnableEncryptablePropertySourcesPostProcessor - Converting PropertySource systemEnvironment [org.springframework.core.env.SystemEnvironmentPropertySource] to EncryptableMapPropertySourceWrapper
2019-06-06 17:30:32,647 INFO  c.u.j.EnableEncryptablePropertySourcesPostProcessor - Converting PropertySource random [org.springframework.boot.context.config.RandomValuePropertySource] to EncryptablePropertySourceWrapper
2019-06-06 17:30:32,647 INFO  c.u.j.EnableEncryptablePropertySourcesPostProcessor - Converting PropertySource applicationConfig: [file:github.properties] [org.springframework.core.env.PropertiesPropertySource] to EncryptableMapPropertySourceWrapper
2019-06-06 17:30:32,647 INFO  c.u.j.EnableEncryptablePropertySourcesPostProcessor - Converting PropertySource applicationConfig: [file:./github.properties] [org.springframework.core.env.PropertiesPropertySource] to EncryptableMapPropertySourceWrapper
2019-06-06 17:30:32,648 INFO  c.u.j.EnableEncryptablePropertySourcesPostProcessor - Converting PropertySource springCloudClientHostInfo [org.springframework.core.env.MapPropertySource] to EncryptableMapPropertySourceWrapper
2019-06-06 17:30:32,648 INFO  c.u.j.EnableEncryptablePropertySourcesPostProcessor - Converting PropertySource defaultProperties [org.springframework.core.env.MapPropertySource] to EncryptableMapPropertySourceWrapper
2019-06-06 17:30:32,653 INFO  o.s.b.f.a.AutowiredAnnotationBeanPostProcessor - JSR-330 'javax.inject.Inject' annotation found and supported for autowiring
2019-06-06 17:30:33,085 INFO  o.s.c.s.PostProcessorRegistrationDelegate$BeanPostProcessorChecker - Bean 'org.springframework.cloud.autoconfigure.ConfigurationPropertiesRebinderAutoConfiguration' of type [class org.springframework.cloud.autoconfigure.ConfigurationPropertiesRebinderAutoConfiguration$$EnhancerBySpringCGLIB$$24150093] is not eligible for getting processed by all BeanPostProcessors (for example: not eligible for auto-proxying)
2019-06-06 17:30:39,479 INFO  o.s.s.c.ThreadPoolTaskScheduler - Initializing ExecutorService  'taskScheduler'
2019-06-06 17:30:39,604 INFO  c.c.dashboard.config.MongoConfig - ReplicaSetfalse
2019-06-06 17:30:39,759 INFO  c.c.dashboard.config.MongoConfig - Initializing Mongo Client server at: localhost:27017
2019-06-06 17:30:39,906 INFO  org.mongodb.driver.cluster - Cluster created with settings {hosts=[localhost:27017], mode=SINGLE, requiredClusterType=UNKNOWN, serverSelectionTimeout='30000 ms', maxWaitQueueSize=500}
2019-06-06 17:30:40,086 INFO  c.c.dashboard.config.MongoConfig - Connecting to Mongo: Mongo{options=MongoClientOptions{description='null', readPreference=primary, writeConcern=WriteConcern{w=1, wtimeout=0, fsync=false, j=false, codecRegistry=org.bson.codecs.configuration.ProvidersCodecRegistry@d6984914, minConnectionsPerHost=0, maxConnectionsPerHost=100, threadsAllowedToBlockForConnectionMultiplier=5, serverSelectionTimeout=30000, maxWaitTime=120000, maxConnectionIdleTime=60000, maxConnectionLifeTime=0, connectTimeout=10000, socketTimeout=0, socketKeepAlive=false, sslEnabled=false, sslInvalidHostNamesAllowed=false, alwaysUseMBeans=false, heartbeatFrequency=10000, minHeartbeatFrequency=500, heartbeatConnectTimeout=20000, heartbeatSocketTimeout=20000, localThreshold=15, requiredReplicaSetName='null', dbDecoderFactory=com.mongodb.DefaultDBDecoder$1@3c6c9069, dbEncoderFactory=com.mongodb.DefaultDBEncoder$1@3622034, socketFactory=javax.net.DefaultSocketFactory@58d5a864, cursorFinalizerEnabled=true, connectionPoolSettings=ConnectionPoolSettings{maxSize=100, minSize=0, maxWaitQueueSize=500, maxWaitTimeMS=120000, maxConnectionLifeTimeMS=0, maxConnectionIdleTimeMS=60000, maintenanceInitialDelayMS=0, maintenanceFrequencyMS=60000}, socketSettings=SocketSettings{connectTimeoutMS=10000, readTimeoutMS=0, keepAlive=false, receiveBufferSize=0, sendBufferSize=0}, serverSettings=ServerSettings{heartbeatFrequencyMS=10000, minHeartbeatFrequencyMS=500}, heartbeatSocketSettings=SocketSettings{connectTimeoutMS=20000, readTimeoutMS=20000, keepAlive=false, receiveBufferSize=0, sendBufferSize=0}}}
2019-06-06 17:30:40,407 INFO  org.mongodb.driver.connection - Opened connection [connectionId{localValue:1, serverValue:2715}] to localhost:27017
2019-06-06 17:30:40,408 INFO  org.mongodb.driver.cluster - Monitor thread successfully connected to server with description ServerDescription{address=localhost:27017, type=STANDALONE, state=CONNECTED, ok=true, version=ServerVersion{versionList=[4, 0, 6]}, minWireVersion=0, maxWireVersion=7, electionId=null, maxDocumentSize=16777216, roundTripTimeNanos=482096}
2019-06-06 17:30:40,720 INFO  org.mongodb.driver.connection - Opened connection [connectionId{localValue:2, serverValue:2716}] to localhost:27017
2019-06-06 17:30:41,269 INFO  c.c.dashboard.config.MongoConfig - ReplicaSetfalse
2019-06-06 17:30:41,270 INFO  c.c.dashboard.config.MongoConfig - Initializing Mongo Client server at: localhost:27017
2019-06-06 17:30:41,272 INFO  org.mongodb.driver.cluster - Cluster created with settings {hosts=[localhost:27017], mode=SINGLE, requiredClusterType=UNKNOWN, serverSelectionTimeout='30000 ms', maxWaitQueueSize=500}
2019-06-06 17:30:41,277 INFO  c.c.dashboard.config.MongoConfig - Connecting to Mongo: Mongo{options=MongoClientOptions{description='null', readPreference=primary, writeConcern=WriteConcern{w=1, wtimeout=0, fsync=false, j=false, codecRegistry=org.bson.codecs.configuration.ProvidersCodecRegistry@d6984914, minConnectionsPerHost=0, maxConnectionsPerHost=100, threadsAllowedToBlockForConnectionMultiplier=5, serverSelectionTimeout=30000, maxWaitTime=120000, maxConnectionIdleTime=60000, maxConnectionLifeTime=0, connectTimeout=10000, socketTimeout=0, socketKeepAlive=false, sslEnabled=false, sslInvalidHostNamesAllowed=false, alwaysUseMBeans=false, heartbeatFrequency=10000, minHeartbeatFrequency=500, heartbeatConnectTimeout=20000, heartbeatSocketTimeout=20000, localThreshold=15, requiredReplicaSetName='null', dbDecoderFactory=com.mongodb.DefaultDBDecoder$1@3c6c9069, dbEncoderFactory=com.mongodb.DefaultDBEncoder$1@3622034, socketFactory=javax.net.DefaultSocketFactory@58d5a864, cursorFinalizerEnabled=true, connectionPoolSettings=ConnectionPoolSettings{maxSize=100, minSize=0, maxWaitQueueSize=500, maxWaitTimeMS=120000, maxConnectionLifeTimeMS=0, maxConnectionIdleTimeMS=60000, maintenanceInitialDelayMS=0, maintenanceFrequencyMS=60000}, socketSettings=SocketSettings{connectTimeoutMS=10000, readTimeoutMS=0, keepAlive=false, receiveBufferSize=0, sendBufferSize=0}, serverSettings=ServerSettings{heartbeatFrequencyMS=10000, minHeartbeatFrequencyMS=500}, heartbeatSocketSettings=SocketSettings{connectTimeoutMS=20000, readTimeoutMS=20000, keepAlive=false, receiveBufferSize=0, sendBufferSize=0}}}
2019-06-06 17:30:41,295 INFO  c.c.dashboard.config.MongoConfig - ReplicaSetfalse
2019-06-06 17:30:41,295 INFO  c.c.dashboard.config.MongoConfig - Initializing Mongo Client server at: localhost:27017
2019-06-06 17:30:41,297 INFO  org.mongodb.driver.cluster - Cluster created with settings {hosts=[localhost:27017], mode=SINGLE, requiredClusterType=UNKNOWN, serverSelectionTimeout='30000 ms', maxWaitQueueSize=500}
2019-06-06 17:30:41,302 INFO  c.c.dashboard.config.MongoConfig - Connecting to Mongo: Mongo{options=MongoClientOptions{description='null', readPreference=primary, writeConcern=WriteConcern{w=1, wtimeout=0, fsync=false, j=false, codecRegistry=org.bson.codecs.configuration.ProvidersCodecRegistry@d6984914, minConnectionsPerHost=0, maxConnectionsPerHost=100, threadsAllowedToBlockForConnectionMultiplier=5, serverSelectionTimeout=30000, maxWaitTime=120000, maxConnectionIdleTime=60000, maxConnectionLifeTime=0, connectTimeout=10000, socketTimeout=0, socketKeepAlive=false, sslEnabled=false, sslInvalidHostNamesAllowed=false, alwaysUseMBeans=false, heartbeatFrequency=10000, minHeartbeatFrequency=500, heartbeatConnectTimeout=20000, heartbeatSocketTimeout=20000, localThreshold=15, requiredReplicaSetName='null', dbDecoderFactory=com.mongodb.DefaultDBDecoder$1@3c6c9069, dbEncoderFactory=com.mongodb.DefaultDBEncoder$1@3622034, socketFactory=javax.net.DefaultSocketFactory@58d5a864, cursorFinalizerEnabled=true, connectionPoolSettings=ConnectionPoolSettings{maxSize=100, minSize=0, maxWaitQueueSize=500, maxWaitTimeMS=120000, maxConnectionLifeTimeMS=0, maxConnectionIdleTimeMS=60000, maintenanceInitialDelayMS=0, maintenanceFrequencyMS=60000}, socketSettings=SocketSettings{connectTimeoutMS=10000, readTimeoutMS=0, keepAlive=false, receiveBufferSize=0, sendBufferSize=0}, serverSettings=ServerSettings{heartbeatFrequencyMS=10000, minHeartbeatFrequencyMS=500}, heartbeatSocketSettings=SocketSettings{connectTimeoutMS=20000, readTimeoutMS=20000, keepAlive=false, receiveBufferSize=0, sendBufferSize=0}}}
2019-06-06 17:30:41,311 INFO  org.mongodb.driver.connection - Opened connection [connectionId{localValue:3, serverValue:2717}] to localhost:27017
2019-06-06 17:30:41,312 INFO  org.mongodb.driver.cluster - Monitor thread successfully connected to server with description ServerDescription{address=localhost:27017, type=STANDALONE, state=CONNECTED, ok=true, version=ServerVersion{versionList=[4, 0, 6]}, minWireVersion=0, maxWireVersion=7, electionId=null, maxDocumentSize=16777216, roundTripTimeNanos=487931}
2019-06-06 17:30:41,324 INFO  org.mongodb.driver.connection - Opened connection [connectionId{localValue:4, serverValue:2718}] to localhost:27017
2019-06-06 17:30:41,325 INFO  org.mongodb.driver.cluster - Monitor thread successfully connected to server with description ServerDescription{address=localhost:27017, type=STANDALONE, state=CONNECTED, ok=true, version=ServerVersion{versionList=[4, 0, 6]}, minWireVersion=0, maxWireVersion=7, electionId=null, maxDocumentSize=16777216, roundTripTimeNanos=327840}
2019-06-06 17:30:41,772 INFO  c.c.dashboard.config.MongoConfig - ReplicaSetfalse
2019-06-06 17:30:41,773 INFO  c.c.dashboard.config.MongoConfig - Initializing Mongo Client server at: localhost:27017
2019-06-06 17:30:41,774 INFO  org.mongodb.driver.cluster - Cluster created with settings {hosts=[localhost:27017], mode=SINGLE, requiredClusterType=UNKNOWN, serverSelectionTimeout='30000 ms', maxWaitQueueSize=500}
2019-06-06 17:30:41,779 INFO  c.c.dashboard.config.MongoConfig - Connecting to Mongo: Mongo{options=MongoClientOptions{description='null', readPreference=primary, writeConcern=WriteConcern{w=1, wtimeout=0, fsync=false, j=false, codecRegistry=org.bson.codecs.configuration.ProvidersCodecRegistry@d6984914, minConnectionsPerHost=0, maxConnectionsPerHost=100, threadsAllowedToBlockForConnectionMultiplier=5, serverSelectionTimeout=30000, maxWaitTime=120000, maxConnectionIdleTime=60000, maxConnectionLifeTime=0, connectTimeout=10000, socketTimeout=0, socketKeepAlive=false, sslEnabled=false, sslInvalidHostNamesAllowed=false, alwaysUseMBeans=false, heartbeatFrequency=10000, minHeartbeatFrequency=500, heartbeatConnectTimeout=20000, heartbeatSocketTimeout=20000, localThreshold=15, requiredReplicaSetName='null', dbDecoderFactory=com.mongodb.DefaultDBDecoder$1@3c6c9069, dbEncoderFactory=com.mongodb.DefaultDBEncoder$1@3622034, socketFactory=javax.net.DefaultSocketFactory@58d5a864, cursorFinalizerEnabled=true, connectionPoolSettings=ConnectionPoolSettings{maxSize=100, minSize=0, maxWaitQueueSize=500, maxWaitTimeMS=120000, maxConnectionLifeTimeMS=0, maxConnectionIdleTimeMS=60000, maintenanceInitialDelayMS=0, maintenanceFrequencyMS=60000}, socketSettings=SocketSettings{connectTimeoutMS=10000, readTimeoutMS=0, keepAlive=false, receiveBufferSize=0, sendBufferSize=0}, serverSettings=ServerSettings{heartbeatFrequencyMS=10000, minHeartbeatFrequencyMS=500}, heartbeatSocketSettings=SocketSettings{connectTimeoutMS=20000, readTimeoutMS=20000, keepAlive=false, receiveBufferSize=0, sendBufferSize=0}}}
2019-06-06 17:30:41,794 INFO  org.mongodb.driver.connection - Opened connection [connectionId{localValue:5, serverValue:2719}] to localhost:27017
2019-06-06 17:30:41,795 INFO  org.mongodb.driver.cluster - Monitor thread successfully connected to server with description ServerDescription{address=localhost:27017, type=STANDALONE, state=CONNECTED, ok=true, version=ServerVersion{versionList=[4, 0, 6]}, minWireVersion=0, maxWireVersion=7, electionId=null, maxDocumentSize=16777216, roundTripTimeNanos=463862}
2019-06-06 17:30:42,692 INFO  o.s.j.e.a.AnnotationMBeanExporter - Registering beans for JMX exposure on startup
2019-06-06 17:30:42,701 INFO  o.s.j.e.a.AnnotationMBeanExporter - Bean with name 'configurationPropertiesRebinder' has been autodetected for JMX exposure
2019-06-06 17:30:42,702 INFO  o.s.j.e.a.AnnotationMBeanExporter - Bean with name 'environmentManager' has been autodetected for JMX exposure
2019-06-06 17:30:42,703 INFO  o.s.j.e.a.AnnotationMBeanExporter - Bean with name 'refreshScope' has been autodetected for JMX exposure
2019-06-06 17:30:42,711 INFO  o.s.j.e.a.AnnotationMBeanExporter - Located managed bean 'environmentManager': registering with JMX server as MBean [org.springframework.cloud.context.environment:name=environmentManager,type=EnvironmentManager]
2019-06-06 17:30:42,729 INFO  o.s.j.e.a.AnnotationMBeanExporter - Located managed bean 'refreshScope': registering with JMX server as MBean [org.springframework.cloud.context.scope.refresh:name=refreshScope,type=RefreshScope]
2019-06-06 17:30:42,735 INFO  o.s.j.e.a.AnnotationMBeanExporter - Located managed bean 'configurationPropertiesRebinder': registering with JMX server as MBean [org.springframework.cloud.context.properties:name=configurationPropertiesRebinder,context=19f0dc2e,type=ConfigurationPropertiesRebinder]
2019-06-06 17:30:42,777 INFO  com.capitalone.dashboard.Application - Started Application in 15.386 seconds (JVM running for 16.462)
2019-06-06 17:30:45,001 INFO  c.c.d.collector.CollectorTask - Running Collector: GitHub
2019-06-06 17:30:45,022 INFO  c.c.d.collector.CollectorTask - -----------------------------------
2019-06-06 17:30:45,022 INFO  c.c.d.collector.CollectorTask - Starting...
2019-06-06 17:30:45,024 INFO  c.c.d.collector.CollectorTask - -----------------------------------
2019-06-06 17:30:45,292 INFO  c.c.d.collector.GitHubCollectorTask - {password=, personalAccessToken=, branch=master, userID=, url=https://github.com/IATVirtusa/devops}::master:: get commits
2019-06-06 17:30:45,316 INFO  c.c.d.collector.DefaultGitHubClient - Executing https://api.github.com/repos/IATVirtusa/devops/commits?sha=master&since=2019-06-06T17:01Z
2019-06-06 17:30:46,653 INFO  c.c.d.collector.GitHubCollectorTask - {password=, personalAccessToken=, branch=master, userID=, url=https://github.com/IATVirtusa/devops}::master get issues
2019-06-06 17:30:46,654 INFO  c.c.d.collector.DefaultGitHubClient - Executing https://api.github.com/repos/IATVirtusa/devops/issues?state=all&since=2019-06-06T17:01Z
2019-06-06 17:30:46,946 INFO  c.c.d.collector.GitHubCollectorTask - {password=, personalAccessToken=, branch=master, userID=, url=https://github.com/IATVirtusa/devops}::master::get pulls
2019-06-06 17:30:46,950 INFO  c.c.d.collector.DefaultGitHubClient - Executing [https://api.github.com/repos/IATVirtusa/devops/pulls?state=all&base=master&sort=updated&direction=desc
2019-06-06 17:30:47,221 INFO  c.c.d.collector.GitHubCollectorTask - {password=, personalAccessToken=, branch=master, userID=, url=https://github.com/IATVirtusa/devops}::master:: get commits
2019-06-06 17:30:47,222 INFO  c.c.d.collector.DefaultGitHubClient - Executing https://api.github.com/repos/IATVirtusa/devops/commits?sha=master&since=2019-06-06T17:01Z
2019-06-06 17:30:47,565 INFO  c.c.d.collector.GitHubCollectorTask - {password=, personalAccessToken=, branch=master, userID=, url=https://github.com/IATVirtusa/devops}::master get issues
2019-06-06 17:30:47,565 INFO  c.c.d.collector.DefaultGitHubClient - Executing https://api.github.com/repos/IATVirtusa/devops/issues?state=all&since=2019-06-06T17:01Z
2019-06-06 17:30:47,825 INFO  c.c.d.collector.GitHubCollectorTask - {password=, personalAccessToken=, branch=master, userID=, url=https://github.com/IATVirtusa/devops}::master::get pulls
2019-06-06 17:30:47,827 INFO  c.c.d.collector.DefaultGitHubClient - Executing [https://api.github.com/repos/IATVirtusa/devops/pulls?state=all&base=master&sort=updated&direction=desc
2019-06-06 17:30:48,208 INFO  c.c.d.collector.CollectorTask - Repo Count              2        3s
2019-06-06 17:30:48,209 INFO  c.c.d.collector.CollectorTask - New Commits             0        3s
2019-06-06 17:30:48,210 INFO  c.c.d.collector.CollectorTask - New Pulls               0        3s
2019-06-06 17:30:48,214 INFO  c.c.d.collector.CollectorTask - New Issues              0        3s
2019-06-06 17:30:48,214 INFO  c.c.d.collector.CollectorTask - Finished                         3s
2019-06-06 17:30:50,002 INFO  c.c.d.collector.CollectorTask - Running Collector: GitHub
2019-06-06 17:30:50,006 INFO  c.c.d.collector.CollectorTask - -----------------------------------
2019-06-06 17:30:50,006 INFO  c.c.d.collector.CollectorTask - Starting...
2019-06-06 17:30:50,007 INFO  c.c.d.collector.CollectorTask - -----------------------------------
2019-06-06 17:30:50,044 INFO  c.c.d.collector.GitHubCollectorTask - {password=, personalAccessToken=, branch=master, userID=, url=https://github.com/IATVirtusa/devops}::master:: get commits
2019-06-06 17:30:50,045 INFO  c.c.d.collector.DefaultGitHubClient - Executing https://api.github.com/repos/IATVirtusa/devops/commits?sha=master&since=2019-06-06T17:20Z
2019-06-06 17:30:50,343 INFO  c.c.d.collector.GitHubCollectorTask - {password=, personalAccessToken=, branch=master, userID=, url=https://github.com/IATVirtusa/devops}::master get issues
2019-06-06 17:30:50,344 INFO  c.c.d.collector.DefaultGitHubClient - Executing https://api.github.com/repos/IATVirtusa/devops/issues?state=all&since=2019-06-06T17:20Z
2019-06-06 17:30:50,668 INFO  c.c.d.collector.GitHubCollectorTask - {password=, personalAccessToken=, branch=master, userID=, url=https://github.com/IATVirtusa/devops}::master::get pulls
2019-06-06 17:30:50,673 INFO  c.c.d.collector.DefaultGitHubClient - Executing [https://api.github.com/repos/IATVirtusa/devops/pulls?state=all&base=master&sort=updated&direction=desc
2019-06-06 17:30:51,131 INFO  c.c.d.collector.GitHubCollectorTask - {password=, personalAccessToken=, branch=master, userID=, url=https://github.com/IATVirtusa/devops}::master:: get commits
2019-06-06 17:30:51,132 INFO  c.c.d.collector.DefaultGitHubClient - Executing https://api.github.com/repos/IATVirtusa/devops/commits?sha=master&since=2019-06-06T17:20Z
2019-06-06 17:30:51,459 INFO  c.c.d.collector.GitHubCollectorTask - {password=, personalAccessToken=, branch=master, userID=, url=https://github.com/IATVirtusa/devops}::master get issues
2019-06-06 17:30:51,459 INFO  c.c.d.collector.DefaultGitHubClient - Executing https://api.github.com/repos/IATVirtusa/devops/issues?state=all&since=2019-06-06T17:20Z
2019-06-06 17:30:51,814 INFO  c.c.d.collector.GitHubCollectorTask - {password=, personalAccessToken=, branch=master, userID=, url=https://github.com/IATVirtusa/devops}::master::get pulls
2019-06-06 17:30:51,816 INFO  c.c.d.collector.DefaultGitHubClient - Executing [https://api.github.com/repos/IATVirtusa/devops/pulls?state=all&base=master&sort=updated&direction=desc
2019-06-06 17:30:52,084 INFO  c.c.d.collector.CollectorTask - Repo Count              2        2s
2019-06-06 17:30:52,084 INFO  c.c.d.collector.CollectorTask - New Commits             0        2s
2019-06-06 17:30:52,086 INFO  c.c.d.collector.CollectorTask - New Pulls               0        2s
2019-06-06 17:30:52,090 INFO  c.c.d.collector.CollectorTask - New Issues              0        2s
2019-06-06 17:30:52,091 INFO  c.c.d.collector.CollectorTask - Finished                         2s
2019-06-06 17:30:53,856 INFO  o.s.c.a.AnnotationConfigApplicationContext - Closing org.springframework.context.annotation.AnnotationConfigApplicationContext@19f0dc2e: startup date [Thu Jun 06 17:30:30 IST 2019]; parent: org.springframework.context.annotation.AnnotationConfigApplicationContext@3809c3cc
2019-06-06 17:30:53,859 INFO  o.s.j.e.a.AnnotationMBeanExporter - Unregistering JMX-exposed beans on shutdown
2019-06-06 17:30:53,859 INFO  o.s.j.e.a.AnnotationMBeanExporter - Unregistering JMX-exposed beans
2019-06-06 17:30:53,871 INFO  o.s.s.c.ThreadPoolTaskScheduler - Shutting down ExecutorService 'taskScheduler'
2019-06-06 17:31:27,317 INFO  o.h.validator.internal.util.Version - HV000001: Hibernate Validator 5.2.2.Final
2019-06-06 17:31:27,455 INFO  o.s.c.a.AnnotationConfigApplicationContext - Refreshing org.springframework.context.annotation.AnnotationConfigApplicationContext@3809c3cc: startup date [Thu Jun 06 17:31:27 IST 2019]; root of context hierarchy
2019-06-06 17:31:27,688 INFO  o.s.b.f.a.AutowiredAnnotationBeanPostProcessor - JSR-330 'javax.inject.Inject' annotation found and supported for autowiring
2019-06-06 17:31:27,796 INFO  o.s.c.s.PostProcessorRegistrationDelegate$BeanPostProcessorChecker - Bean 'configurationPropertiesRebinderAutoConfiguration' of type [class org.springframework.cloud.autoconfigure.ConfigurationPropertiesRebinderAutoConfiguration$$EnhancerBySpringCGLIB$$24150093] is not eligible for getting processed by all BeanPostProcessors (for example: not eligible for auto-proxying)
2019-06-06 17:31:28,155 INFO  o.s.c.c.c.ConfigServicePropertySourceLocator - Fetching config from server at: http://localhost:8888
2019-06-06 17:31:29,330 WARN  o.s.c.c.c.ConfigServicePropertySourceLocator - Could not locate PropertySource: I/O error on GET request for "http://localhost:8888/application/default": Connection refused: connect; nested exception is java.net.ConnectException: Connection refused: connect
2019-06-06 17:31:29,331 INFO  com.capitalone.dashboard.Application - No profiles are active
2019-06-06 17:31:29,346 INFO  o.s.c.a.AnnotationConfigApplicationContext - Refreshing org.springframework.context.annotation.AnnotationConfigApplicationContext@19f0dc2e: startup date [Thu Jun 06 17:31:29 IST 2019]; parent: org.springframework.context.annotation.AnnotationConfigApplicationContext@3809c3cc
2019-06-06 17:31:31,114 INFO  o.s.cloud.context.scope.GenericScope - BeanFactory id=dc341944-9a12-368f-928c-4e3abef0077f
2019-06-06 17:31:31,119 INFO  c.u.j.EnableEncryptablePropertySourcesPostProcessor - Post-processing PropertySource instances
2019-06-06 17:31:31,134 INFO  c.u.j.c.StringEncryptorConfiguration - String Encryptor custom Bean not found with name 'jasyptStringEncryptor'. Initializing String Encryptor based on properties with name 'jasyptStringEncryptor'
2019-06-06 17:31:31,146 INFO  c.u.j.EnableEncryptablePropertySourcesPostProcessor - Converting PropertySource commandLineArgs [org.springframework.core.env.SimpleCommandLinePropertySource] to EncryptableEnumerablePropertySourceWrapper
2019-06-06 17:31:31,147 INFO  c.u.j.EnableEncryptablePropertySourcesPostProcessor - Converting PropertySource systemProperties [org.springframework.core.env.MapPropertySource] to EncryptableMapPropertySourceWrapper
2019-06-06 17:31:31,147 INFO  c.u.j.EnableEncryptablePropertySourcesPostProcessor - Converting PropertySource systemEnvironment [org.springframework.core.env.SystemEnvironmentPropertySource] to EncryptableMapPropertySourceWrapper
2019-06-06 17:31:31,148 INFO  c.u.j.EnableEncryptablePropertySourcesPostProcessor - Converting PropertySource random [org.springframework.boot.context.config.RandomValuePropertySource] to EncryptablePropertySourceWrapper
2019-06-06 17:31:31,149 INFO  c.u.j.EnableEncryptablePropertySourcesPostProcessor - Converting PropertySource applicationConfig: [file:github.properties] [org.springframework.core.env.PropertiesPropertySource] to EncryptableMapPropertySourceWrapper
2019-06-06 17:31:31,167 INFO  c.u.j.EnableEncryptablePropertySourcesPostProcessor - Converting PropertySource applicationConfig: [file:./github.properties] [org.springframework.core.env.PropertiesPropertySource] to EncryptableMapPropertySourceWrapper
2019-06-06 17:31:31,168 INFO  c.u.j.EnableEncryptablePropertySourcesPostProcessor - Converting PropertySource springCloudClientHostInfo [org.springframework.core.env.MapPropertySource] to EncryptableMapPropertySourceWrapper
2019-06-06 17:31:31,168 INFO  c.u.j.EnableEncryptablePropertySourcesPostProcessor - Converting PropertySource defaultProperties [org.springframework.core.env.MapPropertySource] to EncryptableMapPropertySourceWrapper
2019-06-06 17:31:31,173 INFO  o.s.b.f.a.AutowiredAnnotationBeanPostProcessor - JSR-330 'javax.inject.Inject' annotation found and supported for autowiring
2019-06-06 17:31:31,238 INFO  o.s.c.s.PostProcessorRegistrationDelegate$BeanPostProcessorChecker - Bean 'org.springframework.cloud.autoconfigure.ConfigurationPropertiesRebinderAutoConfiguration' of type [class org.springframework.cloud.autoconfigure.ConfigurationPropertiesRebinderAutoConfiguration$$EnhancerBySpringCGLIB$$24150093] is not eligible for getting processed by all BeanPostProcessors (for example: not eligible for auto-proxying)
2019-06-06 17:31:32,040 INFO  o.s.s.c.ThreadPoolTaskScheduler - Initializing ExecutorService  'taskScheduler'
2019-06-06 17:31:32,138 INFO  c.c.dashboard.config.MongoConfig - ReplicaSetfalse
2019-06-06 17:31:32,312 INFO  c.c.dashboard.config.MongoConfig - Initializing Mongo Client server at: localhost:27017
2019-06-06 17:31:32,600 INFO  org.mongodb.driver.cluster - Cluster created with settings {hosts=[localhost:27017], mode=SINGLE, requiredClusterType=UNKNOWN, serverSelectionTimeout='30000 ms', maxWaitQueueSize=500}
2019-06-06 17:31:32,692 INFO  c.c.dashboard.config.MongoConfig - Connecting to Mongo: Mongo{options=MongoClientOptions{description='null', readPreference=primary, writeConcern=WriteConcern{w=1, wtimeout=0, fsync=false, j=false, codecRegistry=org.bson.codecs.configuration.ProvidersCodecRegistry@d6984914, minConnectionsPerHost=0, maxConnectionsPerHost=100, threadsAllowedToBlockForConnectionMultiplier=5, serverSelectionTimeout=30000, maxWaitTime=120000, maxConnectionIdleTime=60000, maxConnectionLifeTime=0, connectTimeout=10000, socketTimeout=0, socketKeepAlive=false, sslEnabled=false, sslInvalidHostNamesAllowed=false, alwaysUseMBeans=false, heartbeatFrequency=10000, minHeartbeatFrequency=500, heartbeatConnectTimeout=20000, heartbeatSocketTimeout=20000, localThreshold=15, requiredReplicaSetName='null', dbDecoderFactory=com.mongodb.DefaultDBDecoder$1@3c6c9069, dbEncoderFactory=com.mongodb.DefaultDBEncoder$1@3622034, socketFactory=javax.net.DefaultSocketFactory@58d5a864, cursorFinalizerEnabled=true, connectionPoolSettings=ConnectionPoolSettings{maxSize=100, minSize=0, maxWaitQueueSize=500, maxWaitTimeMS=120000, maxConnectionLifeTimeMS=0, maxConnectionIdleTimeMS=60000, maintenanceInitialDelayMS=0, maintenanceFrequencyMS=60000}, socketSettings=SocketSettings{connectTimeoutMS=10000, readTimeoutMS=0, keepAlive=false, receiveBufferSize=0, sendBufferSize=0}, serverSettings=ServerSettings{heartbeatFrequencyMS=10000, minHeartbeatFrequencyMS=500}, heartbeatSocketSettings=SocketSettings{connectTimeoutMS=20000, readTimeoutMS=20000, keepAlive=false, receiveBufferSize=0, sendBufferSize=0}}}
2019-06-06 17:31:32,923 INFO  org.mongodb.driver.connection - Opened connection [connectionId{localValue:1, serverValue:2722}] to localhost:27017
2019-06-06 17:31:32,924 INFO  org.mongodb.driver.cluster - Monitor thread successfully connected to server with description ServerDescription{address=localhost:27017, type=STANDALONE, state=CONNECTED, ok=true, version=ServerVersion{versionList=[4, 0, 6]}, minWireVersion=0, maxWireVersion=7, electionId=null, maxDocumentSize=16777216, roundTripTimeNanos=464956}
2019-06-06 17:31:33,088 INFO  org.mongodb.driver.connection - Opened connection [connectionId{localValue:2, serverValue:2723}] to localhost:27017
2019-06-06 17:31:33,472 INFO  c.c.dashboard.config.MongoConfig - ReplicaSetfalse
2019-06-06 17:31:33,473 INFO  c.c.dashboard.config.MongoConfig - Initializing Mongo Client server at: localhost:27017
2019-06-06 17:31:33,477 INFO  org.mongodb.driver.cluster - Cluster created with settings {hosts=[localhost:27017], mode=SINGLE, requiredClusterType=UNKNOWN, serverSelectionTimeout='30000 ms', maxWaitQueueSize=500}
2019-06-06 17:31:33,478 INFO  c.c.dashboard.config.MongoConfig - Connecting to Mongo: Mongo{options=MongoClientOptions{description='null', readPreference=primary, writeConcern=WriteConcern{w=1, wtimeout=0, fsync=false, j=false, codecRegistry=org.bson.codecs.configuration.ProvidersCodecRegistry@d6984914, minConnectionsPerHost=0, maxConnectionsPerHost=100, threadsAllowedToBlockForConnectionMultiplier=5, serverSelectionTimeout=30000, maxWaitTime=120000, maxConnectionIdleTime=60000, maxConnectionLifeTime=0, connectTimeout=10000, socketTimeout=0, socketKeepAlive=false, sslEnabled=false, sslInvalidHostNamesAllowed=false, alwaysUseMBeans=false, heartbeatFrequency=10000, minHeartbeatFrequency=500, heartbeatConnectTimeout=20000, heartbeatSocketTimeout=20000, localThreshold=15, requiredReplicaSetName='null', dbDecoderFactory=com.mongodb.DefaultDBDecoder$1@3c6c9069, dbEncoderFactory=com.mongodb.DefaultDBEncoder$1@3622034, socketFactory=javax.net.DefaultSocketFactory@58d5a864, cursorFinalizerEnabled=true, connectionPoolSettings=ConnectionPoolSettings{maxSize=100, minSize=0, maxWaitQueueSize=500, maxWaitTimeMS=120000, maxConnectionLifeTimeMS=0, maxConnectionIdleTimeMS=60000, maintenanceInitialDelayMS=0, maintenanceFrequencyMS=60000}, socketSettings=SocketSettings{connectTimeoutMS=10000, readTimeoutMS=0, keepAlive=false, receiveBufferSize=0, sendBufferSize=0}, serverSettings=ServerSettings{heartbeatFrequencyMS=10000, minHeartbeatFrequencyMS=500}, heartbeatSocketSettings=SocketSettings{connectTimeoutMS=20000, readTimeoutMS=20000, keepAlive=false, receiveBufferSize=0, sendBufferSize=0}}}
2019-06-06 17:31:33,494 INFO  c.c.dashboard.config.MongoConfig - ReplicaSetfalse
2019-06-06 17:31:33,494 INFO  c.c.dashboard.config.MongoConfig - Initializing Mongo Client server at: localhost:27017
2019-06-06 17:31:33,495 INFO  org.mongodb.driver.cluster - Cluster created with settings {hosts=[localhost:27017], mode=SINGLE, requiredClusterType=UNKNOWN, serverSelectionTimeout='30000 ms', maxWaitQueueSize=500}
2019-06-06 17:31:33,498 INFO  c.c.dashboard.config.MongoConfig - Connecting to Mongo: Mongo{options=MongoClientOptions{description='null', readPreference=primary, writeConcern=WriteConcern{w=1, wtimeout=0, fsync=false, j=false, codecRegistry=org.bson.codecs.configuration.ProvidersCodecRegistry@d6984914, minConnectionsPerHost=0, maxConnectionsPerHost=100, threadsAllowedToBlockForConnectionMultiplier=5, serverSelectionTimeout=30000, maxWaitTime=120000, maxConnectionIdleTime=60000, maxConnectionLifeTime=0, connectTimeout=10000, socketTimeout=0, socketKeepAlive=false, sslEnabled=false, sslInvalidHostNamesAllowed=false, alwaysUseMBeans=false, heartbeatFrequency=10000, minHeartbeatFrequency=500, heartbeatConnectTimeout=20000, heartbeatSocketTimeout=20000, localThreshold=15, requiredReplicaSetName='null', dbDecoderFactory=com.mongodb.DefaultDBDecoder$1@3c6c9069, dbEncoderFactory=com.mongodb.DefaultDBEncoder$1@3622034, socketFactory=javax.net.DefaultSocketFactory@58d5a864, cursorFinalizerEnabled=true, connectionPoolSettings=ConnectionPoolSettings{maxSize=100, minSize=0, maxWaitQueueSize=500, maxWaitTimeMS=120000, maxConnectionLifeTimeMS=0, maxConnectionIdleTimeMS=60000, maintenanceInitialDelayMS=0, maintenanceFrequencyMS=60000}, socketSettings=SocketSettings{connectTimeoutMS=10000, readTimeoutMS=0, keepAlive=false, receiveBufferSize=0, sendBufferSize=0}, serverSettings=ServerSettings{heartbeatFrequencyMS=10000, minHeartbeatFrequencyMS=500}, heartbeatSocketSettings=SocketSettings{connectTimeoutMS=20000, readTimeoutMS=20000, keepAlive=false, receiveBufferSize=0, sendBufferSize=0}}}
2019-06-06 17:31:33,505 INFO  org.mongodb.driver.connection - Opened connection [connectionId{localValue:3, serverValue:2724}] to localhost:27017
2019-06-06 17:31:33,506 INFO  org.mongodb.driver.cluster - Monitor thread successfully connected to server with description ServerDescription{address=localhost:27017, type=STANDALONE, state=CONNECTED, ok=true, version=ServerVersion{versionList=[4, 0, 6]}, minWireVersion=0, maxWireVersion=7, electionId=null, maxDocumentSize=16777216, roundTripTimeNanos=443441}
2019-06-06 17:31:33,520 INFO  org.mongodb.driver.connection - Opened connection [connectionId{localValue:4, serverValue:2725}] to localhost:27017
2019-06-06 17:31:33,521 INFO  org.mongodb.driver.cluster - Monitor thread successfully connected to server with description ServerDescription{address=localhost:27017, type=STANDALONE, state=CONNECTED, ok=true, version=ServerVersion{versionList=[4, 0, 6]}, minWireVersion=0, maxWireVersion=7, electionId=null, maxDocumentSize=16777216, roundTripTimeNanos=408798}
2019-06-06 17:31:34,050 INFO  c.c.dashboard.config.MongoConfig - ReplicaSetfalse
2019-06-06 17:31:34,050 INFO  c.c.dashboard.config.MongoConfig - Initializing Mongo Client server at: localhost:27017
2019-06-06 17:31:34,052 INFO  org.mongodb.driver.cluster - Cluster created with settings {hosts=[localhost:27017], mode=SINGLE, requiredClusterType=UNKNOWN, serverSelectionTimeout='30000 ms', maxWaitQueueSize=500}
2019-06-06 17:31:34,057 INFO  c.c.dashboard.config.MongoConfig - Connecting to Mongo: Mongo{options=MongoClientOptions{description='null', readPreference=primary, writeConcern=WriteConcern{w=1, wtimeout=0, fsync=false, j=false, codecRegistry=org.bson.codecs.configuration.ProvidersCodecRegistry@d6984914, minConnectionsPerHost=0, maxConnectionsPerHost=100, threadsAllowedToBlockForConnectionMultiplier=5, serverSelectionTimeout=30000, maxWaitTime=120000, maxConnectionIdleTime=60000, maxConnectionLifeTime=0, connectTimeout=10000, socketTimeout=0, socketKeepAlive=false, sslEnabled=false, sslInvalidHostNamesAllowed=false, alwaysUseMBeans=false, heartbeatFrequency=10000, minHeartbeatFrequency=500, heartbeatConnectTimeout=20000, heartbeatSocketTimeout=20000, localThreshold=15, requiredReplicaSetName='null', dbDecoderFactory=com.mongodb.DefaultDBDecoder$1@3c6c9069, dbEncoderFactory=com.mongodb.DefaultDBEncoder$1@3622034, socketFactory=javax.net.DefaultSocketFactory@58d5a864, cursorFinalizerEnabled=true, connectionPoolSettings=ConnectionPoolSettings{maxSize=100, minSize=0, maxWaitQueueSize=500, maxWaitTimeMS=120000, maxConnectionLifeTimeMS=0, maxConnectionIdleTimeMS=60000, maintenanceInitialDelayMS=0, maintenanceFrequencyMS=60000}, socketSettings=SocketSettings{connectTimeoutMS=10000, readTimeoutMS=0, keepAlive=false, receiveBufferSize=0, sendBufferSize=0}, serverSettings=ServerSettings{heartbeatFrequencyMS=10000, minHeartbeatFrequencyMS=500}, heartbeatSocketSettings=SocketSettings{connectTimeoutMS=20000, readTimeoutMS=20000, keepAlive=false, receiveBufferSize=0, sendBufferSize=0}}}
2019-06-06 17:31:34,075 INFO  org.mongodb.driver.connection - Opened connection [connectionId{localValue:5, serverValue:2726}] to localhost:27017
2019-06-06 17:31:34,075 INFO  org.mongodb.driver.cluster - Monitor thread successfully connected to server with description ServerDescription{address=localhost:27017, type=STANDALONE, state=CONNECTED, ok=true, version=ServerVersion{versionList=[4, 0, 6]}, minWireVersion=0, maxWireVersion=7, electionId=null, maxDocumentSize=16777216, roundTripTimeNanos=322370}
2019-06-06 17:31:35,002 INFO  c.c.d.collector.CollectorTask - Running Collector: GitHub
2019-06-06 17:31:35,116 INFO  o.s.j.e.a.AnnotationMBeanExporter - Registering beans for JMX exposure on startup
2019-06-06 17:31:35,128 INFO  o.s.j.e.a.AnnotationMBeanExporter - Bean with name 'configurationPropertiesRebinder' has been autodetected for JMX exposure
2019-06-06 17:31:35,129 INFO  o.s.j.e.a.AnnotationMBeanExporter - Bean with name 'environmentManager' has been autodetected for JMX exposure
2019-06-06 17:31:35,131 INFO  o.s.j.e.a.AnnotationMBeanExporter - Bean with name 'refreshScope' has been autodetected for JMX exposure
2019-06-06 17:31:35,133 INFO  o.s.j.e.a.AnnotationMBeanExporter - Located managed bean 'environmentManager': registering with JMX server as MBean [org.springframework.cloud.context.environment:name=environmentManager,type=EnvironmentManager]
2019-06-06 17:31:35,138 INFO  c.c.d.collector.CollectorTask - -----------------------------------
2019-06-06 17:31:35,138 INFO  c.c.d.collector.CollectorTask - Starting...
2019-06-06 17:31:35,143 INFO  c.c.d.collector.CollectorTask - -----------------------------------
2019-06-06 17:31:35,154 INFO  o.s.j.e.a.AnnotationMBeanExporter - Located managed bean 'refreshScope': registering with JMX server as MBean [org.springframework.cloud.context.scope.refresh:name=refreshScope,type=RefreshScope]
2019-06-06 17:31:35,165 INFO  o.s.j.e.a.AnnotationMBeanExporter - Located managed bean 'configurationPropertiesRebinder': registering with JMX server as MBean [org.springframework.cloud.context.properties:name=configurationPropertiesRebinder,context=19f0dc2e,type=ConfigurationPropertiesRebinder]
2019-06-06 17:31:35,220 INFO  com.capitalone.dashboard.Application - Started Application in 8.29 seconds (JVM running for 9.205)
2019-06-06 17:31:35,233 INFO  c.c.d.collector.CollectorTask - Repo Count              0        0s
2019-06-06 17:31:35,239 INFO  c.c.d.collector.CollectorTask - New Commits             0        0s
2019-06-06 17:31:35,241 INFO  c.c.d.collector.CollectorTask - New Pulls               0        0s
2019-06-06 17:31:35,246 INFO  c.c.d.collector.CollectorTask - New Issues              0        0s
2019-06-06 17:31:35,247 INFO  c.c.d.collector.CollectorTask - Finished                         0s
2019-06-06 17:31:40,001 INFO  c.c.d.collector.CollectorTask - Running Collector: GitHub
2019-06-06 17:31:40,007 INFO  c.c.d.collector.CollectorTask - -----------------------------------
2019-06-06 17:31:40,008 INFO  c.c.d.collector.CollectorTask - Starting...
2019-06-06 17:31:40,011 INFO  c.c.d.collector.CollectorTask - -----------------------------------
2019-06-06 17:31:40,032 INFO  c.c.d.collector.CollectorTask - Repo Count              0        0s
2019-06-06 17:31:40,032 INFO  c.c.d.collector.CollectorTask - New Commits             0        0s
2019-06-06 17:31:40,033 INFO  c.c.d.collector.CollectorTask - New Pulls               0        0s
2019-06-06 17:31:40,035 INFO  c.c.d.collector.CollectorTask - New Issues              0        0s
2019-06-06 17:31:40,036 INFO  c.c.d.collector.CollectorTask - Finished                         0s
2019-06-06 17:31:45,001 INFO  c.c.d.collector.CollectorTask - Running Collector: GitHub
2019-06-06 17:31:45,004 INFO  c.c.d.collector.CollectorTask - -----------------------------------
2019-06-06 17:31:45,004 INFO  c.c.d.collector.CollectorTask - Starting...
2019-06-06 17:31:45,007 INFO  c.c.d.collector.CollectorTask - -----------------------------------
2019-06-06 17:31:45,018 INFO  c.c.d.collector.CollectorTask - Repo Count              0        0s
2019-06-06 17:31:45,018 INFO  c.c.d.collector.CollectorTask - New Commits             0        0s
2019-06-06 17:31:45,018 INFO  c.c.d.collector.CollectorTask - New Pulls               0        0s
2019-06-06 17:31:45,022 INFO  c.c.d.collector.CollectorTask - New Issues              0        0s
2019-06-06 17:31:45,029 INFO  c.c.d.collector.CollectorTask - Finished                         0s
2019-06-06 17:31:50,003 INFO  c.c.d.collector.CollectorTask - Running Collector: GitHub
2019-06-06 17:31:50,007 INFO  c.c.d.collector.CollectorTask - -----------------------------------
2019-06-06 17:31:50,007 INFO  c.c.d.collector.CollectorTask - Starting...
2019-06-06 17:31:50,008 INFO  c.c.d.collector.CollectorTask - -----------------------------------
2019-06-06 17:31:50,076 INFO  c.c.d.collector.GitHubCollectorTask - {password=, personalAccessToken=, branch=master, userID=, url=https://github.com/IATVirtusa/devops}::master:: get commits
2019-06-06 17:31:50,082 INFO  c.c.d.collector.DefaultGitHubClient - Executing https://api.github.com/repos/IATVirtusa/devops/commits?sha=master&since=2019-05-23T17:31Z
2019-06-06 17:31:51,683 INFO  c.c.d.collector.GitHubCollectorTask - {password=, personalAccessToken=, branch=master, userID=, url=https://github.com/IATVirtusa/devops}::master get issues
2019-06-06 17:31:51,684 INFO  c.c.d.collector.DefaultGitHubClient - Executing https://api.github.com/repos/IATVirtusa/devops/issues?state=all&since=2019-05-23T17:31Z
2019-06-06 17:31:51,990 INFO  c.c.d.collector.GitHubCollectorTask - {password=, personalAccessToken=, branch=master, userID=, url=https://github.com/IATVirtusa/devops}::master::get pulls
2019-06-06 17:31:51,995 INFO  c.c.d.collector.DefaultGitHubClient - Executing [https://api.github.com/repos/IATVirtusa/devops/pulls?state=all&base=master&sort=updated&direction=desc
2019-06-06 17:31:52,336 INFO  c.c.d.collector.CollectorTask - Repo Count              1        2s
2019-06-06 17:31:52,337 INFO  c.c.d.collector.CollectorTask - New Commits            15        2s
2019-06-06 17:31:52,338 INFO  c.c.d.collector.CollectorTask - New Pulls               0        2s
2019-06-06 17:31:52,342 INFO  c.c.d.collector.CollectorTask - New Issues              0        2s
2019-06-06 17:31:52,342 INFO  c.c.d.collector.CollectorTask - Finished                         2s
2019-06-06 17:31:55,002 INFO  c.c.d.collector.CollectorTask - Running Collector: GitHub
2019-06-06 17:31:55,006 INFO  c.c.d.collector.CollectorTask - -----------------------------------
2019-06-06 17:31:55,006 INFO  c.c.d.collector.CollectorTask - Starting...
2019-06-06 17:31:55,008 INFO  c.c.d.collector.CollectorTask - -----------------------------------
2019-06-06 17:31:55,023 INFO  c.c.d.collector.GitHubCollectorTask - {password=, personalAccessToken=, branch=master, userID=, url=https://github.com/IATVirtusa/devops}::master:: get commits
2019-06-06 17:31:55,025 INFO  c.c.d.collector.DefaultGitHubClient - Executing https://api.github.com/repos/IATVirtusa/devops/commits?sha=master&since=2019-06-06T17:21Z
2019-06-06 17:31:55,324 INFO  c.c.d.collector.GitHubCollectorTask - {password=, personalAccessToken=, branch=master, userID=, url=https://github.com/IATVirtusa/devops}::master get issues
2019-06-06 17:31:55,325 INFO  c.c.d.collector.DefaultGitHubClient - Executing https://api.github.com/repos/IATVirtusa/devops/issues?state=all&since=2019-06-06T17:21Z
2019-06-06 17:31:55,663 INFO  c.c.d.collector.GitHubCollectorTask - {password=, personalAccessToken=, branch=master, userID=, url=https://github.com/IATVirtusa/devops}::master::get pulls
2019-06-06 17:31:55,665 INFO  c.c.d.collector.DefaultGitHubClient - Executing [https://api.github.com/repos/IATVirtusa/devops/pulls?state=all&base=master&sort=updated&direction=desc
2019-06-06 17:31:55,967 INFO  c.c.d.collector.CollectorTask - Repo Count              1        0s
2019-06-06 17:31:55,967 INFO  c.c.d.collector.CollectorTask - New Commits             0        0s
2019-06-06 17:31:55,968 INFO  c.c.d.collector.CollectorTask - New Pulls               0        0s
2019-06-06 17:31:55,972 INFO  c.c.d.collector.CollectorTask - New Issues              0        0s
2019-06-06 17:31:55,972 INFO  c.c.d.collector.CollectorTask - Finished                         0s
2019-06-06 17:31:59,117 INFO  o.s.c.a.AnnotationConfigApplicationContext - Closing org.springframework.context.annotation.AnnotationConfigApplicationContext@19f0dc2e: startup date [Thu Jun 06 17:31:29 IST 2019]; parent: org.springframework.context.annotation.AnnotationConfigApplicationContext@3809c3cc
2019-06-06 17:31:59,122 INFO  o.s.j.e.a.AnnotationMBeanExporter - Unregistering JMX-exposed beans on shutdown
2019-06-06 17:31:59,122 INFO  o.s.j.e.a.AnnotationMBeanExporter - Unregistering JMX-exposed beans
2019-06-06 17:31:59,136 INFO  o.s.s.c.ThreadPoolTaskScheduler - Shutting down ExecutorService 'taskScheduler'
