2019-06-06 17:00:58,568 INFO  o.s.c.a.AnnotationConfigApplicationContext - Refreshing org.springframework.context.annotation.AnnotationConfigApplicationContext@645ee0dc: startup date [Thu Jun 06 17:00:58 IST 2019]; root of context hierarchy
2019-06-06 17:00:58,585 INFO  o.h.validator.internal.util.Version - HV000001: Hibernate Validator 5.2.2.Final
2019-06-06 17:00:58,956 INFO  o.s.b.f.a.AutowiredAnnotationBeanPostProcessor - JSR-330 'javax.inject.Inject' annotation found and supported for autowiring
2019-06-06 17:00:59,311 INFO  o.s.c.s.PostProcessorRegistrationDelegate$BeanPostProcessorChecker - Bean 'configurationPropertiesRebinderAutoConfiguration' of type [class org.springframework.cloud.autoconfigure.ConfigurationPropertiesRebinderAutoConfiguration$$EnhancerBySpringCGLIB$$7f05535f] is not eligible for getting processed by all BeanPostProcessors (for example: not eligible for auto-proxying)
2019-06-06 17:00:59,818 INFO  o.s.c.c.c.ConfigServicePropertySourceLocator - Fetching config from server at: http://localhost:8888
2019-06-06 17:01:01,486 WARN  o.s.c.c.c.ConfigServicePropertySourceLocator - Could not locate PropertySource: I/O error on GET request for "http://localhost:8888/application/default": Connection refused: connect; nested exception is java.net.ConnectException: Connection refused: connect
2019-06-06 17:01:01,486 INFO  com.capitalone.dashboard.Application - No profiles are active
2019-06-06 17:01:01,515 INFO  o.s.c.a.AnnotationConfigApplicationContext - Refreshing org.springframework.context.annotation.AnnotationConfigApplicationContext@612f8cda: startup date [Thu Jun 06 17:01:01 IST 2019]; parent: org.springframework.context.annotation.AnnotationConfigApplicationContext@645ee0dc
2019-06-06 17:01:07,406 INFO  o.s.cloud.context.scope.GenericScope - BeanFactory id=e8e784d2-4823-3463-802d-d612227f8c18
2019-06-06 17:01:07,409 INFO  c.u.j.EnableEncryptablePropertySourcesPostProcessor - Post-processing PropertySource instances
2019-06-06 17:01:07,445 INFO  c.u.j.c.StringEncryptorConfiguration - String Encryptor custom Bean not found with name 'jasyptStringEncryptor'. Initializing String Encryptor based on properties with name 'jasyptStringEncryptor'
2019-06-06 17:01:07,455 INFO  c.u.j.EnableEncryptablePropertySourcesPostProcessor - Converting PropertySource commandLineArgs [org.springframework.core.env.SimpleCommandLinePropertySource] to EncryptableEnumerablePropertySourceWrapper
2019-06-06 17:01:07,455 INFO  c.u.j.EnableEncryptablePropertySourcesPostProcessor - Converting PropertySource systemProperties [org.springframework.core.env.MapPropertySource] to EncryptableMapPropertySourceWrapper
2019-06-06 17:01:07,455 INFO  c.u.j.EnableEncryptablePropertySourcesPostProcessor - Converting PropertySource systemEnvironment [org.springframework.core.env.SystemEnvironmentPropertySource] to EncryptableMapPropertySourceWrapper
2019-06-06 17:01:07,459 INFO  c.u.j.EnableEncryptablePropertySourcesPostProcessor - Converting PropertySource random [org.springframework.boot.context.config.RandomValuePropertySource] to EncryptablePropertySourceWrapper
2019-06-06 17:01:07,460 INFO  c.u.j.EnableEncryptablePropertySourcesPostProcessor - Converting PropertySource applicationConfig: [file:jenkins.properties] [org.springframework.core.env.PropertiesPropertySource] to EncryptableMapPropertySourceWrapper
2019-06-06 17:01:07,460 INFO  c.u.j.EnableEncryptablePropertySourcesPostProcessor - Converting PropertySource applicationConfig: [file:./jenkins.properties] [org.springframework.core.env.PropertiesPropertySource] to EncryptableMapPropertySourceWrapper
2019-06-06 17:01:07,460 INFO  c.u.j.EnableEncryptablePropertySourcesPostProcessor - Converting PropertySource springCloudClientHostInfo [org.springframework.core.env.MapPropertySource] to EncryptableMapPropertySourceWrapper
2019-06-06 17:01:07,460 INFO  c.u.j.EnableEncryptablePropertySourcesPostProcessor - Converting PropertySource defaultProperties [org.springframework.core.env.MapPropertySource] to EncryptableMapPropertySourceWrapper
2019-06-06 17:01:07,465 INFO  o.s.b.f.a.AutowiredAnnotationBeanPostProcessor - JSR-330 'javax.inject.Inject' annotation found and supported for autowiring
2019-06-06 17:01:07,500 INFO  o.s.c.s.PostProcessorRegistrationDelegate$BeanPostProcessorChecker - Bean 'org.springframework.cloud.autoconfigure.ConfigurationPropertiesRebinderAutoConfiguration' of type [class org.springframework.cloud.autoconfigure.ConfigurationPropertiesRebinderAutoConfiguration$$EnhancerBySpringCGLIB$$7f05535f] is not eligible for getting processed by all BeanPostProcessors (for example: not eligible for auto-proxying)
2019-06-06 17:01:07,756 INFO  o.s.s.c.ThreadPoolTaskScheduler - Initializing ExecutorService  'taskScheduler'
2019-06-06 17:01:07,906 INFO  c.c.dashboard.config.MongoConfig - ReplicaSetfalse
2019-06-06 17:01:08,179 INFO  c.c.dashboard.config.MongoConfig - Initializing Mongo Client server at: localhost:27017
2019-06-06 17:01:08,486 INFO  org.mongodb.driver.cluster - Cluster created with settings {hosts=[localhost:27017], mode=SINGLE, requiredClusterType=UNKNOWN, serverSelectionTimeout='30000 ms', maxWaitQueueSize=500}
2019-06-06 17:01:08,661 INFO  c.c.dashboard.config.MongoConfig - Connecting to Mongo: Mongo{options=MongoClientOptions{description='null', readPreference=primary, writeConcern=WriteConcern{w=1, wtimeout=0, fsync=false, j=false, codecRegistry=org.bson.codecs.configuration.ProvidersCodecRegistry@87df33df, minConnectionsPerHost=0, maxConnectionsPerHost=100, threadsAllowedToBlockForConnectionMultiplier=5, serverSelectionTimeout=30000, maxWaitTime=120000, maxConnectionIdleTime=60000, maxConnectionLifeTime=0, connectTimeout=10000, socketTimeout=0, socketKeepAlive=false, sslEnabled=false, sslInvalidHostNamesAllowed=false, alwaysUseMBeans=false, heartbeatFrequency=10000, minHeartbeatFrequency=500, heartbeatConnectTimeout=20000, heartbeatSocketTimeout=20000, localThreshold=15, requiredReplicaSetName='null', dbDecoderFactory=com.mongodb.DefaultDBDecoder$1@65104a72, dbEncoderFactory=com.mongodb.DefaultDBEncoder$1@5dd8499e, socketFactory=javax.net.DefaultSocketFactory@49ad106d, cursorFinalizerEnabled=true, connectionPoolSettings=ConnectionPoolSettings{maxSize=100, minSize=0, maxWaitQueueSize=500, maxWaitTimeMS=120000, maxConnectionLifeTimeMS=0, maxConnectionIdleTimeMS=60000, maintenanceInitialDelayMS=0, maintenanceFrequencyMS=60000}, socketSettings=SocketSettings{connectTimeoutMS=10000, readTimeoutMS=0, keepAlive=false, receiveBufferSize=0, sendBufferSize=0}, serverSettings=ServerSettings{heartbeatFrequencyMS=10000, minHeartbeatFrequencyMS=500}, heartbeatSocketSettings=SocketSettings{connectTimeoutMS=20000, readTimeoutMS=20000, keepAlive=false, receiveBufferSize=0, sendBufferSize=0}}}
2019-06-06 17:01:09,690 INFO  org.mongodb.driver.connection - Opened connection [connectionId{localValue:1, serverValue:2681}] to localhost:27017
2019-06-06 17:01:09,697 INFO  org.mongodb.driver.cluster - Monitor thread successfully connected to server with description ServerDescription{address=localhost:27017, type=STANDALONE, state=CONNECTED, ok=true, version=ServerVersion{versionList=[4, 0, 6]}, minWireVersion=0, maxWireVersion=7, electionId=null, maxDocumentSize=16777216, roundTripTimeNanos=584934}
2019-06-06 17:01:09,972 INFO  org.mongodb.driver.connection - Opened connection [connectionId{localValue:2, serverValue:2682}] to localhost:27017
2019-06-06 17:01:10,644 INFO  c.c.dashboard.config.MongoConfig - ReplicaSetfalse
2019-06-06 17:01:10,645 INFO  c.c.dashboard.config.MongoConfig - Initializing Mongo Client server at: localhost:27017
2019-06-06 17:01:10,646 INFO  org.mongodb.driver.cluster - Cluster created with settings {hosts=[localhost:27017], mode=SINGLE, requiredClusterType=UNKNOWN, serverSelectionTimeout='30000 ms', maxWaitQueueSize=500}
2019-06-06 17:01:10,646 INFO  c.c.dashboard.config.MongoConfig - Connecting to Mongo: Mongo{options=MongoClientOptions{description='null', readPreference=primary, writeConcern=WriteConcern{w=1, wtimeout=0, fsync=false, j=false, codecRegistry=org.bson.codecs.configuration.ProvidersCodecRegistry@87df33df, minConnectionsPerHost=0, maxConnectionsPerHost=100, threadsAllowedToBlockForConnectionMultiplier=5, serverSelectionTimeout=30000, maxWaitTime=120000, maxConnectionIdleTime=60000, maxConnectionLifeTime=0, connectTimeout=10000, socketTimeout=0, socketKeepAlive=false, sslEnabled=false, sslInvalidHostNamesAllowed=false, alwaysUseMBeans=false, heartbeatFrequency=10000, minHeartbeatFrequency=500, heartbeatConnectTimeout=20000, heartbeatSocketTimeout=20000, localThreshold=15, requiredReplicaSetName='null', dbDecoderFactory=com.mongodb.DefaultDBDecoder$1@65104a72, dbEncoderFactory=com.mongodb.DefaultDBEncoder$1@5dd8499e, socketFactory=javax.net.DefaultSocketFactory@49ad106d, cursorFinalizerEnabled=true, connectionPoolSettings=ConnectionPoolSettings{maxSize=100, minSize=0, maxWaitQueueSize=500, maxWaitTimeMS=120000, maxConnectionLifeTimeMS=0, maxConnectionIdleTimeMS=60000, maintenanceInitialDelayMS=0, maintenanceFrequencyMS=60000}, socketSettings=SocketSettings{connectTimeoutMS=10000, readTimeoutMS=0, keepAlive=false, receiveBufferSize=0, sendBufferSize=0}, serverSettings=ServerSettings{heartbeatFrequencyMS=10000, minHeartbeatFrequencyMS=500}, heartbeatSocketSettings=SocketSettings{connectTimeoutMS=20000, readTimeoutMS=20000, keepAlive=false, receiveBufferSize=0, sendBufferSize=0}}}
2019-06-06 17:01:10,654 INFO  c.c.dashboard.config.MongoConfig - ReplicaSetfalse
2019-06-06 17:01:10,655 INFO  c.c.dashboard.config.MongoConfig - Initializing Mongo Client server at: localhost:27017
2019-06-06 17:01:10,655 INFO  org.mongodb.driver.cluster - Cluster created with settings {hosts=[localhost:27017], mode=SINGLE, requiredClusterType=UNKNOWN, serverSelectionTimeout='30000 ms', maxWaitQueueSize=500}
2019-06-06 17:01:10,656 INFO  c.c.dashboard.config.MongoConfig - Connecting to Mongo: Mongo{options=MongoClientOptions{description='null', readPreference=primary, writeConcern=WriteConcern{w=1, wtimeout=0, fsync=false, j=false, codecRegistry=org.bson.codecs.configuration.ProvidersCodecRegistry@87df33df, minConnectionsPerHost=0, maxConnectionsPerHost=100, threadsAllowedToBlockForConnectionMultiplier=5, serverSelectionTimeout=30000, maxWaitTime=120000, maxConnectionIdleTime=60000, maxConnectionLifeTime=0, connectTimeout=10000, socketTimeout=0, socketKeepAlive=false, sslEnabled=false, sslInvalidHostNamesAllowed=false, alwaysUseMBeans=false, heartbeatFrequency=10000, minHeartbeatFrequency=500, heartbeatConnectTimeout=20000, heartbeatSocketTimeout=20000, localThreshold=15, requiredReplicaSetName='null', dbDecoderFactory=com.mongodb.DefaultDBDecoder$1@65104a72, dbEncoderFactory=com.mongodb.DefaultDBEncoder$1@5dd8499e, socketFactory=javax.net.DefaultSocketFactory@49ad106d, cursorFinalizerEnabled=true, connectionPoolSettings=ConnectionPoolSettings{maxSize=100, minSize=0, maxWaitQueueSize=500, maxWaitTimeMS=120000, maxConnectionLifeTimeMS=0, maxConnectionIdleTimeMS=60000, maintenanceInitialDelayMS=0, maintenanceFrequencyMS=60000}, socketSettings=SocketSettings{connectTimeoutMS=10000, readTimeoutMS=0, keepAlive=false, receiveBufferSize=0, sendBufferSize=0}, serverSettings=ServerSettings{heartbeatFrequencyMS=10000, minHeartbeatFrequencyMS=500}, heartbeatSocketSettings=SocketSettings{connectTimeoutMS=20000, readTimeoutMS=20000, keepAlive=false, receiveBufferSize=0, sendBufferSize=0}}}
2019-06-06 17:01:10,715 INFO  org.mongodb.driver.connection - Opened connection [connectionId{localValue:4, serverValue:2684}] to localhost:27017
2019-06-06 17:01:10,719 INFO  org.mongodb.driver.connection - Opened connection [connectionId{localValue:3, serverValue:2683}] to localhost:27017
2019-06-06 17:01:10,719 INFO  org.mongodb.driver.cluster - Monitor thread successfully connected to server with description ServerDescription{address=localhost:27017, type=STANDALONE, state=CONNECTED, ok=true, version=ServerVersion{versionList=[4, 0, 6]}, minWireVersion=0, maxWireVersion=7, electionId=null, maxDocumentSize=16777216, roundTripTimeNanos=366131}
2019-06-06 17:01:10,719 INFO  org.mongodb.driver.cluster - Monitor thread successfully connected to server with description ServerDescription{address=localhost:27017, type=STANDALONE, state=CONNECTED, ok=true, version=ServerVersion{versionList=[4, 0, 6]}, minWireVersion=0, maxWireVersion=7, electionId=null, maxDocumentSize=16777216, roundTripTimeNanos=370871}
2019-06-06 17:01:11,202 INFO  c.c.dashboard.config.MongoConfig - ReplicaSetfalse
2019-06-06 17:01:11,227 INFO  c.c.dashboard.config.MongoConfig - Initializing Mongo Client server at: localhost:27017
2019-06-06 17:01:11,228 INFO  org.mongodb.driver.cluster - Cluster created with settings {hosts=[localhost:27017], mode=SINGLE, requiredClusterType=UNKNOWN, serverSelectionTimeout='30000 ms', maxWaitQueueSize=500}
2019-06-06 17:01:11,229 INFO  c.c.dashboard.config.MongoConfig - Connecting to Mongo: Mongo{options=MongoClientOptions{description='null', readPreference=primary, writeConcern=WriteConcern{w=1, wtimeout=0, fsync=false, j=false, codecRegistry=org.bson.codecs.configuration.ProvidersCodecRegistry@87df33df, minConnectionsPerHost=0, maxConnectionsPerHost=100, threadsAllowedToBlockForConnectionMultiplier=5, serverSelectionTimeout=30000, maxWaitTime=120000, maxConnectionIdleTime=60000, maxConnectionLifeTime=0, connectTimeout=10000, socketTimeout=0, socketKeepAlive=false, sslEnabled=false, sslInvalidHostNamesAllowed=false, alwaysUseMBeans=false, heartbeatFrequency=10000, minHeartbeatFrequency=500, heartbeatConnectTimeout=20000, heartbeatSocketTimeout=20000, localThreshold=15, requiredReplicaSetName='null', dbDecoderFactory=com.mongodb.DefaultDBDecoder$1@65104a72, dbEncoderFactory=com.mongodb.DefaultDBEncoder$1@5dd8499e, socketFactory=javax.net.DefaultSocketFactory@49ad106d, cursorFinalizerEnabled=true, connectionPoolSettings=ConnectionPoolSettings{maxSize=100, minSize=0, maxWaitQueueSize=500, maxWaitTimeMS=120000, maxConnectionLifeTimeMS=0, maxConnectionIdleTimeMS=60000, maintenanceInitialDelayMS=0, maintenanceFrequencyMS=60000}, socketSettings=SocketSettings{connectTimeoutMS=10000, readTimeoutMS=0, keepAlive=false, receiveBufferSize=0, sendBufferSize=0}, serverSettings=ServerSettings{heartbeatFrequencyMS=10000, minHeartbeatFrequencyMS=500}, heartbeatSocketSettings=SocketSettings{connectTimeoutMS=20000, readTimeoutMS=20000, keepAlive=false, receiveBufferSize=0, sendBufferSize=0}}}
2019-06-06 17:01:11,347 INFO  org.mongodb.driver.connection - Opened connection [connectionId{localValue:5, serverValue:2685}] to localhost:27017
2019-06-06 17:01:11,353 INFO  org.mongodb.driver.cluster - Monitor thread successfully connected to server with description ServerDescription{address=localhost:27017, type=STANDALONE, state=CONNECTED, ok=true, version=ServerVersion{versionList=[4, 0, 6]}, minWireVersion=0, maxWireVersion=7, electionId=null, maxDocumentSize=16777216, roundTripTimeNanos=577276}
2019-06-06 17:01:12,640 INFO  o.s.j.e.a.AnnotationMBeanExporter - Registering beans for JMX exposure on startup
2019-06-06 17:01:12,656 INFO  o.s.j.e.a.AnnotationMBeanExporter - Bean with name 'configurationPropertiesRebinder' has been autodetected for JMX exposure
2019-06-06 17:01:12,658 INFO  o.s.j.e.a.AnnotationMBeanExporter - Bean with name 'environmentManager' has been autodetected for JMX exposure
2019-06-06 17:01:12,659 INFO  o.s.j.e.a.AnnotationMBeanExporter - Bean with name 'refreshScope' has been autodetected for JMX exposure
2019-06-06 17:01:12,663 INFO  o.s.j.e.a.AnnotationMBeanExporter - Located managed bean 'environmentManager': registering with JMX server as MBean [org.springframework.cloud.context.environment:name=environmentManager,type=EnvironmentManager]
2019-06-06 17:01:12,721 INFO  o.s.j.e.a.AnnotationMBeanExporter - Located managed bean 'refreshScope': registering with JMX server as MBean [org.springframework.cloud.context.scope.refresh:name=refreshScope,type=RefreshScope]
2019-06-06 17:01:12,732 INFO  o.s.j.e.a.AnnotationMBeanExporter - Located managed bean 'configurationPropertiesRebinder': registering with JMX server as MBean [org.springframework.cloud.context.properties:name=configurationPropertiesRebinder,context=612f8cda,type=ConfigurationPropertiesRebinder]
2019-06-06 17:01:12,782 INFO  com.capitalone.dashboard.Application - Started Application in 15.522 seconds (JVM running for 20.016)
2019-06-06 17:02:00,001 INFO  c.c.d.collector.CollectorTask - Running Collector: Hudson
2019-06-06 17:02:00,202 INFO  c.c.d.collector.CollectorTask - -----------------------------------
2019-06-06 17:02:00,203 INFO  c.c.d.collector.CollectorTask - http://localhost:8084
2019-06-06 17:02:00,203 INFO  c.c.d.collector.CollectorTask - -----------------------------------
2019-06-06 17:02:00,453 INFO  c.c.d.collector.DefaultHudsonClient - Fetching jobs 0/11 pageSize 1000...
2019-06-06 17:02:04,232 INFO  c.c.d.collector.CollectorTask - Fetched jobs                     4s
2019-06-06 17:02:04,250 INFO  c.c.d.collector.CollectorTask - New jobs                1        0s
2019-06-06 17:02:08,689 INFO  c.c.d.collector.CollectorTask - New builds              8        4s
2019-06-06 17:02:08,691 INFO  c.c.d.collector.CollectorTask - New configs             0        0s
2019-06-06 17:02:08,691 INFO  c.c.d.collector.CollectorTask - Finished                         8s
2019-06-06 17:03:00,000 INFO  c.c.d.collector.CollectorTask - Running Collector: Hudson
2019-06-06 17:03:00,010 INFO  c.c.d.collector.CollectorTask - -----------------------------------
2019-06-06 17:03:00,010 INFO  c.c.d.collector.CollectorTask - http://localhost:8084
2019-06-06 17:03:00,011 INFO  c.c.d.collector.CollectorTask - -----------------------------------
2019-06-06 17:03:00,018 INFO  c.c.d.collector.DefaultHudsonClient - Fetching jobs 0/11 pageSize 1000...
2019-06-06 17:03:00,032 INFO  c.c.d.collector.CollectorTask - Fetched jobs                     0s
2019-06-06 17:03:00,033 INFO  c.c.d.collector.CollectorTask - New jobs                0        0s
2019-06-06 17:03:00,094 INFO  c.c.d.collector.CollectorTask - New builds              0        0s
2019-06-06 17:03:00,096 INFO  c.c.d.collector.CollectorTask - New configs             0        0s
2019-06-06 17:03:00,096 INFO  c.c.d.collector.CollectorTask - Finished                         0s
2019-06-06 17:04:00,002 INFO  c.c.d.collector.CollectorTask - Running Collector: Hudson
2019-06-06 17:04:00,010 INFO  c.c.d.collector.CollectorTask - -----------------------------------
2019-06-06 17:04:00,010 INFO  c.c.d.collector.CollectorTask - http://localhost:8084
2019-06-06 17:04:00,010 INFO  c.c.d.collector.CollectorTask - -----------------------------------
2019-06-06 17:04:00,016 INFO  c.c.d.collector.DefaultHudsonClient - Fetching jobs 0/11 pageSize 1000...
2019-06-06 17:04:00,029 INFO  c.c.d.collector.CollectorTask - Fetched jobs                     0s
2019-06-06 17:04:00,029 INFO  c.c.d.collector.CollectorTask - New jobs                0        0s
2019-06-06 17:04:00,085 INFO  c.c.d.collector.CollectorTask - New builds              0        0s
2019-06-06 17:04:00,087 INFO  c.c.d.collector.CollectorTask - New configs             0        0s
2019-06-06 17:04:00,088 INFO  c.c.d.collector.CollectorTask - Finished                         0s
2019-06-06 17:05:00,002 INFO  c.c.d.collector.CollectorTask - Running Collector: Hudson
2019-06-06 17:05:00,011 INFO  c.c.d.collector.CollectorTask - -----------------------------------
2019-06-06 17:05:00,012 INFO  c.c.d.collector.CollectorTask - http://localhost:8084
2019-06-06 17:05:00,013 INFO  c.c.d.collector.CollectorTask - -----------------------------------
2019-06-06 17:05:00,019 INFO  c.c.d.collector.DefaultHudsonClient - Fetching jobs 0/11 pageSize 1000...
2019-06-06 17:05:00,034 INFO  c.c.d.collector.CollectorTask - Fetched jobs                     0s
2019-06-06 17:05:00,034 INFO  c.c.d.collector.CollectorTask - New jobs                0        0s
2019-06-06 17:05:00,090 INFO  c.c.d.collector.CollectorTask - New builds              0        0s
2019-06-06 17:05:00,092 INFO  c.c.d.collector.CollectorTask - New configs             0        0s
2019-06-06 17:05:00,093 INFO  c.c.d.collector.CollectorTask - Finished                         0s
2019-06-06 17:06:00,002 INFO  c.c.d.collector.CollectorTask - Running Collector: Hudson
2019-06-06 17:06:00,020 INFO  c.c.d.collector.CollectorTask - -----------------------------------
2019-06-06 17:06:00,020 INFO  c.c.d.collector.CollectorTask - http://localhost:8084
2019-06-06 17:06:00,021 INFO  c.c.d.collector.CollectorTask - -----------------------------------
2019-06-06 17:06:00,027 INFO  c.c.d.collector.DefaultHudsonClient - Fetching jobs 0/11 pageSize 1000...
2019-06-06 17:06:00,043 INFO  c.c.d.collector.CollectorTask - Fetched jobs                     0s
2019-06-06 17:06:00,044 INFO  c.c.d.collector.CollectorTask - New jobs                0        0s
2019-06-06 17:06:00,110 INFO  c.c.d.collector.CollectorTask - New builds              0        0s
2019-06-06 17:06:00,113 INFO  c.c.d.collector.CollectorTask - New configs             0        0s
2019-06-06 17:06:00,114 INFO  c.c.d.collector.CollectorTask - Finished                         0s
2019-06-06 17:07:00,001 INFO  c.c.d.collector.CollectorTask - Running Collector: Hudson
2019-06-06 17:07:00,009 INFO  c.c.d.collector.CollectorTask - -----------------------------------
2019-06-06 17:07:00,010 INFO  c.c.d.collector.CollectorTask - http://localhost:8084
2019-06-06 17:07:00,010 INFO  c.c.d.collector.CollectorTask - -----------------------------------
2019-06-06 17:07:00,015 INFO  c.c.d.collector.DefaultHudsonClient - Fetching jobs 0/11 pageSize 1000...
2019-06-06 17:07:00,026 INFO  c.c.d.collector.CollectorTask - Fetched jobs                     0s
2019-06-06 17:07:00,026 INFO  c.c.d.collector.CollectorTask - New jobs                0        0s
2019-06-06 17:07:00,087 INFO  c.c.d.collector.CollectorTask - New builds              0        0s
2019-06-06 17:07:00,089 INFO  c.c.d.collector.CollectorTask - New configs             0        0s
2019-06-06 17:07:00,089 INFO  c.c.d.collector.CollectorTask - Finished                         0s
2019-06-06 17:08:00,001 INFO  c.c.d.collector.CollectorTask - Running Collector: Hudson
2019-06-06 17:08:00,009 INFO  c.c.d.collector.CollectorTask - -----------------------------------
2019-06-06 17:08:00,010 INFO  c.c.d.collector.CollectorTask - http://localhost:8084
2019-06-06 17:08:00,012 INFO  c.c.d.collector.CollectorTask - -----------------------------------
2019-06-06 17:08:00,020 INFO  c.c.d.collector.DefaultHudsonClient - Fetching jobs 0/11 pageSize 1000...
2019-06-06 17:08:00,038 INFO  c.c.d.collector.CollectorTask - Fetched jobs                     0s
2019-06-06 17:08:00,038 INFO  c.c.d.collector.CollectorTask - New jobs                0        0s
2019-06-06 17:08:00,089 INFO  c.c.d.collector.CollectorTask - New builds              0        0s
2019-06-06 17:08:00,091 INFO  c.c.d.collector.CollectorTask - New configs             0        0s
2019-06-06 17:08:00,093 INFO  c.c.d.collector.CollectorTask - Finished                         0s
2019-06-06 17:09:00,002 INFO  c.c.d.collector.CollectorTask - Running Collector: Hudson
2019-06-06 17:09:00,009 INFO  c.c.d.collector.CollectorTask - -----------------------------------
2019-06-06 17:09:00,010 INFO  c.c.d.collector.CollectorTask - http://localhost:8084
2019-06-06 17:09:00,010 INFO  c.c.d.collector.CollectorTask - -----------------------------------
2019-06-06 17:09:00,021 INFO  c.c.d.collector.DefaultHudsonClient - Fetching jobs 0/11 pageSize 1000...
2019-06-06 17:09:00,033 INFO  c.c.d.collector.CollectorTask - Fetched jobs                     0s
2019-06-06 17:09:00,033 INFO  c.c.d.collector.CollectorTask - New jobs                0        0s
2019-06-06 17:09:00,086 INFO  c.c.d.collector.CollectorTask - New builds              0        0s
2019-06-06 17:09:00,088 INFO  c.c.d.collector.CollectorTask - New configs             0        0s
2019-06-06 17:09:00,088 INFO  c.c.d.collector.CollectorTask - Finished                         0s
2019-06-06 17:10:00,001 INFO  c.c.d.collector.CollectorTask - Running Collector: Hudson
2019-06-06 17:10:00,009 INFO  c.c.d.collector.CollectorTask - -----------------------------------
2019-06-06 17:10:00,009 INFO  c.c.d.collector.CollectorTask - http://localhost:8084
2019-06-06 17:10:00,010 INFO  c.c.d.collector.CollectorTask - -----------------------------------
2019-06-06 17:10:00,015 INFO  c.c.d.collector.DefaultHudsonClient - Fetching jobs 0/11 pageSize 1000...
2019-06-06 17:10:00,026 INFO  c.c.d.collector.CollectorTask - Fetched jobs                     0s
2019-06-06 17:10:00,026 INFO  c.c.d.collector.CollectorTask - New jobs                0        0s
2019-06-06 17:10:00,081 INFO  c.c.d.collector.CollectorTask - New builds              0        0s
2019-06-06 17:10:00,083 INFO  c.c.d.collector.CollectorTask - New configs             0        0s
2019-06-06 17:10:00,083 INFO  c.c.d.collector.CollectorTask - Finished                         0s
2019-06-06 17:11:00,001 INFO  c.c.d.collector.CollectorTask - Running Collector: Hudson
2019-06-06 17:11:00,014 INFO  c.c.d.collector.CollectorTask - -----------------------------------
2019-06-06 17:11:00,015 INFO  c.c.d.collector.CollectorTask - http://localhost:8084
2019-06-06 17:11:00,025 INFO  c.c.d.collector.CollectorTask - -----------------------------------
2019-06-06 17:11:00,040 INFO  c.c.d.collector.DefaultHudsonClient - Fetching jobs 0/11 pageSize 1000...
2019-06-06 17:11:00,054 INFO  c.c.d.collector.CollectorTask - Fetched jobs                     0s
2019-06-06 17:11:00,055 INFO  c.c.d.collector.CollectorTask - New jobs                0        0s
2019-06-06 17:11:00,117 INFO  c.c.d.collector.CollectorTask - New builds              0        0s
2019-06-06 17:11:00,118 INFO  c.c.d.collector.CollectorTask - New configs             0        0s
2019-06-06 17:11:00,118 INFO  c.c.d.collector.CollectorTask - Finished                         0s
2019-06-06 17:11:24,850 INFO  o.s.c.a.AnnotationConfigApplicationContext - Closing org.springframework.context.annotation.AnnotationConfigApplicationContext@612f8cda: startup date [Thu Jun 06 17:01:01 IST 2019]; parent: org.springframework.context.annotation.AnnotationConfigApplicationContext@645ee0dc
2019-06-06 17:11:24,862 INFO  o.s.j.e.a.AnnotationMBeanExporter - Unregistering JMX-exposed beans on shutdown
2019-06-06 17:11:24,862 INFO  o.s.j.e.a.AnnotationMBeanExporter - Unregistering JMX-exposed beans
2019-06-06 17:11:24,876 INFO  o.s.s.c.ThreadPoolTaskScheduler - Shutting down ExecutorService 'taskScheduler'
