2019-05-22 18:03:37,231 INFO  o.h.validator.internal.util.Version - HV000001: Hibernate Validator 5.2.2.Final
2019-05-22 18:03:37,392 INFO  o.s.c.a.AnnotationConfigApplicationContext - Refreshing org.springframework.context.annotation.AnnotationConfigApplicationContext@5b432aa6: startup date [Wed May 22 18:03:37 IST 2019]; root of context hierarchy
2019-05-22 18:03:37,682 INFO  o.s.b.f.a.AutowiredAnnotationBeanPostProcessor - JSR-330 'javax.inject.Inject' annotation found and supported for autowiring
2019-05-22 18:03:37,825 INFO  o.s.c.s.PostProcessorRegistrationDelegate$BeanPostProcessorChecker - Bean 'configurationPropertiesRebinderAutoConfiguration' of type [class org.springframework.cloud.autoconfigure.ConfigurationPropertiesRebinderAutoConfiguration$$EnhancerBySpringCGLIB$$d0a02de9] is not eligible for getting processed by all BeanPostProcessors (for example: not eligible for auto-proxying)
2019-05-22 18:03:38,213 INFO  o.s.c.c.c.ConfigServicePropertySourceLocator - Fetching config from server at: http://localhost:8888
2019-05-22 18:03:39,333 WARN  o.s.c.c.c.ConfigServicePropertySourceLocator - Could not locate PropertySource: I/O error on GET request for "http://localhost:8888/application/default": Connection refused: connect; nested exception is java.net.ConnectException: Connection refused: connect
2019-05-22 18:03:39,335 INFO  com.capitalone.dashboard.Application - No profiles are active
2019-05-22 18:03:39,350 INFO  o.s.c.a.AnnotationConfigApplicationContext - Refreshing org.springframework.context.annotation.AnnotationConfigApplicationContext@1f3660d3: startup date [Wed May 22 18:03:39 IST 2019]; parent: org.springframework.context.annotation.AnnotationConfigApplicationContext@5b432aa6
2019-05-22 18:03:40,701 INFO  o.s.cloud.context.scope.GenericScope - BeanFactory id=e8e784d2-4823-3463-802d-d612227f8c18
2019-05-22 18:03:40,707 INFO  c.u.j.EnableEncryptablePropertySourcesPostProcessor - Post-processing PropertySource instances
2019-05-22 18:03:40,716 INFO  c.u.j.c.StringEncryptorConfiguration - String Encryptor custom Bean not found with name 'jasyptStringEncryptor'. Initializing String Encryptor based on properties with name 'jasyptStringEncryptor'
2019-05-22 18:03:40,729 INFO  c.u.j.EnableEncryptablePropertySourcesPostProcessor - Converting PropertySource commandLineArgs [org.springframework.core.env.SimpleCommandLinePropertySource] to EncryptableEnumerablePropertySourceWrapper
2019-05-22 18:03:40,730 INFO  c.u.j.EnableEncryptablePropertySourcesPostProcessor - Converting PropertySource systemProperties [org.springframework.core.env.MapPropertySource] to EncryptableMapPropertySourceWrapper
2019-05-22 18:03:40,734 INFO  c.u.j.EnableEncryptablePropertySourcesPostProcessor - Converting PropertySource systemEnvironment [org.springframework.core.env.SystemEnvironmentPropertySource] to EncryptableMapPropertySourceWrapper
2019-05-22 18:03:40,745 INFO  c.u.j.EnableEncryptablePropertySourcesPostProcessor - Converting PropertySource random [org.springframework.boot.context.config.RandomValuePropertySource] to EncryptablePropertySourceWrapper
2019-05-22 18:03:40,746 INFO  c.u.j.EnableEncryptablePropertySourcesPostProcessor - Converting PropertySource applicationConfig: [file:jenkins.properties] [org.springframework.core.env.PropertiesPropertySource] to EncryptableMapPropertySourceWrapper
2019-05-22 18:03:40,751 INFO  c.u.j.EnableEncryptablePropertySourcesPostProcessor - Converting PropertySource applicationConfig: [file:./jenkins.properties] [org.springframework.core.env.PropertiesPropertySource] to EncryptableMapPropertySourceWrapper
2019-05-22 18:03:40,751 INFO  c.u.j.EnableEncryptablePropertySourcesPostProcessor - Converting PropertySource springCloudClientHostInfo [org.springframework.core.env.MapPropertySource] to EncryptableMapPropertySourceWrapper
2019-05-22 18:03:40,752 INFO  c.u.j.EnableEncryptablePropertySourcesPostProcessor - Converting PropertySource defaultProperties [org.springframework.core.env.MapPropertySource] to EncryptableMapPropertySourceWrapper
2019-05-22 18:03:40,757 INFO  o.s.b.f.a.AutowiredAnnotationBeanPostProcessor - JSR-330 'javax.inject.Inject' annotation found and supported for autowiring
2019-05-22 18:03:40,814 INFO  o.s.c.s.PostProcessorRegistrationDelegate$BeanPostProcessorChecker - Bean 'org.springframework.cloud.autoconfigure.ConfigurationPropertiesRebinderAutoConfiguration' of type [class org.springframework.cloud.autoconfigure.ConfigurationPropertiesRebinderAutoConfiguration$$EnhancerBySpringCGLIB$$d0a02de9] is not eligible for getting processed by all BeanPostProcessors (for example: not eligible for auto-proxying)
2019-05-22 18:03:40,933 INFO  o.s.s.c.ThreadPoolTaskScheduler - Initializing ExecutorService  'taskScheduler'
2019-05-22 18:03:41,162 INFO  c.c.dashboard.config.MongoConfig - ReplicaSetfalse
2019-05-22 18:03:41,441 INFO  c.c.dashboard.config.MongoConfig - Initializing Mongo Client server at: localhost:27017
2019-05-22 18:03:41,663 INFO  org.mongodb.driver.cluster - Cluster created with settings {hosts=[localhost:27017], mode=SINGLE, requiredClusterType=UNKNOWN, serverSelectionTimeout='30000 ms', maxWaitQueueSize=500}
2019-05-22 18:03:41,944 INFO  c.c.dashboard.config.MongoConfig - Connecting to Mongo: Mongo{options=MongoClientOptions{description='null', readPreference=primary, writeConcern=WriteConcern{w=1, wtimeout=0, fsync=false, j=false, codecRegistry=org.bson.codecs.configuration.ProvidersCodecRegistry@ea231adc, minConnectionsPerHost=0, maxConnectionsPerHost=100, threadsAllowedToBlockForConnectionMultiplier=5, serverSelectionTimeout=30000, maxWaitTime=120000, maxConnectionIdleTime=60000, maxConnectionLifeTime=0, connectTimeout=10000, socketTimeout=0, socketKeepAlive=false, sslEnabled=false, sslInvalidHostNamesAllowed=false, alwaysUseMBeans=false, heartbeatFrequency=10000, minHeartbeatFrequency=500, heartbeatConnectTimeout=20000, heartbeatSocketTimeout=20000, localThreshold=15, requiredReplicaSetName='null', dbDecoderFactory=com.mongodb.DefaultDBDecoder$1@5f4fac16, dbEncoderFactory=com.mongodb.DefaultDBEncoder$1@2b3930e8, socketFactory=javax.net.DefaultSocketFactory@415120e, cursorFinalizerEnabled=true, connectionPoolSettings=ConnectionPoolSettings{maxSize=100, minSize=0, maxWaitQueueSize=500, maxWaitTimeMS=120000, maxConnectionLifeTimeMS=0, maxConnectionIdleTimeMS=60000, maintenanceInitialDelayMS=0, maintenanceFrequencyMS=60000}, socketSettings=SocketSettings{connectTimeoutMS=10000, readTimeoutMS=0, keepAlive=false, receiveBufferSize=0, sendBufferSize=0}, serverSettings=ServerSettings{heartbeatFrequencyMS=10000, minHeartbeatFrequencyMS=500}, heartbeatSocketSettings=SocketSettings{connectTimeoutMS=20000, readTimeoutMS=20000, keepAlive=false, receiveBufferSize=0, sendBufferSize=0}}}
2019-05-22 18:03:42,407 INFO  org.mongodb.driver.connection - Opened connection [connectionId{localValue:1, serverValue:391}] to localhost:27017
2019-05-22 18:03:42,408 INFO  org.mongodb.driver.cluster - Monitor thread successfully connected to server with description ServerDescription{address=localhost:27017, type=STANDALONE, state=CONNECTED, ok=true, version=ServerVersion{versionList=[4, 0, 6]}, minWireVersion=0, maxWireVersion=7, electionId=null, maxDocumentSize=16777216, roundTripTimeNanos=497778}
2019-05-22 18:03:43,209 INFO  org.mongodb.driver.connection - Opened connection [connectionId{localValue:2, serverValue:392}] to localhost:27017
2019-05-22 18:03:43,623 INFO  c.c.dashboard.config.MongoConfig - ReplicaSetfalse
2019-05-22 18:03:43,624 INFO  c.c.dashboard.config.MongoConfig - Initializing Mongo Client server at: localhost:27017
2019-05-22 18:03:43,626 INFO  org.mongodb.driver.cluster - Cluster created with settings {hosts=[localhost:27017], mode=SINGLE, requiredClusterType=UNKNOWN, serverSelectionTimeout='30000 ms', maxWaitQueueSize=500}
2019-05-22 18:03:43,630 INFO  c.c.dashboard.config.MongoConfig - Connecting to Mongo: Mongo{options=MongoClientOptions{description='null', readPreference=primary, writeConcern=WriteConcern{w=1, wtimeout=0, fsync=false, j=false, codecRegistry=org.bson.codecs.configuration.ProvidersCodecRegistry@ea231adc, minConnectionsPerHost=0, maxConnectionsPerHost=100, threadsAllowedToBlockForConnectionMultiplier=5, serverSelectionTimeout=30000, maxWaitTime=120000, maxConnectionIdleTime=60000, maxConnectionLifeTime=0, connectTimeout=10000, socketTimeout=0, socketKeepAlive=false, sslEnabled=false, sslInvalidHostNamesAllowed=false, alwaysUseMBeans=false, heartbeatFrequency=10000, minHeartbeatFrequency=500, heartbeatConnectTimeout=20000, heartbeatSocketTimeout=20000, localThreshold=15, requiredReplicaSetName='null', dbDecoderFactory=com.mongodb.DefaultDBDecoder$1@5f4fac16, dbEncoderFactory=com.mongodb.DefaultDBEncoder$1@2b3930e8, socketFactory=javax.net.DefaultSocketFactory@415120e, cursorFinalizerEnabled=true, connectionPoolSettings=ConnectionPoolSettings{maxSize=100, minSize=0, maxWaitQueueSize=500, maxWaitTimeMS=120000, maxConnectionLifeTimeMS=0, maxConnectionIdleTimeMS=60000, maintenanceInitialDelayMS=0, maintenanceFrequencyMS=60000}, socketSettings=SocketSettings{connectTimeoutMS=10000, readTimeoutMS=0, keepAlive=false, receiveBufferSize=0, sendBufferSize=0}, serverSettings=ServerSettings{heartbeatFrequencyMS=10000, minHeartbeatFrequencyMS=500}, heartbeatSocketSettings=SocketSettings{connectTimeoutMS=20000, readTimeoutMS=20000, keepAlive=false, receiveBufferSize=0, sendBufferSize=0}}}
2019-05-22 18:03:43,641 INFO  c.c.dashboard.config.MongoConfig - ReplicaSetfalse
2019-05-22 18:03:43,642 INFO  c.c.dashboard.config.MongoConfig - Initializing Mongo Client server at: localhost:27017
2019-05-22 18:03:43,642 INFO  org.mongodb.driver.cluster - Cluster created with settings {hosts=[localhost:27017], mode=SINGLE, requiredClusterType=UNKNOWN, serverSelectionTimeout='30000 ms', maxWaitQueueSize=500}
2019-05-22 18:03:43,644 INFO  c.c.dashboard.config.MongoConfig - Connecting to Mongo: Mongo{options=MongoClientOptions{description='null', readPreference=primary, writeConcern=WriteConcern{w=1, wtimeout=0, fsync=false, j=false, codecRegistry=org.bson.codecs.configuration.ProvidersCodecRegistry@ea231adc, minConnectionsPerHost=0, maxConnectionsPerHost=100, threadsAllowedToBlockForConnectionMultiplier=5, serverSelectionTimeout=30000, maxWaitTime=120000, maxConnectionIdleTime=60000, maxConnectionLifeTime=0, connectTimeout=10000, socketTimeout=0, socketKeepAlive=false, sslEnabled=false, sslInvalidHostNamesAllowed=false, alwaysUseMBeans=false, heartbeatFrequency=10000, minHeartbeatFrequency=500, heartbeatConnectTimeout=20000, heartbeatSocketTimeout=20000, localThreshold=15, requiredReplicaSetName='null', dbDecoderFactory=com.mongodb.DefaultDBDecoder$1@5f4fac16, dbEncoderFactory=com.mongodb.DefaultDBEncoder$1@2b3930e8, socketFactory=javax.net.DefaultSocketFactory@415120e, cursorFinalizerEnabled=true, connectionPoolSettings=ConnectionPoolSettings{maxSize=100, minSize=0, maxWaitQueueSize=500, maxWaitTimeMS=120000, maxConnectionLifeTimeMS=0, maxConnectionIdleTimeMS=60000, maintenanceInitialDelayMS=0, maintenanceFrequencyMS=60000}, socketSettings=SocketSettings{connectTimeoutMS=10000, readTimeoutMS=0, keepAlive=false, receiveBufferSize=0, sendBufferSize=0}, serverSettings=ServerSettings{heartbeatFrequencyMS=10000, minHeartbeatFrequencyMS=500}, heartbeatSocketSettings=SocketSettings{connectTimeoutMS=20000, readTimeoutMS=20000, keepAlive=false, receiveBufferSize=0, sendBufferSize=0}}}
2019-05-22 18:03:43,649 INFO  org.mongodb.driver.connection - Opened connection [connectionId{localValue:3, serverValue:393}] to localhost:27017
2019-05-22 18:03:43,652 INFO  org.mongodb.driver.cluster - Monitor thread successfully connected to server with description ServerDescription{address=localhost:27017, type=STANDALONE, state=CONNECTED, ok=true, version=ServerVersion{versionList=[4, 0, 6]}, minWireVersion=0, maxWireVersion=7, electionId=null, maxDocumentSize=16777216, roundTripTimeNanos=648752}
2019-05-22 18:03:43,670 INFO  org.mongodb.driver.connection - Opened connection [connectionId{localValue:4, serverValue:394}] to localhost:27017
2019-05-22 18:03:43,671 INFO  org.mongodb.driver.cluster - Monitor thread successfully connected to server with description ServerDescription{address=localhost:27017, type=STANDALONE, state=CONNECTED, ok=true, version=ServerVersion{versionList=[4, 0, 6]}, minWireVersion=0, maxWireVersion=7, electionId=null, maxDocumentSize=16777216, roundTripTimeNanos=322370}
2019-05-22 18:03:44,088 INFO  c.c.dashboard.config.MongoConfig - ReplicaSetfalse
2019-05-22 18:03:44,088 INFO  c.c.dashboard.config.MongoConfig - Initializing Mongo Client server at: localhost:27017
2019-05-22 18:03:44,091 INFO  org.mongodb.driver.cluster - Cluster created with settings {hosts=[localhost:27017], mode=SINGLE, requiredClusterType=UNKNOWN, serverSelectionTimeout='30000 ms', maxWaitQueueSize=500}
2019-05-22 18:03:44,096 INFO  c.c.dashboard.config.MongoConfig - Connecting to Mongo: Mongo{options=MongoClientOptions{description='null', readPreference=primary, writeConcern=WriteConcern{w=1, wtimeout=0, fsync=false, j=false, codecRegistry=org.bson.codecs.configuration.ProvidersCodecRegistry@ea231adc, minConnectionsPerHost=0, maxConnectionsPerHost=100, threadsAllowedToBlockForConnectionMultiplier=5, serverSelectionTimeout=30000, maxWaitTime=120000, maxConnectionIdleTime=60000, maxConnectionLifeTime=0, connectTimeout=10000, socketTimeout=0, socketKeepAlive=false, sslEnabled=false, sslInvalidHostNamesAllowed=false, alwaysUseMBeans=false, heartbeatFrequency=10000, minHeartbeatFrequency=500, heartbeatConnectTimeout=20000, heartbeatSocketTimeout=20000, localThreshold=15, requiredReplicaSetName='null', dbDecoderFactory=com.mongodb.DefaultDBDecoder$1@5f4fac16, dbEncoderFactory=com.mongodb.DefaultDBEncoder$1@2b3930e8, socketFactory=javax.net.DefaultSocketFactory@415120e, cursorFinalizerEnabled=true, connectionPoolSettings=ConnectionPoolSettings{maxSize=100, minSize=0, maxWaitQueueSize=500, maxWaitTimeMS=120000, maxConnectionLifeTimeMS=0, maxConnectionIdleTimeMS=60000, maintenanceInitialDelayMS=0, maintenanceFrequencyMS=60000}, socketSettings=SocketSettings{connectTimeoutMS=10000, readTimeoutMS=0, keepAlive=false, receiveBufferSize=0, sendBufferSize=0}, serverSettings=ServerSettings{heartbeatFrequencyMS=10000, minHeartbeatFrequencyMS=500}, heartbeatSocketSettings=SocketSettings{connectTimeoutMS=20000, readTimeoutMS=20000, keepAlive=false, receiveBufferSize=0, sendBufferSize=0}}}
2019-05-22 18:03:44,118 INFO  org.mongodb.driver.connection - Opened connection [connectionId{localValue:5, serverValue:395}] to localhost:27017
2019-05-22 18:03:44,119 INFO  org.mongodb.driver.cluster - Monitor thread successfully connected to server with description ServerDescription{address=localhost:27017, type=STANDALONE, state=CONNECTED, ok=true, version=ServerVersion{versionList=[4, 0, 6]}, minWireVersion=0, maxWireVersion=7, electionId=null, maxDocumentSize=16777216, roundTripTimeNanos=332946}
2019-05-22 18:03:45,187 INFO  o.s.j.e.a.AnnotationMBeanExporter - Registering beans for JMX exposure on startup
2019-05-22 18:03:45,196 INFO  o.s.j.e.a.AnnotationMBeanExporter - Bean with name 'configurationPropertiesRebinder' has been autodetected for JMX exposure
2019-05-22 18:03:45,197 INFO  o.s.j.e.a.AnnotationMBeanExporter - Bean with name 'environmentManager' has been autodetected for JMX exposure
2019-05-22 18:03:45,198 INFO  o.s.j.e.a.AnnotationMBeanExporter - Bean with name 'refreshScope' has been autodetected for JMX exposure
2019-05-22 18:03:45,200 INFO  o.s.j.e.a.AnnotationMBeanExporter - Located managed bean 'environmentManager': registering with JMX server as MBean [org.springframework.cloud.context.environment:name=environmentManager,type=EnvironmentManager]
2019-05-22 18:03:45,212 INFO  o.s.j.e.a.AnnotationMBeanExporter - Located managed bean 'refreshScope': registering with JMX server as MBean [org.springframework.cloud.context.scope.refresh:name=refreshScope,type=RefreshScope]
2019-05-22 18:03:45,225 INFO  o.s.j.e.a.AnnotationMBeanExporter - Located managed bean 'configurationPropertiesRebinder': registering with JMX server as MBean [org.springframework.cloud.context.properties:name=configurationPropertiesRebinder,context=1f3660d3,type=ConfigurationPropertiesRebinder]
2019-05-22 18:03:45,256 INFO  com.capitalone.dashboard.Application - Started Application in 8.431 seconds (JVM running for 9.662)
2019-05-22 18:04:00,001 INFO  c.c.d.collector.CollectorTask - Running Collector: Hudson
2019-05-22 18:04:00,062 INFO  c.c.d.collector.CollectorTask - -----------------------------------
2019-05-22 18:04:00,063 INFO  c.c.d.collector.CollectorTask - http://localhost:8084
2019-05-22 18:04:00,064 INFO  c.c.d.collector.CollectorTask - -----------------------------------
2019-05-22 18:04:00,132 INFO  c.c.d.collector.DefaultHudsonClient - Fetching jobs 0/9 pageSize 1000...
2019-05-22 18:04:00,164 INFO  c.c.d.collector.CollectorTask - Fetched jobs                     0s
2019-05-22 18:04:00,164 INFO  c.c.d.collector.CollectorTask - New jobs                0        0s
2019-05-22 18:04:00,289 INFO  c.c.d.collector.CollectorTask - New builds              0        0s
2019-05-22 18:04:00,293 INFO  c.c.d.collector.CollectorTask - New configs             0        0s
2019-05-22 18:04:00,295 INFO  c.c.d.collector.CollectorTask - Finished                         0s
2019-05-22 18:05:00,001 INFO  c.c.d.collector.CollectorTask - Running Collector: Hudson
2019-05-22 18:05:00,019 INFO  c.c.d.collector.CollectorTask - -----------------------------------
2019-05-22 18:05:00,021 INFO  c.c.d.collector.CollectorTask - http://localhost:8084
2019-05-22 18:05:00,022 INFO  c.c.d.collector.CollectorTask - -----------------------------------
2019-05-22 18:05:00,030 INFO  c.c.d.collector.DefaultHudsonClient - Fetching jobs 0/9 pageSize 1000...
2019-05-22 18:05:00,043 INFO  c.c.d.collector.CollectorTask - Fetched jobs                     0s
2019-05-22 18:05:00,043 INFO  c.c.d.collector.CollectorTask - New jobs                0        0s
2019-05-22 18:05:00,128 INFO  c.c.d.collector.CollectorTask - New builds              0        0s
2019-05-22 18:05:00,131 INFO  c.c.d.collector.CollectorTask - New configs             0        0s
2019-05-22 18:05:00,133 INFO  c.c.d.collector.CollectorTask - Finished                         0s
2019-05-22 18:06:00,001 INFO  c.c.d.collector.CollectorTask - Running Collector: Hudson
2019-05-22 18:06:00,016 INFO  c.c.d.collector.CollectorTask - -----------------------------------
2019-05-22 18:06:00,016 INFO  c.c.d.collector.CollectorTask - http://localhost:8084
2019-05-22 18:06:00,016 INFO  c.c.d.collector.CollectorTask - -----------------------------------
2019-05-22 18:06:00,020 INFO  c.c.d.collector.DefaultHudsonClient - Fetching jobs 0/9 pageSize 1000...
2019-05-22 18:06:00,031 INFO  c.c.d.collector.CollectorTask - Fetched jobs                     0s
2019-05-22 18:06:00,032 INFO  c.c.d.collector.CollectorTask - New jobs                0        0s
2019-05-22 18:06:00,110 INFO  c.c.d.collector.CollectorTask - New builds              0        0s
2019-05-22 18:06:00,113 INFO  c.c.d.collector.CollectorTask - New configs             0        0s
2019-05-22 18:06:00,113 INFO  c.c.d.collector.CollectorTask - Finished                         0s
2019-05-22 18:07:00,001 INFO  c.c.d.collector.CollectorTask - Running Collector: Hudson
2019-05-22 18:07:00,012 INFO  c.c.d.collector.CollectorTask - -----------------------------------
2019-05-22 18:07:00,013 INFO  c.c.d.collector.CollectorTask - http://localhost:8084
2019-05-22 18:07:00,017 INFO  c.c.d.collector.CollectorTask - -----------------------------------
2019-05-22 18:07:00,023 INFO  c.c.d.collector.DefaultHudsonClient - Fetching jobs 0/9 pageSize 1000...
2019-05-22 18:07:00,037 INFO  c.c.d.collector.CollectorTask - Fetched jobs                     0s
2019-05-22 18:07:00,039 INFO  c.c.d.collector.CollectorTask - New jobs                0        0s
2019-05-22 18:07:00,132 INFO  c.c.d.collector.CollectorTask - New builds              0        0s
2019-05-22 18:07:00,136 INFO  c.c.d.collector.CollectorTask - New configs             0        0s
2019-05-22 18:07:00,138 INFO  c.c.d.collector.CollectorTask - Finished                         0s
2019-05-22 18:08:00,001 INFO  c.c.d.collector.CollectorTask - Running Collector: Hudson
2019-05-22 18:08:00,023 INFO  c.c.d.collector.CollectorTask - -----------------------------------
2019-05-22 18:08:00,024 INFO  c.c.d.collector.CollectorTask - http://localhost:8084
2019-05-22 18:08:00,028 INFO  c.c.d.collector.CollectorTask - -----------------------------------
2019-05-22 18:08:00,040 INFO  c.c.d.collector.DefaultHudsonClient - Fetching jobs 0/9 pageSize 1000...
2019-05-22 18:08:00,054 INFO  c.c.d.collector.CollectorTask - Fetched jobs                     0s
2019-05-22 18:08:00,055 INFO  c.c.d.collector.CollectorTask - New jobs                0        0s
2019-05-22 18:08:00,190 INFO  c.c.d.collector.CollectorTask - New builds              0        0s
2019-05-22 18:08:00,193 INFO  c.c.d.collector.CollectorTask - New configs             0        0s
2019-05-22 18:08:00,193 INFO  c.c.d.collector.CollectorTask - Finished                         0s
2019-05-22 18:09:00,001 INFO  c.c.d.collector.CollectorTask - Running Collector: Hudson
2019-05-22 18:09:00,014 INFO  c.c.d.collector.CollectorTask - -----------------------------------
2019-05-22 18:09:00,015 INFO  c.c.d.collector.CollectorTask - http://localhost:8084
2019-05-22 18:09:00,015 INFO  c.c.d.collector.CollectorTask - -----------------------------------
2019-05-22 18:09:00,020 INFO  c.c.d.collector.DefaultHudsonClient - Fetching jobs 0/9 pageSize 1000...
2019-05-22 18:09:00,032 INFO  c.c.d.collector.CollectorTask - Fetched jobs                     0s
2019-05-22 18:09:00,032 INFO  c.c.d.collector.CollectorTask - New jobs                0        0s
2019-05-22 18:09:00,112 INFO  c.c.d.collector.CollectorTask - New builds              0        0s
2019-05-22 18:09:00,114 INFO  c.c.d.collector.CollectorTask - New configs             0        0s
2019-05-22 18:09:00,114 INFO  c.c.d.collector.CollectorTask - Finished                         0s
2019-05-22 18:10:00,001 INFO  c.c.d.collector.CollectorTask - Running Collector: Hudson
2019-05-22 18:10:00,012 INFO  c.c.d.collector.CollectorTask - -----------------------------------
2019-05-22 18:10:00,013 INFO  c.c.d.collector.CollectorTask - http://localhost:8084
2019-05-22 18:10:00,015 INFO  c.c.d.collector.CollectorTask - -----------------------------------
2019-05-22 18:10:00,020 INFO  c.c.d.collector.DefaultHudsonClient - Fetching jobs 0/9 pageSize 1000...
2019-05-22 18:10:00,031 INFO  c.c.d.collector.CollectorTask - Fetched jobs                     0s
2019-05-22 18:10:00,031 INFO  c.c.d.collector.CollectorTask - New jobs                0        0s
2019-05-22 18:10:00,090 INFO  c.c.d.collector.CollectorTask - New builds              0        0s
2019-05-22 18:10:00,092 INFO  c.c.d.collector.CollectorTask - New configs             0        0s
2019-05-22 18:10:00,093 INFO  c.c.d.collector.CollectorTask - Finished                         0s
2019-05-22 18:11:00,001 INFO  c.c.d.collector.CollectorTask - Running Collector: Hudson
2019-05-22 18:11:00,012 INFO  c.c.d.collector.CollectorTask - -----------------------------------
2019-05-22 18:11:00,012 INFO  c.c.d.collector.CollectorTask - http://localhost:8084
2019-05-22 18:11:00,013 INFO  c.c.d.collector.CollectorTask - -----------------------------------
2019-05-22 18:11:00,017 INFO  c.c.d.collector.DefaultHudsonClient - Fetching jobs 0/9 pageSize 1000...
2019-05-22 18:11:00,025 INFO  c.c.d.collector.CollectorTask - Fetched jobs                     0s
2019-05-22 18:11:00,026 INFO  c.c.d.collector.CollectorTask - New jobs                0        0s
2019-05-22 18:11:00,076 INFO  c.c.d.collector.CollectorTask - New builds              0        0s
2019-05-22 18:11:00,078 INFO  c.c.d.collector.CollectorTask - New configs             0        0s
2019-05-22 18:11:00,078 INFO  c.c.d.collector.CollectorTask - Finished                         0s
2019-05-22 18:12:00,001 INFO  c.c.d.collector.CollectorTask - Running Collector: Hudson
2019-05-22 18:12:00,012 INFO  c.c.d.collector.CollectorTask - -----------------------------------
2019-05-22 18:12:00,012 INFO  c.c.d.collector.CollectorTask - http://localhost:8084
2019-05-22 18:12:00,013 INFO  c.c.d.collector.CollectorTask - -----------------------------------
2019-05-22 18:12:00,018 INFO  c.c.d.collector.DefaultHudsonClient - Fetching jobs 0/9 pageSize 1000...
2019-05-22 18:12:00,026 INFO  c.c.d.collector.CollectorTask - Fetched jobs                     0s
2019-05-22 18:12:00,026 INFO  c.c.d.collector.CollectorTask - New jobs                0        0s
2019-05-22 18:12:00,075 INFO  c.c.d.collector.CollectorTask - New builds              0        0s
2019-05-22 18:12:00,077 INFO  c.c.d.collector.CollectorTask - New configs             0        0s
2019-05-22 18:12:00,077 INFO  c.c.d.collector.CollectorTask - Finished                         0s
2019-05-22 18:13:00,001 INFO  c.c.d.collector.CollectorTask - Running Collector: Hudson
2019-05-22 18:13:00,009 INFO  c.c.d.collector.CollectorTask - -----------------------------------
2019-05-22 18:13:00,009 INFO  c.c.d.collector.CollectorTask - http://localhost:8084
2019-05-22 18:13:00,009 INFO  c.c.d.collector.CollectorTask - -----------------------------------
2019-05-22 18:13:00,018 INFO  c.c.d.collector.DefaultHudsonClient - Fetching jobs 0/9 pageSize 1000...
2019-05-22 18:13:00,030 INFO  c.c.d.collector.CollectorTask - Fetched jobs                     0s
2019-05-22 18:13:00,030 INFO  c.c.d.collector.CollectorTask - New jobs                0        0s
2019-05-22 18:13:00,075 INFO  c.c.d.collector.CollectorTask - New builds              0        0s
2019-05-22 18:13:00,077 INFO  c.c.d.collector.CollectorTask - New configs             0        0s
2019-05-22 18:13:00,077 INFO  c.c.d.collector.CollectorTask - Finished                         0s
2019-05-22 18:14:00,000 INFO  c.c.d.collector.CollectorTask - Running Collector: Hudson
2019-05-22 18:14:00,009 INFO  c.c.d.collector.CollectorTask - -----------------------------------
2019-05-22 18:14:00,009 INFO  c.c.d.collector.CollectorTask - http://localhost:8084
2019-05-22 18:14:00,010 INFO  c.c.d.collector.CollectorTask - -----------------------------------
2019-05-22 18:14:00,014 INFO  c.c.d.collector.DefaultHudsonClient - Fetching jobs 0/9 pageSize 1000...
2019-05-22 18:14:00,023 INFO  c.c.d.collector.CollectorTask - Fetched jobs                     0s
2019-05-22 18:14:00,024 INFO  c.c.d.collector.CollectorTask - New jobs                0        0s
2019-05-22 18:14:00,073 INFO  c.c.d.collector.CollectorTask - New builds              0        0s
2019-05-22 18:14:00,075 INFO  c.c.d.collector.CollectorTask - New configs             0        0s
2019-05-22 18:14:00,076 INFO  c.c.d.collector.CollectorTask - Finished                         0s
2019-05-22 18:15:00,002 INFO  c.c.d.collector.CollectorTask - Running Collector: Hudson
2019-05-22 18:15:00,011 INFO  c.c.d.collector.CollectorTask - -----------------------------------
2019-05-22 18:15:00,012 INFO  c.c.d.collector.CollectorTask - http://localhost:8084
2019-05-22 18:15:00,013 INFO  c.c.d.collector.CollectorTask - -----------------------------------
2019-05-22 18:15:00,020 INFO  c.c.d.collector.DefaultHudsonClient - Fetching jobs 0/9 pageSize 1000...
2019-05-22 18:15:00,031 INFO  c.c.d.collector.CollectorTask - Fetched jobs                     0s
2019-05-22 18:15:00,031 INFO  c.c.d.collector.CollectorTask - New jobs                0        0s
2019-05-22 18:15:00,078 INFO  c.c.d.collector.CollectorTask - New builds              0        0s
2019-05-22 18:15:00,080 INFO  c.c.d.collector.CollectorTask - New configs             0        0s
2019-05-22 18:15:00,080 INFO  c.c.d.collector.CollectorTask - Finished                         0s
2019-05-22 18:16:00,000 INFO  c.c.d.collector.CollectorTask - Running Collector: Hudson
2019-05-22 18:16:00,008 INFO  c.c.d.collector.CollectorTask - -----------------------------------
2019-05-22 18:16:00,008 INFO  c.c.d.collector.CollectorTask - http://localhost:8084
2019-05-22 18:16:00,009 INFO  c.c.d.collector.CollectorTask - -----------------------------------
2019-05-22 18:16:00,017 INFO  c.c.d.collector.DefaultHudsonClient - Fetching jobs 0/9 pageSize 1000...
2019-05-22 18:16:00,029 INFO  c.c.d.collector.CollectorTask - Fetched jobs                     0s
2019-05-22 18:16:00,030 INFO  c.c.d.collector.CollectorTask - New jobs                0        0s
2019-05-22 18:16:00,081 INFO  c.c.d.collector.CollectorTask - New builds              0        0s
2019-05-22 18:16:00,083 INFO  c.c.d.collector.CollectorTask - New configs             0        0s
2019-05-22 18:16:00,083 INFO  c.c.d.collector.CollectorTask - Finished                         0s
2019-05-22 18:17:00,002 INFO  c.c.d.collector.CollectorTask - Running Collector: Hudson
2019-05-22 18:17:00,012 INFO  c.c.d.collector.CollectorTask - -----------------------------------
2019-05-22 18:17:00,012 INFO  c.c.d.collector.CollectorTask - http://localhost:8084
2019-05-22 18:17:00,014 INFO  c.c.d.collector.CollectorTask - -----------------------------------
2019-05-22 18:17:00,020 INFO  c.c.d.collector.DefaultHudsonClient - Fetching jobs 0/9 pageSize 1000...
2019-05-22 18:17:00,028 INFO  c.c.d.collector.CollectorTask - Fetched jobs                     0s
2019-05-22 18:17:00,028 INFO  c.c.d.collector.CollectorTask - New jobs                0        0s
2019-05-22 18:17:00,071 INFO  c.c.d.collector.CollectorTask - New builds              0        0s
2019-05-22 18:17:00,073 INFO  c.c.d.collector.CollectorTask - New configs             0        0s
2019-05-22 18:17:00,073 INFO  c.c.d.collector.CollectorTask - Finished                         0s
2019-05-22 18:18:00,001 INFO  c.c.d.collector.CollectorTask - Running Collector: Hudson
2019-05-22 18:18:00,011 INFO  c.c.d.collector.CollectorTask - -----------------------------------
2019-05-22 18:18:00,012 INFO  c.c.d.collector.CollectorTask - http://localhost:8084
2019-05-22 18:18:00,017 INFO  c.c.d.collector.CollectorTask - -----------------------------------
2019-05-22 18:18:00,020 INFO  c.c.d.collector.DefaultHudsonClient - Fetching jobs 0/9 pageSize 1000...
2019-05-22 18:18:00,029 INFO  c.c.d.collector.CollectorTask - Fetched jobs                     0s
2019-05-22 18:18:00,029 INFO  c.c.d.collector.CollectorTask - New jobs                0        0s
2019-05-22 18:18:00,079 INFO  c.c.d.collector.CollectorTask - New builds              0        0s
2019-05-22 18:18:00,081 INFO  c.c.d.collector.CollectorTask - New configs             0        0s
2019-05-22 18:18:00,084 INFO  c.c.d.collector.CollectorTask - Finished                         0s
2019-05-22 18:19:00,000 INFO  c.c.d.collector.CollectorTask - Running Collector: Hudson
2019-05-22 18:19:00,011 INFO  c.c.d.collector.CollectorTask - -----------------------------------
2019-05-22 18:19:00,011 INFO  c.c.d.collector.CollectorTask - http://localhost:8084
2019-05-22 18:19:00,014 INFO  c.c.d.collector.CollectorTask - -----------------------------------
2019-05-22 18:19:00,017 INFO  c.c.d.collector.DefaultHudsonClient - Fetching jobs 0/9 pageSize 1000...
2019-05-22 18:19:00,025 INFO  c.c.d.collector.CollectorTask - Fetched jobs                     0s
2019-05-22 18:19:00,026 INFO  c.c.d.collector.CollectorTask - New jobs                0        0s
2019-05-22 18:19:00,069 INFO  c.c.d.collector.CollectorTask - New builds              0        0s
2019-05-22 18:19:00,070 INFO  c.c.d.collector.CollectorTask - New configs             0        0s
2019-05-22 18:19:00,071 INFO  c.c.d.collector.CollectorTask - Finished                         0s
2019-05-22 18:19:15,136 INFO  o.s.c.a.AnnotationConfigApplicationContext - Closing org.springframework.context.annotation.AnnotationConfigApplicationContext@1f3660d3: startup date [Wed May 22 18:03:39 IST 2019]; parent: org.springframework.context.annotation.AnnotationConfigApplicationContext@5b432aa6
2019-05-22 18:19:15,141 INFO  o.s.j.e.a.AnnotationMBeanExporter - Unregistering JMX-exposed beans on shutdown
2019-05-22 18:19:15,141 INFO  o.s.j.e.a.AnnotationMBeanExporter - Unregistering JMX-exposed beans
2019-05-22 18:19:15,153 INFO  o.s.s.c.ThreadPoolTaskScheduler - Shutting down ExecutorService 'taskScheduler'
