2019-06-10 10:32:24,259 INFO  o.h.validator.internal.util.Version - HV000001: Hibernate Validator 5.2.2.Final
2019-06-10 10:32:24,581 INFO  o.s.c.a.AnnotationConfigApplicationContext - Refreshing org.springframework.context.annotation.AnnotationConfigApplicationContext@7ac43e14: startup date [Mon Jun 10 10:32:24 IST 2019]; root of context hierarchy
2019-06-10 10:32:24,994 INFO  o.s.b.f.a.AutowiredAnnotationBeanPostProcessor - JSR-330 'javax.inject.Inject' annotation found and supported for autowiring
2019-06-10 10:32:25,278 INFO  o.s.c.s.PostProcessorRegistrationDelegate$BeanPostProcessorChecker - Bean 'configurationPropertiesRebinderAutoConfiguration' of type [class org.springframework.cloud.autoconfigure.ConfigurationPropertiesRebinderAutoConfiguration$$EnhancerBySpringCGLIB$$3f3725c7] is not eligible for getting processed by all BeanPostProcessors (for example: not eligible for auto-proxying)
2019-06-10 10:52:07,897 INFO  o.h.validator.internal.util.Version - HV000001: Hibernate Validator 5.2.2.Final
2019-06-10 10:52:08,023 INFO  o.s.c.a.AnnotationConfigApplicationContext - Refreshing org.springframework.context.annotation.AnnotationConfigApplicationContext@7467dcaf: startup date [Mon Jun 10 10:52:08 IST 2019]; root of context hierarchy
2019-06-10 10:52:08,288 INFO  o.s.b.f.a.AutowiredAnnotationBeanPostProcessor - JSR-330 'javax.inject.Inject' annotation found and supported for autowiring
2019-06-10 10:52:08,436 INFO  o.s.c.s.PostProcessorRegistrationDelegate$BeanPostProcessorChecker - Bean 'configurationPropertiesRebinderAutoConfiguration' of type [class org.springframework.cloud.autoconfigure.ConfigurationPropertiesRebinderAutoConfiguration$$EnhancerBySpringCGLIB$$104222d] is not eligible for getting processed by all BeanPostProcessors (for example: not eligible for auto-proxying)
2019-06-10 10:52:08,765 INFO  o.s.c.c.c.ConfigServicePropertySourceLocator - Fetching config from server at: http://localhost:8888
2019-06-10 10:52:09,903 WARN  o.s.c.c.c.ConfigServicePropertySourceLocator - Could not locate PropertySource: I/O error on GET request for "http://localhost:8888/application/default": Connection refused: connect; nested exception is java.net.ConnectException: Connection refused: connect
2019-06-10 10:52:09,904 INFO  com.capitalone.dashboard.Application - No profiles are active
2019-06-10 10:52:09,918 INFO  o.s.c.a.AnnotationConfigApplicationContext - Refreshing org.springframework.context.annotation.AnnotationConfigApplicationContext@40a8a759: startup date [Mon Jun 10 10:52:09 IST 2019]; parent: org.springframework.context.annotation.AnnotationConfigApplicationContext@7467dcaf
2019-06-10 10:52:11,275 INFO  o.s.cloud.context.scope.GenericScope - BeanFactory id=e8e784d2-4823-3463-802d-d612227f8c18
2019-06-10 10:52:11,280 INFO  c.u.j.EnableEncryptablePropertySourcesPostProcessor - Post-processing PropertySource instances
2019-06-10 10:52:11,307 INFO  c.u.j.c.StringEncryptorConfiguration - String Encryptor custom Bean not found with name 'jasyptStringEncryptor'. Initializing String Encryptor based on properties with name 'jasyptStringEncryptor'
2019-06-10 10:52:11,325 INFO  c.u.j.EnableEncryptablePropertySourcesPostProcessor - Converting PropertySource commandLineArgs [org.springframework.core.env.SimpleCommandLinePropertySource] to EncryptableEnumerablePropertySourceWrapper
2019-06-10 10:52:11,325 INFO  c.u.j.EnableEncryptablePropertySourcesPostProcessor - Converting PropertySource systemProperties [org.springframework.core.env.MapPropertySource] to EncryptableMapPropertySourceWrapper
2019-06-10 10:52:11,325 INFO  c.u.j.EnableEncryptablePropertySourcesPostProcessor - Converting PropertySource systemEnvironment [org.springframework.core.env.SystemEnvironmentPropertySource] to EncryptableMapPropertySourceWrapper
2019-06-10 10:52:11,326 INFO  c.u.j.EnableEncryptablePropertySourcesPostProcessor - Converting PropertySource random [org.springframework.boot.context.config.RandomValuePropertySource] to EncryptablePropertySourceWrapper
2019-06-10 10:52:11,326 INFO  c.u.j.EnableEncryptablePropertySourcesPostProcessor - Converting PropertySource applicationConfig: [file:jenkins.properties] [org.springframework.core.env.PropertiesPropertySource] to EncryptableMapPropertySourceWrapper
2019-06-10 10:52:11,327 INFO  c.u.j.EnableEncryptablePropertySourcesPostProcessor - Converting PropertySource applicationConfig: [file:./jenkins.properties] [org.springframework.core.env.PropertiesPropertySource] to EncryptableMapPropertySourceWrapper
2019-06-10 10:52:11,327 INFO  c.u.j.EnableEncryptablePropertySourcesPostProcessor - Converting PropertySource springCloudClientHostInfo [org.springframework.core.env.MapPropertySource] to EncryptableMapPropertySourceWrapper
2019-06-10 10:52:11,328 INFO  c.u.j.EnableEncryptablePropertySourcesPostProcessor - Converting PropertySource defaultProperties [org.springframework.core.env.MapPropertySource] to EncryptableMapPropertySourceWrapper
2019-06-10 10:52:11,333 INFO  o.s.b.f.a.AutowiredAnnotationBeanPostProcessor - JSR-330 'javax.inject.Inject' annotation found and supported for autowiring
2019-06-10 10:52:11,372 INFO  o.s.c.s.PostProcessorRegistrationDelegate$BeanPostProcessorChecker - Bean 'org.springframework.cloud.autoconfigure.ConfigurationPropertiesRebinderAutoConfiguration' of type [class org.springframework.cloud.autoconfigure.ConfigurationPropertiesRebinderAutoConfiguration$$EnhancerBySpringCGLIB$$104222d] is not eligible for getting processed by all BeanPostProcessors (for example: not eligible for auto-proxying)
2019-06-10 10:52:11,497 INFO  o.s.s.c.ThreadPoolTaskScheduler - Initializing ExecutorService  'taskScheduler'
2019-06-10 10:52:11,615 INFO  c.c.dashboard.config.MongoConfig - ReplicaSetfalse
2019-06-10 10:52:11,740 INFO  c.c.dashboard.config.MongoConfig - Initializing Mongo Client server at: localhost:27017
2019-06-10 10:52:11,935 INFO  org.mongodb.driver.cluster - Cluster created with settings {hosts=[localhost:27017], mode=SINGLE, requiredClusterType=UNKNOWN, serverSelectionTimeout='30000 ms', maxWaitQueueSize=500}
2019-06-10 10:52:12,076 INFO  c.c.dashboard.config.MongoConfig - Connecting to Mongo: Mongo{options=MongoClientOptions{description='null', readPreference=primary, writeConcern=WriteConcern{w=1, wtimeout=0, fsync=false, j=false, codecRegistry=org.bson.codecs.configuration.ProvidersCodecRegistry@a278782b, minConnectionsPerHost=0, maxConnectionsPerHost=100, threadsAllowedToBlockForConnectionMultiplier=5, serverSelectionTimeout=30000, maxWaitTime=120000, maxConnectionIdleTime=60000, maxConnectionLifeTime=0, connectTimeout=10000, socketTimeout=0, socketKeepAlive=false, sslEnabled=false, sslInvalidHostNamesAllowed=false, alwaysUseMBeans=false, heartbeatFrequency=10000, minHeartbeatFrequency=500, heartbeatConnectTimeout=20000, heartbeatSocketTimeout=20000, localThreshold=15, requiredReplicaSetName='null', dbDecoderFactory=com.mongodb.DefaultDBDecoder$1@3097c417, dbEncoderFactory=com.mongodb.DefaultDBEncoder$1@5ab03a74, socketFactory=javax.net.DefaultSocketFactory@6aba724a, cursorFinalizerEnabled=true, connectionPoolSettings=ConnectionPoolSettings{maxSize=100, minSize=0, maxWaitQueueSize=500, maxWaitTimeMS=120000, maxConnectionLifeTimeMS=0, maxConnectionIdleTimeMS=60000, maintenanceInitialDelayMS=0, maintenanceFrequencyMS=60000}, socketSettings=SocketSettings{connectTimeoutMS=10000, readTimeoutMS=0, keepAlive=false, receiveBufferSize=0, sendBufferSize=0}, serverSettings=ServerSettings{heartbeatFrequencyMS=10000, minHeartbeatFrequencyMS=500}, heartbeatSocketSettings=SocketSettings{connectTimeoutMS=20000, readTimeoutMS=20000, keepAlive=false, receiveBufferSize=0, sendBufferSize=0}}}
2019-06-10 10:52:13,047 INFO  org.mongodb.driver.connection - Opened connection [connectionId{localValue:1, serverValue:38}] to localhost:27017
2019-06-10 10:52:13,048 INFO  org.mongodb.driver.cluster - Monitor thread successfully connected to server with description ServerDescription{address=localhost:27017, type=STANDALONE, state=CONNECTED, ok=true, version=ServerVersion{versionList=[4, 0, 6]}, minWireVersion=0, maxWireVersion=7, electionId=null, maxDocumentSize=16777216, roundTripTimeNanos=297574}
2019-06-10 10:52:13,346 INFO  org.mongodb.driver.connection - Opened connection [connectionId{localValue:2, serverValue:39}] to localhost:27017
2019-06-10 10:52:13,684 INFO  c.c.dashboard.config.MongoConfig - ReplicaSetfalse
2019-06-10 10:52:13,685 INFO  c.c.dashboard.config.MongoConfig - Initializing Mongo Client server at: localhost:27017
2019-06-10 10:52:13,686 INFO  org.mongodb.driver.cluster - Cluster created with settings {hosts=[localhost:27017], mode=SINGLE, requiredClusterType=UNKNOWN, serverSelectionTimeout='30000 ms', maxWaitQueueSize=500}
2019-06-10 10:52:13,695 INFO  c.c.dashboard.config.MongoConfig - Connecting to Mongo: Mongo{options=MongoClientOptions{description='null', readPreference=primary, writeConcern=WriteConcern{w=1, wtimeout=0, fsync=false, j=false, codecRegistry=org.bson.codecs.configuration.ProvidersCodecRegistry@a278782b, minConnectionsPerHost=0, maxConnectionsPerHost=100, threadsAllowedToBlockForConnectionMultiplier=5, serverSelectionTimeout=30000, maxWaitTime=120000, maxConnectionIdleTime=60000, maxConnectionLifeTime=0, connectTimeout=10000, socketTimeout=0, socketKeepAlive=false, sslEnabled=false, sslInvalidHostNamesAllowed=false, alwaysUseMBeans=false, heartbeatFrequency=10000, minHeartbeatFrequency=500, heartbeatConnectTimeout=20000, heartbeatSocketTimeout=20000, localThreshold=15, requiredReplicaSetName='null', dbDecoderFactory=com.mongodb.DefaultDBDecoder$1@3097c417, dbEncoderFactory=com.mongodb.DefaultDBEncoder$1@5ab03a74, socketFactory=javax.net.DefaultSocketFactory@6aba724a, cursorFinalizerEnabled=true, connectionPoolSettings=ConnectionPoolSettings{maxSize=100, minSize=0, maxWaitQueueSize=500, maxWaitTimeMS=120000, maxConnectionLifeTimeMS=0, maxConnectionIdleTimeMS=60000, maintenanceInitialDelayMS=0, maintenanceFrequencyMS=60000}, socketSettings=SocketSettings{connectTimeoutMS=10000, readTimeoutMS=0, keepAlive=false, receiveBufferSize=0, sendBufferSize=0}, serverSettings=ServerSettings{heartbeatFrequencyMS=10000, minHeartbeatFrequencyMS=500}, heartbeatSocketSettings=SocketSettings{connectTimeoutMS=20000, readTimeoutMS=20000, keepAlive=false, receiveBufferSize=0, sendBufferSize=0}}}
2019-06-10 10:52:13,710 INFO  c.c.dashboard.config.MongoConfig - ReplicaSetfalse
2019-06-10 10:52:13,711 INFO  c.c.dashboard.config.MongoConfig - Initializing Mongo Client server at: localhost:27017
2019-06-10 10:52:13,712 INFO  org.mongodb.driver.cluster - Cluster created with settings {hosts=[localhost:27017], mode=SINGLE, requiredClusterType=UNKNOWN, serverSelectionTimeout='30000 ms', maxWaitQueueSize=500}
2019-06-10 10:52:13,714 INFO  c.c.dashboard.config.MongoConfig - Connecting to Mongo: Mongo{options=MongoClientOptions{description='null', readPreference=primary, writeConcern=WriteConcern{w=1, wtimeout=0, fsync=false, j=false, codecRegistry=org.bson.codecs.configuration.ProvidersCodecRegistry@a278782b, minConnectionsPerHost=0, maxConnectionsPerHost=100, threadsAllowedToBlockForConnectionMultiplier=5, serverSelectionTimeout=30000, maxWaitTime=120000, maxConnectionIdleTime=60000, maxConnectionLifeTime=0, connectTimeout=10000, socketTimeout=0, socketKeepAlive=false, sslEnabled=false, sslInvalidHostNamesAllowed=false, alwaysUseMBeans=false, heartbeatFrequency=10000, minHeartbeatFrequency=500, heartbeatConnectTimeout=20000, heartbeatSocketTimeout=20000, localThreshold=15, requiredReplicaSetName='null', dbDecoderFactory=com.mongodb.DefaultDBDecoder$1@3097c417, dbEncoderFactory=com.mongodb.DefaultDBEncoder$1@5ab03a74, socketFactory=javax.net.DefaultSocketFactory@6aba724a, cursorFinalizerEnabled=true, connectionPoolSettings=ConnectionPoolSettings{maxSize=100, minSize=0, maxWaitQueueSize=500, maxWaitTimeMS=120000, maxConnectionLifeTimeMS=0, maxConnectionIdleTimeMS=60000, maintenanceInitialDelayMS=0, maintenanceFrequencyMS=60000}, socketSettings=SocketSettings{connectTimeoutMS=10000, readTimeoutMS=0, keepAlive=false, receiveBufferSize=0, sendBufferSize=0}, serverSettings=ServerSettings{heartbeatFrequencyMS=10000, minHeartbeatFrequencyMS=500}, heartbeatSocketSettings=SocketSettings{connectTimeoutMS=20000, readTimeoutMS=20000, keepAlive=false, receiveBufferSize=0, sendBufferSize=0}}}
2019-06-10 10:52:13,719 INFO  org.mongodb.driver.connection - Opened connection [connectionId{localValue:3, serverValue:40}] to localhost:27017
2019-06-10 10:52:13,721 INFO  org.mongodb.driver.cluster - Monitor thread successfully connected to server with description ServerDescription{address=localhost:27017, type=STANDALONE, state=CONNECTED, ok=true, version=ServerVersion{versionList=[4, 0, 6]}, minWireVersion=0, maxWireVersion=7, electionId=null, maxDocumentSize=16777216, roundTripTimeNanos=700901}
2019-06-10 10:52:13,734 INFO  org.mongodb.driver.connection - Opened connection [connectionId{localValue:4, serverValue:41}] to localhost:27017
2019-06-10 10:52:13,735 INFO  org.mongodb.driver.cluster - Monitor thread successfully connected to server with description ServerDescription{address=localhost:27017, type=STANDALONE, state=CONNECTED, ok=true, version=ServerVersion{versionList=[4, 0, 6]}, minWireVersion=0, maxWireVersion=7, electionId=null, maxDocumentSize=16777216, roundTripTimeNanos=501060}
2019-06-10 10:52:14,244 INFO  c.c.dashboard.config.MongoConfig - ReplicaSetfalse
2019-06-10 10:52:14,244 INFO  c.c.dashboard.config.MongoConfig - Initializing Mongo Client server at: localhost:27017
2019-06-10 10:52:14,246 INFO  org.mongodb.driver.cluster - Cluster created with settings {hosts=[localhost:27017], mode=SINGLE, requiredClusterType=UNKNOWN, serverSelectionTimeout='30000 ms', maxWaitQueueSize=500}
2019-06-10 10:52:14,253 INFO  c.c.dashboard.config.MongoConfig - Connecting to Mongo: Mongo{options=MongoClientOptions{description='null', readPreference=primary, writeConcern=WriteConcern{w=1, wtimeout=0, fsync=false, j=false, codecRegistry=org.bson.codecs.configuration.ProvidersCodecRegistry@a278782b, minConnectionsPerHost=0, maxConnectionsPerHost=100, threadsAllowedToBlockForConnectionMultiplier=5, serverSelectionTimeout=30000, maxWaitTime=120000, maxConnectionIdleTime=60000, maxConnectionLifeTime=0, connectTimeout=10000, socketTimeout=0, socketKeepAlive=false, sslEnabled=false, sslInvalidHostNamesAllowed=false, alwaysUseMBeans=false, heartbeatFrequency=10000, minHeartbeatFrequency=500, heartbeatConnectTimeout=20000, heartbeatSocketTimeout=20000, localThreshold=15, requiredReplicaSetName='null', dbDecoderFactory=com.mongodb.DefaultDBDecoder$1@3097c417, dbEncoderFactory=com.mongodb.DefaultDBEncoder$1@5ab03a74, socketFactory=javax.net.DefaultSocketFactory@6aba724a, cursorFinalizerEnabled=true, connectionPoolSettings=ConnectionPoolSettings{maxSize=100, minSize=0, maxWaitQueueSize=500, maxWaitTimeMS=120000, maxConnectionLifeTimeMS=0, maxConnectionIdleTimeMS=60000, maintenanceInitialDelayMS=0, maintenanceFrequencyMS=60000}, socketSettings=SocketSettings{connectTimeoutMS=10000, readTimeoutMS=0, keepAlive=false, receiveBufferSize=0, sendBufferSize=0}, serverSettings=ServerSettings{heartbeatFrequencyMS=10000, minHeartbeatFrequencyMS=500}, heartbeatSocketSettings=SocketSettings{connectTimeoutMS=20000, readTimeoutMS=20000, keepAlive=false, receiveBufferSize=0, sendBufferSize=0}}}
2019-06-10 10:52:14,271 INFO  org.mongodb.driver.connection - Opened connection [connectionId{localValue:5, serverValue:42}] to localhost:27017
2019-06-10 10:52:14,272 INFO  org.mongodb.driver.cluster - Monitor thread successfully connected to server with description ServerDescription{address=localhost:27017, type=STANDALONE, state=CONNECTED, ok=true, version=ServerVersion{versionList=[4, 0, 6]}, minWireVersion=0, maxWireVersion=7, electionId=null, maxDocumentSize=16777216, roundTripTimeNanos=374884}
2019-06-10 10:52:15,222 INFO  o.s.j.e.a.AnnotationMBeanExporter - Registering beans for JMX exposure on startup
2019-06-10 10:52:15,231 INFO  o.s.j.e.a.AnnotationMBeanExporter - Bean with name 'configurationPropertiesRebinder' has been autodetected for JMX exposure
2019-06-10 10:52:15,232 INFO  o.s.j.e.a.AnnotationMBeanExporter - Bean with name 'environmentManager' has been autodetected for JMX exposure
2019-06-10 10:52:15,234 INFO  o.s.j.e.a.AnnotationMBeanExporter - Bean with name 'refreshScope' has been autodetected for JMX exposure
2019-06-10 10:52:15,240 INFO  o.s.j.e.a.AnnotationMBeanExporter - Located managed bean 'environmentManager': registering with JMX server as MBean [org.springframework.cloud.context.environment:name=environmentManager,type=EnvironmentManager]
2019-06-10 10:52:15,258 INFO  o.s.j.e.a.AnnotationMBeanExporter - Located managed bean 'refreshScope': registering with JMX server as MBean [org.springframework.cloud.context.scope.refresh:name=refreshScope,type=RefreshScope]
2019-06-10 10:52:15,264 INFO  o.s.j.e.a.AnnotationMBeanExporter - Located managed bean 'configurationPropertiesRebinder': registering with JMX server as MBean [org.springframework.cloud.context.properties:name=configurationPropertiesRebinder,context=40a8a759,type=ConfigurationPropertiesRebinder]
2019-06-10 10:52:15,309 INFO  com.capitalone.dashboard.Application - Started Application in 7.855 seconds (JVM running for 8.957)
2019-06-10 10:53:00,000 INFO  c.c.d.collector.CollectorTask - Running Collector: Hudson
2019-06-10 10:53:00,093 INFO  c.c.d.collector.CollectorTask - -----------------------------------
2019-06-10 10:53:00,093 INFO  c.c.d.collector.CollectorTask - http://localhost:8084
2019-06-10 10:53:00,094 INFO  c.c.d.collector.CollectorTask - -----------------------------------
2019-06-10 10:53:00,245 INFO  c.c.d.collector.DefaultHudsonClient - Fetching jobs 0/12 pageSize 1000...
2019-06-10 10:53:04,002 INFO  c.c.d.collector.CollectorTask - Fetched jobs                     3s
2019-06-10 10:53:04,002 INFO  c.c.d.collector.CollectorTask - New jobs                0        0s
2019-06-10 10:53:05,751 INFO  c.c.d.collector.CollectorTask - New builds              3        1s
2019-06-10 10:53:05,753 INFO  c.c.d.collector.CollectorTask - New configs             0        0s
2019-06-10 10:53:05,754 INFO  c.c.d.collector.CollectorTask - Finished                         5s
2019-06-10 10:54:00,000 INFO  c.c.d.collector.CollectorTask - Running Collector: Hudson
2019-06-10 10:54:00,010 INFO  c.c.d.collector.CollectorTask - -----------------------------------
2019-06-10 10:54:00,010 INFO  c.c.d.collector.CollectorTask - http://localhost:8084
2019-06-10 10:54:00,011 INFO  c.c.d.collector.CollectorTask - -----------------------------------
2019-06-10 10:54:00,022 INFO  c.c.d.collector.DefaultHudsonClient - Fetching jobs 0/12 pageSize 1000...
2019-06-10 10:54:00,039 INFO  c.c.d.collector.CollectorTask - Fetched jobs                     0s
2019-06-10 10:54:00,039 INFO  c.c.d.collector.CollectorTask - New jobs                0        0s
2019-06-10 10:54:00,116 INFO  c.c.d.collector.CollectorTask - New builds              0        0s
2019-06-10 10:54:00,118 INFO  c.c.d.collector.CollectorTask - New configs             0        0s
2019-06-10 10:54:00,119 INFO  c.c.d.collector.CollectorTask - Finished                         0s
2019-06-10 10:54:59,999 INFO  c.c.d.collector.CollectorTask - Running Collector: Hudson
2019-06-10 10:55:00,008 INFO  c.c.d.collector.CollectorTask - -----------------------------------
2019-06-10 10:55:00,008 INFO  c.c.d.collector.CollectorTask - http://localhost:8084
2019-06-10 10:55:00,011 INFO  c.c.d.collector.CollectorTask - -----------------------------------
2019-06-10 10:55:00,018 INFO  c.c.d.collector.DefaultHudsonClient - Fetching jobs 0/12 pageSize 1000...
2019-06-10 10:55:00,177 INFO  c.c.d.collector.CollectorTask - Fetched jobs                     0s
2019-06-10 10:55:00,177 INFO  c.c.d.collector.CollectorTask - New jobs                0        0s
2019-06-10 10:55:00,237 INFO  c.c.d.collector.CollectorTask - New builds              0        0s
2019-06-10 10:55:00,239 INFO  c.c.d.collector.CollectorTask - New configs             0        0s
2019-06-10 10:55:00,239 INFO  c.c.d.collector.CollectorTask - Finished                         0s
2019-06-10 10:56:00,001 INFO  c.c.d.collector.CollectorTask - Running Collector: Hudson
2019-06-10 10:56:00,009 INFO  c.c.d.collector.CollectorTask - -----------------------------------
2019-06-10 10:56:00,010 INFO  c.c.d.collector.CollectorTask - http://localhost:8084
2019-06-10 10:56:00,010 INFO  c.c.d.collector.CollectorTask - -----------------------------------
2019-06-10 10:56:00,015 INFO  c.c.d.collector.DefaultHudsonClient - Fetching jobs 0/12 pageSize 1000...
2019-06-10 10:56:00,030 INFO  c.c.d.collector.CollectorTask - Fetched jobs                     0s
2019-06-10 10:56:00,031 INFO  c.c.d.collector.CollectorTask - New jobs                0        0s
2019-06-10 10:56:00,099 INFO  c.c.d.collector.CollectorTask - New builds              0        0s
2019-06-10 10:56:00,102 INFO  c.c.d.collector.CollectorTask - New configs             0        0s
2019-06-10 10:56:00,102 INFO  c.c.d.collector.CollectorTask - Finished                         0s
2019-06-10 10:57:00,000 INFO  c.c.d.collector.CollectorTask - Running Collector: Hudson
2019-06-10 10:57:00,052 INFO  c.c.d.collector.CollectorTask - -----------------------------------
2019-06-10 10:57:00,052 INFO  c.c.d.collector.CollectorTask - http://localhost:8084
2019-06-10 10:57:00,054 INFO  c.c.d.collector.CollectorTask - -----------------------------------
2019-06-10 10:57:00,062 INFO  c.c.d.collector.DefaultHudsonClient - Fetching jobs 0/12 pageSize 1000...
2019-06-10 10:57:00,075 INFO  c.c.d.collector.CollectorTask - Fetched jobs                     0s
2019-06-10 10:57:00,075 INFO  c.c.d.collector.CollectorTask - New jobs                0        0s
2019-06-10 10:57:00,473 INFO  c.c.d.collector.CollectorTask - New builds              0        0s
2019-06-10 10:57:00,475 INFO  c.c.d.collector.CollectorTask - New configs             0        0s
2019-06-10 10:57:00,476 INFO  c.c.d.collector.CollectorTask - Finished                         0s
2019-06-10 10:58:00,000 INFO  c.c.d.collector.CollectorTask - Running Collector: Hudson
2019-06-10 10:58:00,027 INFO  c.c.d.collector.CollectorTask - -----------------------------------
2019-06-10 10:58:00,030 INFO  c.c.d.collector.CollectorTask - http://localhost:8084
2019-06-10 10:58:00,033 INFO  c.c.d.collector.CollectorTask - -----------------------------------
2019-06-10 10:58:00,041 INFO  c.c.d.collector.DefaultHudsonClient - Fetching jobs 0/12 pageSize 1000...
2019-06-10 10:58:00,060 INFO  c.c.d.collector.CollectorTask - Fetched jobs                     0s
2019-06-10 10:58:00,061 INFO  c.c.d.collector.CollectorTask - New jobs                0        0s
2019-06-10 10:58:00,121 INFO  c.c.d.collector.CollectorTask - New builds              0        0s
2019-06-10 10:58:00,123 INFO  c.c.d.collector.CollectorTask - New configs             0        0s
2019-06-10 10:58:00,123 INFO  c.c.d.collector.CollectorTask - Finished                         0s
2019-06-10 10:59:00,000 INFO  c.c.d.collector.CollectorTask - Running Collector: Hudson
2019-06-10 10:59:00,009 INFO  c.c.d.collector.CollectorTask - -----------------------------------
2019-06-10 10:59:00,009 INFO  c.c.d.collector.CollectorTask - http://localhost:8084
2019-06-10 10:59:00,010 INFO  c.c.d.collector.CollectorTask - -----------------------------------
2019-06-10 10:59:00,016 INFO  c.c.d.collector.DefaultHudsonClient - Fetching jobs 0/12 pageSize 1000...
2019-06-10 10:59:00,029 INFO  c.c.d.collector.CollectorTask - Fetched jobs                     0s
2019-06-10 10:59:00,029 INFO  c.c.d.collector.CollectorTask - New jobs                0        0s
2019-06-10 10:59:00,096 INFO  c.c.d.collector.CollectorTask - New builds              0        0s
2019-06-10 10:59:00,098 INFO  c.c.d.collector.CollectorTask - New configs             0        0s
2019-06-10 10:59:00,099 INFO  c.c.d.collector.CollectorTask - Finished                         0s
2019-06-10 11:00:00,000 INFO  c.c.d.collector.CollectorTask - Running Collector: Hudson
2019-06-10 11:00:00,009 INFO  c.c.d.collector.CollectorTask - -----------------------------------
2019-06-10 11:00:00,009 INFO  c.c.d.collector.CollectorTask - http://localhost:8084
2019-06-10 11:00:00,010 INFO  c.c.d.collector.CollectorTask - -----------------------------------
2019-06-10 11:00:00,016 INFO  c.c.d.collector.DefaultHudsonClient - Fetching jobs 0/12 pageSize 1000...
2019-06-10 11:00:00,062 INFO  c.c.d.collector.CollectorTask - Fetched jobs                     0s
2019-06-10 11:00:00,062 INFO  c.c.d.collector.CollectorTask - New jobs                0        0s
2019-06-10 11:00:00,178 INFO  c.c.d.collector.CollectorTask - New builds              0        0s
2019-06-10 11:00:00,180 INFO  c.c.d.collector.CollectorTask - New configs             0        0s
2019-06-10 11:00:00,180 INFO  c.c.d.collector.CollectorTask - Finished                         0s
2019-06-10 11:01:00,000 INFO  c.c.d.collector.CollectorTask - Running Collector: Hudson
2019-06-10 11:01:00,009 INFO  c.c.d.collector.CollectorTask - -----------------------------------
2019-06-10 11:01:00,010 INFO  c.c.d.collector.CollectorTask - http://localhost:8084
2019-06-10 11:01:00,010 INFO  c.c.d.collector.CollectorTask - -----------------------------------
2019-06-10 11:01:00,017 INFO  c.c.d.collector.DefaultHudsonClient - Fetching jobs 0/12 pageSize 1000...
2019-06-10 11:01:00,034 INFO  c.c.d.collector.CollectorTask - Fetched jobs                     0s
2019-06-10 11:01:00,051 INFO  c.c.d.collector.CollectorTask - New jobs                0        0s
2019-06-10 11:01:00,103 INFO  c.c.d.collector.CollectorTask - New builds              0        0s
2019-06-10 11:01:00,105 INFO  c.c.d.collector.CollectorTask - New configs             0        0s
2019-06-10 11:01:00,106 INFO  c.c.d.collector.CollectorTask - Finished                         0s
2019-06-10 11:01:59,999 INFO  c.c.d.collector.CollectorTask - Running Collector: Hudson
2019-06-10 11:02:00,016 INFO  c.c.d.collector.CollectorTask - -----------------------------------
2019-06-10 11:02:00,017 INFO  c.c.d.collector.CollectorTask - http://localhost:8084
2019-06-10 11:02:00,018 INFO  c.c.d.collector.CollectorTask - -----------------------------------
2019-06-10 11:02:00,024 INFO  c.c.d.collector.DefaultHudsonClient - Fetching jobs 0/12 pageSize 1000...
2019-06-10 11:02:00,038 INFO  c.c.d.collector.CollectorTask - Fetched jobs                     0s
2019-06-10 11:02:00,039 INFO  c.c.d.collector.CollectorTask - New jobs                0        0s
2019-06-10 11:02:00,095 INFO  c.c.d.collector.CollectorTask - New builds              0        0s
2019-06-10 11:02:00,097 INFO  c.c.d.collector.CollectorTask - New configs             0        0s
2019-06-10 11:02:00,097 INFO  c.c.d.collector.CollectorTask - Finished                         0s
2019-06-10 11:03:00,000 INFO  c.c.d.collector.CollectorTask - Running Collector: Hudson
2019-06-10 11:03:00,007 INFO  c.c.d.collector.CollectorTask - -----------------------------------
2019-06-10 11:03:00,008 INFO  c.c.d.collector.CollectorTask - http://localhost:8084
2019-06-10 11:03:00,008 INFO  c.c.d.collector.CollectorTask - -----------------------------------
2019-06-10 11:03:00,013 INFO  c.c.d.collector.DefaultHudsonClient - Fetching jobs 0/12 pageSize 1000...
2019-06-10 11:03:00,025 INFO  c.c.d.collector.CollectorTask - Fetched jobs                     0s
2019-06-10 11:03:00,025 INFO  c.c.d.collector.CollectorTask - New jobs                0        0s
2019-06-10 11:03:00,082 INFO  c.c.d.collector.CollectorTask - New builds              0        0s
2019-06-10 11:03:00,083 INFO  c.c.d.collector.CollectorTask - New configs             0        0s
2019-06-10 11:03:00,084 INFO  c.c.d.collector.CollectorTask - Finished                         0s
2019-06-10 11:04:00,000 INFO  c.c.d.collector.CollectorTask - Running Collector: Hudson
2019-06-10 11:04:00,007 INFO  c.c.d.collector.CollectorTask - -----------------------------------
2019-06-10 11:04:00,007 INFO  c.c.d.collector.CollectorTask - http://localhost:8084
2019-06-10 11:04:00,007 INFO  c.c.d.collector.CollectorTask - -----------------------------------
2019-06-10 11:04:00,012 INFO  c.c.d.collector.DefaultHudsonClient - Fetching jobs 0/12 pageSize 1000...
2019-06-10 11:04:00,035 INFO  c.c.d.collector.CollectorTask - Fetched jobs                     0s
2019-06-10 11:04:00,035 INFO  c.c.d.collector.CollectorTask - New jobs                0        0s
2019-06-10 11:04:00,095 INFO  c.c.d.collector.CollectorTask - New builds              0        0s
2019-06-10 11:04:00,096 INFO  c.c.d.collector.CollectorTask - New configs             0        0s
2019-06-10 11:04:00,097 INFO  c.c.d.collector.CollectorTask - Finished                         0s
2019-06-10 11:05:00,001 INFO  c.c.d.collector.CollectorTask - Running Collector: Hudson
2019-06-10 11:05:00,008 INFO  c.c.d.collector.CollectorTask - -----------------------------------
2019-06-10 11:05:00,009 INFO  c.c.d.collector.CollectorTask - http://localhost:8084
2019-06-10 11:05:00,009 INFO  c.c.d.collector.CollectorTask - -----------------------------------
2019-06-10 11:05:00,014 INFO  c.c.d.collector.DefaultHudsonClient - Fetching jobs 0/12 pageSize 1000...
2019-06-10 11:05:00,026 INFO  c.c.d.collector.CollectorTask - Fetched jobs                     0s
2019-06-10 11:05:00,026 INFO  c.c.d.collector.CollectorTask - New jobs                0        0s
2019-06-10 11:05:00,084 INFO  c.c.d.collector.CollectorTask - New builds              0        0s
2019-06-10 11:05:00,086 INFO  c.c.d.collector.CollectorTask - New configs             0        0s
2019-06-10 11:05:00,086 INFO  c.c.d.collector.CollectorTask - Finished                         0s
2019-06-10 11:05:59,999 INFO  c.c.d.collector.CollectorTask - Running Collector: Hudson
2019-06-10 11:06:00,013 INFO  c.c.d.collector.CollectorTask - -----------------------------------
2019-06-10 11:06:00,013 INFO  c.c.d.collector.CollectorTask - http://localhost:8084
2019-06-10 11:06:00,015 INFO  c.c.d.collector.CollectorTask - -----------------------------------
2019-06-10 11:06:00,020 INFO  c.c.d.collector.DefaultHudsonClient - Fetching jobs 0/12 pageSize 1000...
2019-06-10 11:06:00,033 INFO  c.c.d.collector.CollectorTask - Fetched jobs                     0s
2019-06-10 11:06:00,033 INFO  c.c.d.collector.CollectorTask - New jobs                0        0s
2019-06-10 11:06:00,091 INFO  c.c.d.collector.CollectorTask - New builds              0        0s
2019-06-10 11:06:00,092 INFO  c.c.d.collector.CollectorTask - New configs             0        0s
2019-06-10 11:06:00,096 INFO  c.c.d.collector.CollectorTask - Finished                         0s
2019-06-10 11:07:00,001 INFO  c.c.d.collector.CollectorTask - Running Collector: Hudson
2019-06-10 11:07:00,007 INFO  c.c.d.collector.CollectorTask - -----------------------------------
2019-06-10 11:07:00,008 INFO  c.c.d.collector.CollectorTask - http://localhost:8084
2019-06-10 11:07:00,008 INFO  c.c.d.collector.CollectorTask - -----------------------------------
2019-06-10 11:07:00,012 INFO  c.c.d.collector.DefaultHudsonClient - Fetching jobs 0/12 pageSize 1000...
2019-06-10 11:07:00,024 INFO  c.c.d.collector.CollectorTask - Fetched jobs                     0s
2019-06-10 11:07:00,024 INFO  c.c.d.collector.CollectorTask - New jobs                0        0s
2019-06-10 11:07:00,080 INFO  c.c.d.collector.CollectorTask - New builds              0        0s
2019-06-10 11:07:00,083 INFO  c.c.d.collector.CollectorTask - New configs             0        0s
2019-06-10 11:07:00,083 INFO  c.c.d.collector.CollectorTask - Finished                         0s
2019-06-10 11:07:59,999 INFO  c.c.d.collector.CollectorTask - Running Collector: Hudson
2019-06-10 11:08:00,010 INFO  c.c.d.collector.CollectorTask - -----------------------------------
2019-06-10 11:08:00,011 INFO  c.c.d.collector.CollectorTask - http://localhost:8084
2019-06-10 11:08:00,011 INFO  c.c.d.collector.CollectorTask - -----------------------------------
2019-06-10 11:08:00,018 INFO  c.c.d.collector.DefaultHudsonClient - Fetching jobs 0/12 pageSize 1000...
2019-06-10 11:08:00,029 INFO  c.c.d.collector.CollectorTask - Fetched jobs                     0s
2019-06-10 11:08:00,030 INFO  c.c.d.collector.CollectorTask - New jobs                0        0s
2019-06-10 11:08:00,083 INFO  c.c.d.collector.CollectorTask - New builds              0        0s
2019-06-10 11:08:00,085 INFO  c.c.d.collector.CollectorTask - New configs             0        0s
2019-06-10 11:08:00,085 INFO  c.c.d.collector.CollectorTask - Finished                         0s
2019-06-10 11:09:00,000 INFO  c.c.d.collector.CollectorTask - Running Collector: Hudson
2019-06-10 11:09:00,008 INFO  c.c.d.collector.CollectorTask - -----------------------------------
2019-06-10 11:09:00,008 INFO  c.c.d.collector.CollectorTask - http://localhost:8084
2019-06-10 11:09:00,009 INFO  c.c.d.collector.CollectorTask - -----------------------------------
2019-06-10 11:09:00,013 INFO  c.c.d.collector.DefaultHudsonClient - Fetching jobs 0/12 pageSize 1000...
2019-06-10 11:09:00,025 INFO  c.c.d.collector.CollectorTask - Fetched jobs                     0s
2019-06-10 11:09:00,026 INFO  c.c.d.collector.CollectorTask - New jobs                0        0s
2019-06-10 11:09:00,082 INFO  c.c.d.collector.CollectorTask - New builds              0        0s
2019-06-10 11:09:00,084 INFO  c.c.d.collector.CollectorTask - New configs             0        0s
2019-06-10 11:09:00,084 INFO  c.c.d.collector.CollectorTask - Finished                         0s
2019-06-10 11:10:00,000 INFO  c.c.d.collector.CollectorTask - Running Collector: Hudson
2019-06-10 11:10:00,007 INFO  c.c.d.collector.CollectorTask - -----------------------------------
2019-06-10 11:10:00,007 INFO  c.c.d.collector.CollectorTask - http://localhost:8084
2019-06-10 11:10:00,008 INFO  c.c.d.collector.CollectorTask - -----------------------------------
2019-06-10 11:10:00,013 INFO  c.c.d.collector.DefaultHudsonClient - Fetching jobs 0/12 pageSize 1000...
2019-06-10 11:10:00,040 INFO  c.c.d.collector.CollectorTask - Fetched jobs                     0s
2019-06-10 11:10:00,040 INFO  c.c.d.collector.CollectorTask - New jobs                0        0s
2019-06-10 11:10:00,097 INFO  c.c.d.collector.CollectorTask - New builds              0        0s
2019-06-10 11:10:00,099 INFO  c.c.d.collector.CollectorTask - New configs             0        0s
2019-06-10 11:10:00,099 INFO  c.c.d.collector.CollectorTask - Finished                         0s
2019-06-10 11:11:00,002 INFO  c.c.d.collector.CollectorTask - Running Collector: Hudson
2019-06-10 11:11:00,012 INFO  c.c.d.collector.CollectorTask - -----------------------------------
2019-06-10 11:11:00,012 INFO  c.c.d.collector.CollectorTask - http://localhost:8084
2019-06-10 11:11:00,013 INFO  c.c.d.collector.CollectorTask - -----------------------------------
2019-06-10 11:11:00,021 INFO  c.c.d.collector.DefaultHudsonClient - Fetching jobs 0/12 pageSize 1000...
2019-06-10 11:11:00,035 INFO  c.c.d.collector.CollectorTask - Fetched jobs                     0s
2019-06-10 11:11:00,036 INFO  c.c.d.collector.CollectorTask - New jobs                0        0s
2019-06-10 11:11:00,091 INFO  c.c.d.collector.CollectorTask - New builds              0        0s
2019-06-10 11:11:00,093 INFO  c.c.d.collector.CollectorTask - New configs             0        0s
2019-06-10 11:11:00,093 INFO  c.c.d.collector.CollectorTask - Finished                         0s
2019-06-10 11:12:00,000 INFO  c.c.d.collector.CollectorTask - Running Collector: Hudson
2019-06-10 11:12:00,011 INFO  c.c.d.collector.CollectorTask - -----------------------------------
2019-06-10 11:12:00,011 INFO  c.c.d.collector.CollectorTask - http://localhost:8084
2019-06-10 11:12:00,011 INFO  c.c.d.collector.CollectorTask - -----------------------------------
2019-06-10 11:12:00,016 INFO  c.c.d.collector.DefaultHudsonClient - Fetching jobs 0/12 pageSize 1000...
2019-06-10 11:12:00,028 INFO  c.c.d.collector.CollectorTask - Fetched jobs                     0s
2019-06-10 11:12:00,028 INFO  c.c.d.collector.CollectorTask - New jobs                0        0s
2019-06-10 11:12:00,083 INFO  c.c.d.collector.CollectorTask - New builds              0        0s
2019-06-10 11:12:00,084 INFO  c.c.d.collector.CollectorTask - New configs             0        0s
2019-06-10 11:12:00,085 INFO  c.c.d.collector.CollectorTask - Finished                         0s
2019-06-10 11:13:00,000 INFO  c.c.d.collector.CollectorTask - Running Collector: Hudson
2019-06-10 11:13:00,008 INFO  c.c.d.collector.CollectorTask - -----------------------------------
2019-06-10 11:13:00,009 INFO  c.c.d.collector.CollectorTask - http://localhost:8084
2019-06-10 11:13:00,010 INFO  c.c.d.collector.CollectorTask - -----------------------------------
2019-06-10 11:13:00,014 INFO  c.c.d.collector.DefaultHudsonClient - Fetching jobs 0/12 pageSize 1000...
2019-06-10 11:13:00,030 INFO  c.c.d.collector.CollectorTask - Fetched jobs                     0s
2019-06-10 11:13:00,030 INFO  c.c.d.collector.CollectorTask - New jobs                0        0s
2019-06-10 11:13:00,077 INFO  c.c.d.collector.CollectorTask - New builds              0        0s
2019-06-10 11:13:00,079 INFO  c.c.d.collector.CollectorTask - New configs             0        0s
2019-06-10 11:13:00,079 INFO  c.c.d.collector.CollectorTask - Finished                         0s
2019-06-10 11:14:00,000 INFO  c.c.d.collector.CollectorTask - Running Collector: Hudson
2019-06-10 11:14:00,011 INFO  c.c.d.collector.CollectorTask - -----------------------------------
2019-06-10 11:14:00,011 INFO  c.c.d.collector.CollectorTask - http://localhost:8084
2019-06-10 11:14:00,012 INFO  c.c.d.collector.CollectorTask - -----------------------------------
2019-06-10 11:14:00,017 INFO  c.c.d.collector.DefaultHudsonClient - Fetching jobs 0/12 pageSize 1000...
2019-06-10 11:14:00,038 INFO  c.c.d.collector.CollectorTask - Fetched jobs                     0s
2019-06-10 11:14:00,038 INFO  c.c.d.collector.CollectorTask - New jobs                0        0s
2019-06-10 11:14:00,098 INFO  c.c.d.collector.CollectorTask - New builds              0        0s
2019-06-10 11:14:00,100 INFO  c.c.d.collector.CollectorTask - New configs             0        0s
2019-06-10 11:14:00,103 INFO  c.c.d.collector.CollectorTask - Finished                         0s
2019-06-10 11:14:59,999 INFO  c.c.d.collector.CollectorTask - Running Collector: Hudson
2019-06-10 11:15:00,006 INFO  c.c.d.collector.CollectorTask - -----------------------------------
2019-06-10 11:15:00,006 INFO  c.c.d.collector.CollectorTask - http://localhost:8084
2019-06-10 11:15:00,007 INFO  c.c.d.collector.CollectorTask - -----------------------------------
2019-06-10 11:15:00,011 INFO  c.c.d.collector.DefaultHudsonClient - Fetching jobs 0/12 pageSize 1000...
2019-06-10 11:15:00,024 INFO  c.c.d.collector.CollectorTask - Fetched jobs                     0s
2019-06-10 11:15:00,025 INFO  c.c.d.collector.CollectorTask - New jobs                0        0s
2019-06-10 11:15:00,082 INFO  c.c.d.collector.CollectorTask - New builds              0        0s
2019-06-10 11:15:00,084 INFO  c.c.d.collector.CollectorTask - New configs             0        0s
2019-06-10 11:15:00,084 INFO  c.c.d.collector.CollectorTask - Finished                         0s
2019-06-10 11:16:00,000 INFO  c.c.d.collector.CollectorTask - Running Collector: Hudson
2019-06-10 11:16:00,008 INFO  c.c.d.collector.CollectorTask - -----------------------------------
2019-06-10 11:16:00,008 INFO  c.c.d.collector.CollectorTask - http://localhost:8084
2019-06-10 11:16:00,009 INFO  c.c.d.collector.CollectorTask - -----------------------------------
2019-06-10 11:16:00,013 INFO  c.c.d.collector.DefaultHudsonClient - Fetching jobs 0/12 pageSize 1000...
2019-06-10 11:16:00,025 INFO  c.c.d.collector.CollectorTask - Fetched jobs                     0s
2019-06-10 11:16:00,025 INFO  c.c.d.collector.CollectorTask - New jobs                0        0s
2019-06-10 11:16:00,074 INFO  c.c.d.collector.CollectorTask - New builds              0        0s
2019-06-10 11:16:00,076 INFO  c.c.d.collector.CollectorTask - New configs             0        0s
2019-06-10 11:16:00,076 INFO  c.c.d.collector.CollectorTask - Finished                         0s
2019-06-10 11:17:00,000 INFO  c.c.d.collector.CollectorTask - Running Collector: Hudson
2019-06-10 11:17:00,023 INFO  c.c.d.collector.CollectorTask - -----------------------------------
2019-06-10 11:17:00,023 INFO  c.c.d.collector.CollectorTask - http://localhost:8084
2019-06-10 11:17:00,024 INFO  c.c.d.collector.CollectorTask - -----------------------------------
2019-06-10 11:17:00,032 INFO  c.c.d.collector.DefaultHudsonClient - Fetching jobs 0/12 pageSize 1000...
2019-06-10 11:17:00,043 INFO  c.c.d.collector.CollectorTask - Fetched jobs                     0s
2019-06-10 11:17:00,043 INFO  c.c.d.collector.CollectorTask - New jobs                0        0s
2019-06-10 11:17:00,102 INFO  c.c.d.collector.CollectorTask - New builds              0        0s
2019-06-10 11:17:00,104 INFO  c.c.d.collector.CollectorTask - New configs             0        0s
2019-06-10 11:17:00,105 INFO  c.c.d.collector.CollectorTask - Finished                         0s
2019-06-10 11:18:00,001 INFO  c.c.d.collector.CollectorTask - Running Collector: Hudson
2019-06-10 11:18:00,009 INFO  c.c.d.collector.CollectorTask - -----------------------------------
2019-06-10 11:18:00,010 INFO  c.c.d.collector.CollectorTask - http://localhost:8084
2019-06-10 11:18:00,010 INFO  c.c.d.collector.CollectorTask - -----------------------------------
2019-06-10 11:18:00,016 INFO  c.c.d.collector.DefaultHudsonClient - Fetching jobs 0/12 pageSize 1000...
2019-06-10 11:18:00,029 INFO  c.c.d.collector.CollectorTask - Fetched jobs                     0s
2019-06-10 11:18:00,029 INFO  c.c.d.collector.CollectorTask - New jobs                0        0s
2019-06-10 11:18:00,083 INFO  c.c.d.collector.CollectorTask - New builds              0        0s
2019-06-10 11:18:00,085 INFO  c.c.d.collector.CollectorTask - New configs             0        0s
2019-06-10 11:18:00,085 INFO  c.c.d.collector.CollectorTask - Finished                         0s
2019-06-10 11:19:00,000 INFO  c.c.d.collector.CollectorTask - Running Collector: Hudson
2019-06-10 11:19:00,007 INFO  c.c.d.collector.CollectorTask - -----------------------------------
2019-06-10 11:19:00,007 INFO  c.c.d.collector.CollectorTask - http://localhost:8084
2019-06-10 11:19:00,008 INFO  c.c.d.collector.CollectorTask - -----------------------------------
2019-06-10 11:19:00,013 INFO  c.c.d.collector.DefaultHudsonClient - Fetching jobs 0/12 pageSize 1000...
2019-06-10 11:19:00,027 INFO  c.c.d.collector.CollectorTask - Fetched jobs                     0s
2019-06-10 11:19:00,027 INFO  c.c.d.collector.CollectorTask - New jobs                0        0s
2019-06-10 11:19:00,094 INFO  c.c.d.collector.CollectorTask - New builds              0        0s
2019-06-10 11:19:00,097 INFO  c.c.d.collector.CollectorTask - New configs             0        0s
2019-06-10 11:19:00,100 INFO  c.c.d.collector.CollectorTask - Finished                         0s
2019-06-10 11:19:59,999 INFO  c.c.d.collector.CollectorTask - Running Collector: Hudson
2019-06-10 11:20:00,007 INFO  c.c.d.collector.CollectorTask - -----------------------------------
2019-06-10 11:20:00,007 INFO  c.c.d.collector.CollectorTask - http://localhost:8084
2019-06-10 11:20:00,008 INFO  c.c.d.collector.CollectorTask - -----------------------------------
2019-06-10 11:20:00,012 INFO  c.c.d.collector.DefaultHudsonClient - Fetching jobs 0/12 pageSize 1000...
2019-06-10 11:20:00,027 INFO  c.c.d.collector.CollectorTask - Fetched jobs                     0s
2019-06-10 11:20:00,028 INFO  c.c.d.collector.CollectorTask - New jobs                0        0s
2019-06-10 11:20:00,086 INFO  c.c.d.collector.CollectorTask - New builds              0        0s
2019-06-10 11:20:00,088 INFO  c.c.d.collector.CollectorTask - New configs             0        0s
2019-06-10 11:20:00,088 INFO  c.c.d.collector.CollectorTask - Finished                         0s
2019-06-10 11:20:59,999 INFO  c.c.d.collector.CollectorTask - Running Collector: Hudson
2019-06-10 11:21:00,007 INFO  c.c.d.collector.CollectorTask - -----------------------------------
2019-06-10 11:21:00,007 INFO  c.c.d.collector.CollectorTask - http://localhost:8084
2019-06-10 11:21:00,008 INFO  c.c.d.collector.CollectorTask - -----------------------------------
2019-06-10 11:21:00,012 INFO  c.c.d.collector.DefaultHudsonClient - Fetching jobs 0/12 pageSize 1000...
2019-06-10 11:21:00,046 INFO  c.c.d.collector.CollectorTask - Fetched jobs                     0s
2019-06-10 11:21:00,046 INFO  c.c.d.collector.CollectorTask - New jobs                0        0s
2019-06-10 11:21:00,114 INFO  c.c.d.collector.CollectorTask - New builds              0        0s
2019-06-10 11:21:00,115 INFO  c.c.d.collector.CollectorTask - New configs             0        0s
2019-06-10 11:21:00,116 INFO  c.c.d.collector.CollectorTask - Finished                         0s
2019-06-10 11:21:59,999 INFO  c.c.d.collector.CollectorTask - Running Collector: Hudson
2019-06-10 11:22:00,007 INFO  c.c.d.collector.CollectorTask - -----------------------------------
2019-06-10 11:22:00,007 INFO  c.c.d.collector.CollectorTask - http://localhost:8084
2019-06-10 11:22:00,008 INFO  c.c.d.collector.CollectorTask - -----------------------------------
2019-06-10 11:22:00,013 INFO  c.c.d.collector.DefaultHudsonClient - Fetching jobs 0/12 pageSize 1000...
2019-06-10 11:22:00,027 INFO  c.c.d.collector.CollectorTask - Fetched jobs                     0s
2019-06-10 11:22:00,027 INFO  c.c.d.collector.CollectorTask - New jobs                0        0s
2019-06-10 11:22:00,080 INFO  c.c.d.collector.CollectorTask - New builds              0        0s
2019-06-10 11:22:00,081 INFO  c.c.d.collector.CollectorTask - New configs             0        0s
2019-06-10 11:22:00,082 INFO  c.c.d.collector.CollectorTask - Finished                         0s
2019-06-10 11:23:00,000 INFO  c.c.d.collector.CollectorTask - Running Collector: Hudson
2019-06-10 11:23:00,015 INFO  c.c.d.collector.CollectorTask - -----------------------------------
2019-06-10 11:23:00,015 INFO  c.c.d.collector.CollectorTask - http://localhost:8084
2019-06-10 11:23:00,016 INFO  c.c.d.collector.CollectorTask - -----------------------------------
2019-06-10 11:23:00,021 INFO  c.c.d.collector.DefaultHudsonClient - Fetching jobs 0/12 pageSize 1000...
2019-06-10 11:23:00,035 INFO  c.c.d.collector.CollectorTask - Fetched jobs                     0s
2019-06-10 11:23:00,036 INFO  c.c.d.collector.CollectorTask - New jobs                0        0s
2019-06-10 11:23:00,096 INFO  c.c.d.collector.CollectorTask - New builds              0        0s
2019-06-10 11:23:00,126 INFO  c.c.d.collector.CollectorTask - New configs             0        0s
2019-06-10 11:23:00,126 INFO  c.c.d.collector.CollectorTask - Finished                         0s
2019-06-10 11:23:59,999 INFO  c.c.d.collector.CollectorTask - Running Collector: Hudson
2019-06-10 11:24:00,007 INFO  c.c.d.collector.CollectorTask - -----------------------------------
2019-06-10 11:24:00,007 INFO  c.c.d.collector.CollectorTask - http://localhost:8084
2019-06-10 11:24:00,008 INFO  c.c.d.collector.CollectorTask - -----------------------------------
2019-06-10 11:24:00,014 INFO  c.c.d.collector.DefaultHudsonClient - Fetching jobs 0/12 pageSize 1000...
2019-06-10 11:24:00,029 INFO  c.c.d.collector.CollectorTask - Fetched jobs                     0s
2019-06-10 11:24:00,029 INFO  c.c.d.collector.CollectorTask - New jobs                0        0s
2019-06-10 11:24:00,100 INFO  c.c.d.collector.CollectorTask - New builds              0        0s
2019-06-10 11:24:00,102 INFO  c.c.d.collector.CollectorTask - New configs             0        0s
2019-06-10 11:24:00,102 INFO  c.c.d.collector.CollectorTask - Finished                         0s
2019-06-10 11:25:00,000 INFO  c.c.d.collector.CollectorTask - Running Collector: Hudson
2019-06-10 11:25:00,009 INFO  c.c.d.collector.CollectorTask - -----------------------------------
2019-06-10 11:25:00,009 INFO  c.c.d.collector.CollectorTask - http://localhost:8084
2019-06-10 11:25:00,010 INFO  c.c.d.collector.CollectorTask - -----------------------------------
2019-06-10 11:25:00,014 INFO  c.c.d.collector.DefaultHudsonClient - Fetching jobs 0/12 pageSize 1000...
2019-06-10 11:25:00,027 INFO  c.c.d.collector.CollectorTask - Fetched jobs                     0s
2019-06-10 11:25:00,027 INFO  c.c.d.collector.CollectorTask - New jobs                0        0s
2019-06-10 11:25:00,088 INFO  c.c.d.collector.CollectorTask - New builds              0        0s
2019-06-10 11:25:00,090 INFO  c.c.d.collector.CollectorTask - New configs             0        0s
2019-06-10 11:25:00,090 INFO  c.c.d.collector.CollectorTask - Finished                         0s
2019-06-10 11:26:00,000 INFO  c.c.d.collector.CollectorTask - Running Collector: Hudson
2019-06-10 11:26:00,010 INFO  c.c.d.collector.CollectorTask - -----------------------------------
2019-06-10 11:26:00,011 INFO  c.c.d.collector.CollectorTask - http://localhost:8084
2019-06-10 11:26:00,011 INFO  c.c.d.collector.CollectorTask - -----------------------------------
2019-06-10 11:26:00,017 INFO  c.c.d.collector.DefaultHudsonClient - Fetching jobs 0/12 pageSize 1000...
2019-06-10 11:26:00,028 INFO  c.c.d.collector.CollectorTask - Fetched jobs                     0s
2019-06-10 11:26:00,029 INFO  c.c.d.collector.CollectorTask - New jobs                0        0s
2019-06-10 11:26:00,089 INFO  c.c.d.collector.CollectorTask - New builds              0        0s
2019-06-10 11:26:00,091 INFO  c.c.d.collector.CollectorTask - New configs             0        0s
2019-06-10 11:26:00,091 INFO  c.c.d.collector.CollectorTask - Finished                         0s
2019-06-10 11:26:59,999 INFO  c.c.d.collector.CollectorTask - Running Collector: Hudson
2019-06-10 11:27:00,010 INFO  c.c.d.collector.CollectorTask - -----------------------------------
2019-06-10 11:27:00,010 INFO  c.c.d.collector.CollectorTask - http://localhost:8084
2019-06-10 11:27:00,012 INFO  c.c.d.collector.CollectorTask - -----------------------------------
2019-06-10 11:27:00,018 INFO  c.c.d.collector.DefaultHudsonClient - Fetching jobs 0/12 pageSize 1000...
2019-06-10 11:27:00,032 INFO  c.c.d.collector.CollectorTask - Fetched jobs                     0s
2019-06-10 11:27:00,033 INFO  c.c.d.collector.CollectorTask - New jobs                0        0s
2019-06-10 11:27:00,096 INFO  c.c.d.collector.CollectorTask - New builds              0        0s
2019-06-10 11:27:00,099 INFO  c.c.d.collector.CollectorTask - New configs             0        0s
2019-06-10 11:27:00,099 INFO  c.c.d.collector.CollectorTask - Finished                         0s
2019-06-10 11:27:59,999 INFO  c.c.d.collector.CollectorTask - Running Collector: Hudson
2019-06-10 11:28:00,013 INFO  c.c.d.collector.CollectorTask - -----------------------------------
2019-06-10 11:28:00,013 INFO  c.c.d.collector.CollectorTask - http://localhost:8084
2019-06-10 11:28:00,014 INFO  c.c.d.collector.CollectorTask - -----------------------------------
2019-06-10 11:28:00,020 INFO  c.c.d.collector.DefaultHudsonClient - Fetching jobs 0/12 pageSize 1000...
2019-06-10 11:28:00,037 INFO  c.c.d.collector.CollectorTask - Fetched jobs                     0s
2019-06-10 11:28:00,037 INFO  c.c.d.collector.CollectorTask - New jobs                0        0s
2019-06-10 11:28:00,134 INFO  c.c.d.collector.CollectorTask - New builds              0        0s
2019-06-10 11:28:00,136 INFO  c.c.d.collector.CollectorTask - New configs             0        0s
2019-06-10 11:28:00,136 INFO  c.c.d.collector.CollectorTask - Finished                         0s
2019-06-10 11:29:00,023 INFO  c.c.d.collector.CollectorTask - Running Collector: Hudson
2019-06-10 11:29:00,178 INFO  c.c.d.collector.CollectorTask - -----------------------------------
2019-06-10 11:29:00,178 INFO  c.c.d.collector.CollectorTask - http://localhost:8084
2019-06-10 11:29:00,180 INFO  c.c.d.collector.CollectorTask - -----------------------------------
2019-06-10 11:29:00,185 INFO  c.c.d.collector.DefaultHudsonClient - Fetching jobs 0/12 pageSize 1000...
2019-06-10 11:29:00,203 INFO  c.c.d.collector.CollectorTask - Fetched jobs                     0s
2019-06-10 11:29:00,203 INFO  c.c.d.collector.CollectorTask - New jobs                0        0s
2019-06-10 11:29:00,451 INFO  c.c.d.collector.CollectorTask - New builds              0        0s
2019-06-10 11:29:00,453 INFO  c.c.d.collector.CollectorTask - New configs             0        0s
2019-06-10 11:29:00,454 INFO  c.c.d.collector.CollectorTask - Finished                         0s
2019-06-10 11:30:00,000 INFO  c.c.d.collector.CollectorTask - Running Collector: Hudson
2019-06-10 11:30:00,492 INFO  c.c.d.collector.CollectorTask - -----------------------------------
2019-06-10 11:30:00,492 INFO  c.c.d.collector.CollectorTask - http://localhost:8084
2019-06-10 11:30:00,493 INFO  c.c.d.collector.CollectorTask - -----------------------------------
2019-06-10 11:30:00,591 INFO  c.c.d.collector.DefaultHudsonClient - Fetching jobs 0/12 pageSize 1000...
2019-06-10 11:30:00,773 INFO  c.c.d.collector.CollectorTask - Fetched jobs                     0s
2019-06-10 11:30:00,829 INFO  c.c.d.collector.CollectorTask - New jobs                0        0s
2019-06-10 11:30:01,391 INFO  c.c.d.collector.CollectorTask - New builds              0        0s
2019-06-10 11:30:01,401 INFO  c.c.d.collector.CollectorTask - New configs             0        0s
2019-06-10 11:30:01,401 INFO  c.c.d.collector.CollectorTask - Finished                         1s
2019-06-10 11:31:00,000 INFO  c.c.d.collector.CollectorTask - Running Collector: Hudson
2019-06-10 11:31:00,144 INFO  c.c.d.collector.CollectorTask - -----------------------------------
2019-06-10 11:31:00,144 INFO  c.c.d.collector.CollectorTask - http://localhost:8084
2019-06-10 11:31:00,146 INFO  c.c.d.collector.CollectorTask - -----------------------------------
2019-06-10 11:31:00,151 INFO  c.c.d.collector.DefaultHudsonClient - Fetching jobs 0/12 pageSize 1000...
2019-06-10 11:31:00,313 INFO  c.c.d.collector.CollectorTask - Fetched jobs                     0s
2019-06-10 11:31:00,313 INFO  c.c.d.collector.CollectorTask - New jobs                0        0s
2019-06-10 11:31:01,255 INFO  c.c.d.collector.CollectorTask - New builds              0        0s
2019-06-10 11:31:01,258 INFO  c.c.d.collector.CollectorTask - New configs             0        0s
2019-06-10 11:31:01,258 INFO  c.c.d.collector.CollectorTask - Finished                         1s
2019-06-10 11:32:00,000 INFO  c.c.d.collector.CollectorTask - Running Collector: Hudson
2019-06-10 11:32:00,640 INFO  c.c.d.collector.CollectorTask - -----------------------------------
2019-06-10 11:32:00,641 INFO  c.c.d.collector.CollectorTask - http://localhost:8084
2019-06-10 11:32:00,642 INFO  c.c.d.collector.CollectorTask - -----------------------------------
2019-06-10 11:32:00,867 INFO  c.c.d.collector.DefaultHudsonClient - Fetching jobs 0/12 pageSize 1000...
2019-06-10 11:32:00,974 INFO  c.c.d.collector.CollectorTask - Fetched jobs                     0s
2019-06-10 11:32:00,974 INFO  c.c.d.collector.CollectorTask - New jobs                0        0s
2019-06-10 11:32:01,755 INFO  c.c.d.collector.CollectorTask - New builds              0        0s
2019-06-10 11:32:01,758 INFO  c.c.d.collector.CollectorTask - New configs             0        0s
2019-06-10 11:32:01,760 INFO  c.c.d.collector.CollectorTask - Finished                         1s
2019-06-10 11:33:00,000 INFO  c.c.d.collector.CollectorTask - Running Collector: Hudson
2019-06-10 11:33:00,471 INFO  c.c.d.collector.CollectorTask - -----------------------------------
2019-06-10 11:33:00,472 INFO  c.c.d.collector.CollectorTask - http://localhost:8084
2019-06-10 11:33:00,473 INFO  c.c.d.collector.CollectorTask - -----------------------------------
2019-06-10 11:33:00,920 INFO  c.c.d.collector.DefaultHudsonClient - Fetching jobs 0/12 pageSize 1000...
2019-06-10 11:33:01,264 INFO  c.c.d.collector.CollectorTask - Fetched jobs                     1s
2019-06-10 11:33:01,285 INFO  c.c.d.collector.CollectorTask - New jobs                0        0s
2019-06-10 11:33:03,181 INFO  c.c.d.collector.CollectorTask - New builds              0        1s
2019-06-10 11:33:03,184 INFO  c.c.d.collector.CollectorTask - New configs             0        0s
2019-06-10 11:33:03,184 INFO  c.c.d.collector.CollectorTask - Finished                         3s
2019-06-10 11:34:00,001 INFO  c.c.d.collector.CollectorTask - Running Collector: Hudson
2019-06-10 11:34:00,292 INFO  c.c.d.collector.CollectorTask - -----------------------------------
2019-06-10 11:34:00,293 INFO  c.c.d.collector.CollectorTask - http://localhost:8084
2019-06-10 11:34:00,298 INFO  c.c.d.collector.CollectorTask - -----------------------------------
2019-06-10 11:34:00,359 INFO  c.c.d.collector.DefaultHudsonClient - Fetching jobs 0/12 pageSize 1000...
2019-06-10 11:34:00,545 INFO  c.c.d.collector.CollectorTask - Fetched jobs                     0s
2019-06-10 11:34:00,546 INFO  c.c.d.collector.CollectorTask - New jobs                0        0s
2019-06-10 11:34:01,227 INFO  c.c.d.collector.CollectorTask - New builds              0        0s
2019-06-10 11:34:01,279 INFO  c.c.d.collector.CollectorTask - New configs             0        0s
2019-06-10 11:34:01,279 INFO  c.c.d.collector.CollectorTask - Finished                         1s
2019-06-10 11:35:00,000 INFO  c.c.d.collector.CollectorTask - Running Collector: Hudson
2019-06-10 11:35:00,263 INFO  c.c.d.collector.CollectorTask - -----------------------------------
2019-06-10 11:35:00,263 INFO  c.c.d.collector.CollectorTask - http://localhost:8084
2019-06-10 11:35:00,265 INFO  c.c.d.collector.CollectorTask - -----------------------------------
2019-06-10 11:35:00,287 INFO  c.c.d.collector.DefaultHudsonClient - Fetching jobs 0/12 pageSize 1000...
2019-06-10 11:35:00,374 INFO  c.c.d.collector.CollectorTask - Fetched jobs                     0s
2019-06-10 11:35:00,374 INFO  c.c.d.collector.CollectorTask - New jobs                0        0s
2019-06-10 11:35:01,919 INFO  c.c.d.collector.CollectorTask - New builds              0        1s
2019-06-10 11:35:01,932 INFO  c.c.d.collector.CollectorTask - New configs             0        0s
2019-06-10 11:35:01,932 INFO  c.c.d.collector.CollectorTask - Finished                         1s
2019-06-10 11:36:00,000 INFO  c.c.d.collector.CollectorTask - Running Collector: Hudson
2019-06-10 11:36:00,433 INFO  c.c.d.collector.CollectorTask - -----------------------------------
2019-06-10 11:36:00,433 INFO  c.c.d.collector.CollectorTask - http://localhost:8084
2019-06-10 11:36:00,434 INFO  c.c.d.collector.CollectorTask - -----------------------------------
2019-06-10 11:36:00,439 INFO  c.c.d.collector.DefaultHudsonClient - Fetching jobs 0/12 pageSize 1000...
2019-06-10 11:36:00,636 INFO  c.c.d.collector.CollectorTask - Fetched jobs                     0s
2019-06-10 11:36:00,636 INFO  c.c.d.collector.CollectorTask - New jobs                0        0s
2019-06-10 11:36:01,072 INFO  c.c.d.collector.CollectorTask - New builds              0        0s
2019-06-10 11:36:01,075 INFO  c.c.d.collector.CollectorTask - New configs             0        0s
2019-06-10 11:36:01,076 INFO  c.c.d.collector.CollectorTask - Finished                         0s
2019-06-10 11:37:00,000 INFO  c.c.d.collector.CollectorTask - Running Collector: Hudson
2019-06-10 11:37:00,459 INFO  c.c.d.collector.CollectorTask - -----------------------------------
2019-06-10 11:37:00,459 INFO  c.c.d.collector.CollectorTask - http://localhost:8084
2019-06-10 11:37:00,461 INFO  c.c.d.collector.CollectorTask - -----------------------------------
2019-06-10 11:37:00,471 INFO  c.c.d.collector.DefaultHudsonClient - Fetching jobs 0/12 pageSize 1000...
2019-06-10 11:37:00,556 INFO  c.c.d.collector.CollectorTask - Fetched jobs                     0s
2019-06-10 11:37:00,557 INFO  c.c.d.collector.CollectorTask - New jobs                0        0s
2019-06-10 11:37:01,781 INFO  c.c.d.collector.CollectorTask - New builds              0        1s
2019-06-10 11:37:01,801 INFO  c.c.d.collector.CollectorTask - New configs             0        0s
2019-06-10 11:37:01,801 INFO  c.c.d.collector.CollectorTask - Finished                         1s
2019-06-10 11:38:00,000 INFO  c.c.d.collector.CollectorTask - Running Collector: Hudson
2019-06-10 11:38:00,682 INFO  c.c.d.collector.CollectorTask - -----------------------------------
2019-06-10 11:38:00,683 INFO  c.c.d.collector.CollectorTask - http://localhost:8084
2019-06-10 11:38:00,695 INFO  c.c.d.collector.CollectorTask - -----------------------------------
2019-06-10 11:38:00,720 INFO  c.c.d.collector.DefaultHudsonClient - Fetching jobs 0/12 pageSize 1000...
2019-06-10 11:38:00,737 INFO  c.c.d.collector.CollectorTask - Fetched jobs                     0s
2019-06-10 11:38:00,737 INFO  c.c.d.collector.CollectorTask - New jobs                0        0s
2019-06-10 11:38:04,268 INFO  c.c.d.collector.CollectorTask - New builds              0        3s
2019-06-10 11:38:04,271 INFO  c.c.d.collector.CollectorTask - New configs             0        0s
2019-06-10 11:38:04,271 INFO  c.c.d.collector.CollectorTask - Finished                         4s
2019-06-10 11:39:00,000 INFO  c.c.d.collector.CollectorTask - Running Collector: Hudson
2019-06-10 11:39:00,461 INFO  c.c.d.collector.CollectorTask - -----------------------------------
2019-06-10 11:39:00,461 INFO  c.c.d.collector.CollectorTask - http://localhost:8084
2019-06-10 11:39:00,463 INFO  c.c.d.collector.CollectorTask - -----------------------------------
2019-06-10 11:39:00,528 INFO  c.c.d.collector.DefaultHudsonClient - Fetching jobs 0/12 pageSize 1000...
2019-06-10 11:39:00,867 INFO  c.c.d.collector.CollectorTask - Fetched jobs                     0s
2019-06-10 11:39:00,867 INFO  c.c.d.collector.CollectorTask - New jobs                0        0s
2019-06-10 11:39:04,438 INFO  c.c.d.collector.CollectorTask - New builds              0        3s
2019-06-10 11:39:04,456 INFO  c.c.d.collector.CollectorTask - New configs             0        0s
2019-06-10 11:39:04,457 INFO  c.c.d.collector.CollectorTask - Finished                         4s
2019-06-10 11:40:00,000 INFO  c.c.d.collector.CollectorTask - Running Collector: Hudson
2019-06-10 11:40:00,390 INFO  c.c.d.collector.CollectorTask - -----------------------------------
2019-06-10 11:40:00,390 INFO  c.c.d.collector.CollectorTask - http://localhost:8084
2019-06-10 11:40:00,391 INFO  c.c.d.collector.CollectorTask - -----------------------------------
2019-06-10 11:40:00,450 INFO  c.c.d.collector.DefaultHudsonClient - Fetching jobs 0/12 pageSize 1000...
2019-06-10 11:40:00,545 INFO  c.c.d.collector.CollectorTask - Fetched jobs                     0s
2019-06-10 11:40:00,640 INFO  c.c.d.collector.CollectorTask - New jobs                0        0s
2019-06-10 11:40:01,301 INFO  c.c.d.collector.CollectorTask - New builds              0        0s
2019-06-10 11:40:01,312 INFO  c.c.d.collector.CollectorTask - New configs             0        0s
2019-06-10 11:40:01,312 INFO  c.c.d.collector.CollectorTask - Finished                         1s
2019-06-10 11:41:00,001 INFO  c.c.d.collector.CollectorTask - Running Collector: Hudson
2019-06-10 11:41:01,427 INFO  c.c.d.collector.CollectorTask - -----------------------------------
2019-06-10 11:41:01,428 INFO  c.c.d.collector.CollectorTask - http://localhost:8084
2019-06-10 11:41:01,429 INFO  c.c.d.collector.CollectorTask - -----------------------------------
2019-06-10 11:41:01,491 INFO  c.c.d.collector.DefaultHudsonClient - Fetching jobs 0/12 pageSize 1000...
2019-06-10 11:41:01,549 INFO  c.c.d.collector.CollectorTask - Fetched jobs                     1s
2019-06-10 11:41:01,710 INFO  c.c.d.collector.CollectorTask - New jobs                0        0s
2019-06-10 11:41:03,615 INFO  c.c.d.collector.CollectorTask - New builds              0        1s
2019-06-10 11:41:04,001 INFO  c.c.d.collector.CollectorTask - New configs             0        0s
2019-06-10 11:41:04,073 INFO  c.c.d.collector.CollectorTask - Finished                         3s
2019-06-10 11:42:00,000 INFO  c.c.d.collector.CollectorTask - Running Collector: Hudson
2019-06-10 11:42:06,494 INFO  c.c.d.collector.CollectorTask - -----------------------------------
2019-06-10 11:42:06,559 INFO  c.c.d.collector.CollectorTask - http://localhost:8084
2019-06-10 11:42:06,560 INFO  c.c.d.collector.CollectorTask - -----------------------------------
2019-06-10 11:42:08,586 INFO  c.c.d.collector.DefaultHudsonClient - Fetching jobs 0/12 pageSize 1000...
2019-06-10 11:42:09,589 INFO  c.c.d.collector.CollectorTask - Fetched jobs                     5s
2019-06-10 11:42:09,589 INFO  c.c.d.collector.CollectorTask - New jobs                0        0s
2019-06-10 11:42:24,299 INFO  c.c.d.collector.CollectorTask - New builds              0       14s
2019-06-10 11:42:24,431 INFO  c.c.d.collector.CollectorTask - New configs             0        0s
2019-06-10 11:42:24,431 INFO  c.c.d.collector.CollectorTask - Finished                        19s
2019-06-10 11:43:00,018 INFO  c.c.d.collector.CollectorTask - Running Collector: Hudson
2019-06-10 11:43:03,498 INFO  c.c.d.collector.CollectorTask - -----------------------------------
2019-06-10 11:43:03,498 INFO  c.c.d.collector.CollectorTask - http://localhost:8084
2019-06-10 11:43:03,499 INFO  c.c.d.collector.CollectorTask - -----------------------------------
2019-06-10 11:43:03,679 INFO  c.c.d.collector.DefaultHudsonClient - Fetching jobs 0/12 pageSize 1000...
2019-06-10 11:43:04,375 INFO  c.c.d.collector.CollectorTask - Fetched jobs                     2s
2019-06-10 11:43:04,375 INFO  c.c.d.collector.CollectorTask - New jobs                0        0s
2019-06-10 11:43:07,346 INFO  c.c.d.collector.CollectorTask - New builds              0        2s
2019-06-10 11:43:07,457 INFO  c.c.d.collector.CollectorTask - New configs             0        0s
2019-06-10 11:43:07,457 INFO  c.c.d.collector.CollectorTask - Finished                         5s
2019-06-10 11:44:00,000 INFO  c.c.d.collector.CollectorTask - Running Collector: Hudson
2019-06-10 11:44:01,048 INFO  c.c.d.collector.CollectorTask - -----------------------------------
2019-06-10 11:44:01,049 INFO  c.c.d.collector.CollectorTask - http://localhost:8084
2019-06-10 11:44:01,053 INFO  c.c.d.collector.CollectorTask - -----------------------------------
2019-06-10 11:44:01,058 INFO  c.c.d.collector.DefaultHudsonClient - Fetching jobs 0/12 pageSize 1000...
2019-06-10 11:44:05,420 INFO  c.c.d.collector.CollectorTask - Fetched jobs                     5s
2019-06-10 11:44:05,421 INFO  c.c.d.collector.CollectorTask - New jobs                0        0s
2019-06-10 11:44:11,395 INFO  c.c.d.collector.CollectorTask - New builds              0        5s
2019-06-10 11:44:11,407 INFO  c.c.d.collector.CollectorTask - New configs             0        0s
2019-06-10 11:44:11,407 INFO  c.c.d.collector.CollectorTask - Finished                        11s
2019-06-10 11:45:00,000 INFO  c.c.d.collector.CollectorTask - Running Collector: Hudson
2019-06-10 11:45:03,102 INFO  c.c.d.collector.CollectorTask - -----------------------------------
2019-06-10 11:45:03,102 INFO  c.c.d.collector.CollectorTask - http://localhost:8084
2019-06-10 11:45:03,103 INFO  c.c.d.collector.CollectorTask - -----------------------------------
2019-06-10 11:45:07,583 INFO  c.c.d.collector.DefaultHudsonClient - Fetching jobs 0/12 pageSize 1000...
2019-06-10 11:45:12,603 INFO  c.c.d.collector.CollectorTask - Fetched jobs                    10s
2019-06-10 11:45:12,604 INFO  c.c.d.collector.CollectorTask - New jobs                0        0s
2019-06-10 11:45:16,733 INFO  c.c.d.collector.CollectorTask - New builds              0        3s
2019-06-10 11:45:16,738 INFO  c.c.d.collector.CollectorTask - New configs             0        0s
2019-06-10 11:45:16,825 INFO  c.c.d.collector.CollectorTask - Finished                        15s
2019-06-10 11:46:00,000 INFO  c.c.d.collector.CollectorTask - Running Collector: Hudson
2019-06-10 11:46:01,122 INFO  c.c.d.collector.CollectorTask - -----------------------------------
2019-06-10 11:46:01,123 INFO  c.c.d.collector.CollectorTask - http://localhost:8084
2019-06-10 11:46:01,124 INFO  c.c.d.collector.CollectorTask - -----------------------------------
2019-06-10 11:46:01,244 INFO  c.c.d.collector.DefaultHudsonClient - Fetching jobs 0/12 pageSize 1000...
2019-06-10 11:46:10,909 INFO  c.c.d.collector.CollectorTask - Fetched jobs                    10s
2019-06-10 11:46:10,910 INFO  c.c.d.collector.CollectorTask - New jobs                0        0s
2019-06-10 11:46:13,302 INFO  c.c.d.collector.CollectorTask - New builds              0        2s
2019-06-10 11:46:13,306 INFO  c.c.d.collector.CollectorTask - New configs             0        0s
2019-06-10 11:46:13,306 INFO  c.c.d.collector.CollectorTask - Finished                        13s
2019-06-10 11:47:00,000 INFO  c.c.d.collector.CollectorTask - Running Collector: Hudson
2019-06-10 11:47:00,177 INFO  c.c.d.collector.CollectorTask - -----------------------------------
2019-06-10 11:47:00,177 INFO  c.c.d.collector.CollectorTask - http://localhost:8084
2019-06-10 11:47:00,179 INFO  c.c.d.collector.CollectorTask - -----------------------------------
2019-06-10 11:47:00,209 INFO  c.c.d.collector.DefaultHudsonClient - Fetching jobs 0/12 pageSize 1000...
2019-06-10 11:47:00,241 INFO  c.c.d.collector.CollectorTask - Fetched jobs                     0s
2019-06-10 11:47:00,242 INFO  c.c.d.collector.CollectorTask - New jobs                0        0s
2019-06-10 11:47:02,058 INFO  c.c.d.collector.CollectorTask - New builds              0        1s
2019-06-10 11:47:02,084 INFO  c.c.d.collector.CollectorTask - New configs             0        0s
2019-06-10 11:47:02,084 INFO  c.c.d.collector.CollectorTask - Finished                         2s
2019-06-10 11:48:00,000 INFO  c.c.d.collector.CollectorTask - Running Collector: Hudson
2019-06-10 11:48:00,433 INFO  c.c.d.collector.CollectorTask - -----------------------------------
2019-06-10 11:48:00,445 INFO  c.c.d.collector.CollectorTask - http://localhost:8084
2019-06-10 11:48:00,449 INFO  c.c.d.collector.CollectorTask - -----------------------------------
2019-06-10 11:48:00,532 INFO  c.c.d.collector.DefaultHudsonClient - Fetching jobs 0/12 pageSize 1000...
2019-06-10 11:48:01,186 INFO  c.c.d.collector.CollectorTask - Fetched jobs                     1s
2019-06-10 11:48:01,187 INFO  c.c.d.collector.CollectorTask - New jobs                0        0s
2019-06-10 11:48:04,398 INFO  c.c.d.collector.CollectorTask - New builds              0        3s
2019-06-10 11:48:04,617 INFO  c.c.d.collector.CollectorTask - New configs             0        0s
2019-06-10 11:48:04,617 INFO  c.c.d.collector.CollectorTask - Finished                         4s
2019-06-10 11:49:00,000 INFO  c.c.d.collector.CollectorTask - Running Collector: Hudson
2019-06-10 11:49:00,770 INFO  c.c.d.collector.CollectorTask - -----------------------------------
2019-06-10 11:49:00,770 INFO  c.c.d.collector.CollectorTask - http://localhost:8084
2019-06-10 11:49:00,778 INFO  c.c.d.collector.CollectorTask - -----------------------------------
2019-06-10 11:49:00,783 INFO  c.c.d.collector.DefaultHudsonClient - Fetching jobs 0/12 pageSize 1000...
2019-06-10 11:49:00,854 INFO  c.c.d.collector.CollectorTask - Fetched jobs                     0s
2019-06-10 11:49:00,855 INFO  c.c.d.collector.CollectorTask - New jobs                0        0s
2019-06-10 11:49:05,045 INFO  c.c.d.collector.CollectorTask - New builds              0        4s
2019-06-10 11:49:05,068 INFO  c.c.d.collector.CollectorTask - New configs             0        0s
2019-06-10 11:49:05,068 INFO  c.c.d.collector.CollectorTask - Finished                         4s
2019-06-10 11:50:00,000 INFO  c.c.d.collector.CollectorTask - Running Collector: Hudson
2019-06-10 11:50:03,266 INFO  c.c.d.collector.CollectorTask - -----------------------------------
2019-06-10 11:50:03,267 INFO  c.c.d.collector.CollectorTask - http://localhost:8084
2019-06-10 11:50:03,269 INFO  c.c.d.collector.CollectorTask - -----------------------------------
2019-06-10 11:50:03,280 INFO  c.c.d.collector.DefaultHudsonClient - Fetching jobs 0/12 pageSize 1000...
2019-06-10 11:50:03,313 INFO  c.c.d.collector.CollectorTask - Fetched jobs                     3s
2019-06-10 11:50:03,313 INFO  c.c.d.collector.CollectorTask - New jobs                0        0s
2019-06-10 11:50:11,842 INFO  c.c.d.collector.CollectorTask - New builds              0        8s
2019-06-10 11:50:12,271 INFO  c.c.d.collector.CollectorTask - New configs             0        0s
2019-06-10 11:50:12,271 INFO  c.c.d.collector.CollectorTask - Finished                        12s
2019-06-10 11:51:00,000 INFO  c.c.d.collector.CollectorTask - Running Collector: Hudson
2019-06-10 11:51:01,254 INFO  c.c.d.collector.CollectorTask - -----------------------------------
2019-06-10 11:51:01,255 INFO  c.c.d.collector.CollectorTask - http://localhost:8084
2019-06-10 11:51:01,573 INFO  c.c.d.collector.CollectorTask - -----------------------------------
2019-06-10 11:51:01,679 INFO  c.c.d.collector.DefaultHudsonClient - Fetching jobs 0/12 pageSize 1000...
2019-06-10 11:51:02,994 INFO  c.c.d.collector.CollectorTask - Fetched jobs                     2s
2019-06-10 11:51:02,994 INFO  c.c.d.collector.CollectorTask - New jobs                0        0s
