2019-06-03 15:52:36,010 INFO  o.h.validator.internal.util.Version - HV000001: Hibernate Validator 5.2.2.Final
2019-06-03 15:52:36,133 INFO  o.s.c.a.AnnotationConfigApplicationContext - Refreshing org.springframework.context.annotation.AnnotationConfigApplicationContext@78fb842f: startup date [Mon Jun 03 15:52:36 IST 2019]; root of context hierarchy
2019-06-03 15:52:36,455 INFO  o.s.b.f.a.AutowiredAnnotationBeanPostProcessor - JSR-330 'javax.inject.Inject' annotation found and supported for autowiring
2019-06-03 15:52:36,577 INFO  o.s.c.s.PostProcessorRegistrationDelegate$BeanPostProcessorChecker - Bean 'configurationPropertiesRebinderAutoConfiguration' of type [class org.springframework.cloud.autoconfigure.ConfigurationPropertiesRebinderAutoConfiguration$$EnhancerBySpringCGLIB$$e67e561e] is not eligible for getting processed by all BeanPostProcessors (for example: not eligible for auto-proxying)
2019-06-03 15:52:37,134 INFO  o.s.c.c.c.ConfigServicePropertySourceLocator - Fetching config from server at: http://localhost:8888
2019-06-03 15:52:38,332 WARN  o.s.c.c.c.ConfigServicePropertySourceLocator - Could not locate PropertySource: I/O error on GET request for "http://localhost:8888/application/default": Connection refused: connect; nested exception is java.net.ConnectException: Connection refused: connect
2019-06-03 15:52:38,335 INFO  com.capitalone.dashboard.Application - No profiles are active
2019-06-03 15:52:38,400 INFO  o.s.c.a.AnnotationConfigApplicationContext - Refreshing org.springframework.context.annotation.AnnotationConfigApplicationContext@44419c90: startup date [Mon Jun 03 15:52:38 IST 2019]; parent: org.springframework.context.annotation.AnnotationConfigApplicationContext@78fb842f
2019-06-03 15:52:41,299 INFO  o.s.cloud.context.scope.GenericScope - BeanFactory id=73603fe0-9b59-323b-bc1d-654033049f3c
2019-06-03 15:52:41,303 INFO  c.u.j.EnableEncryptablePropertySourcesPostProcessor - Post-processing PropertySource instances
2019-06-03 15:52:41,317 INFO  c.u.j.c.StringEncryptorConfiguration - String Encryptor custom Bean not found with name 'jasyptStringEncryptor'. Initializing String Encryptor based on properties with name 'jasyptStringEncryptor'
2019-06-03 15:52:41,329 INFO  c.u.j.EnableEncryptablePropertySourcesPostProcessor - Converting PropertySource commandLineArgs [org.springframework.core.env.SimpleCommandLinePropertySource] to EncryptableEnumerablePropertySourceWrapper
2019-06-03 15:52:41,332 INFO  c.u.j.EnableEncryptablePropertySourcesPostProcessor - Converting PropertySource systemProperties [org.springframework.core.env.MapPropertySource] to EncryptableMapPropertySourceWrapper
2019-06-03 15:52:41,333 INFO  c.u.j.EnableEncryptablePropertySourcesPostProcessor - Converting PropertySource systemEnvironment [org.springframework.core.env.SystemEnvironmentPropertySource] to EncryptableMapPropertySourceWrapper
2019-06-03 15:52:41,334 INFO  c.u.j.EnableEncryptablePropertySourcesPostProcessor - Converting PropertySource random [org.springframework.boot.context.config.RandomValuePropertySource] to EncryptablePropertySourceWrapper
2019-06-03 15:52:41,338 INFO  c.u.j.EnableEncryptablePropertySourcesPostProcessor - Converting PropertySource applicationConfig: [file:jira.properties] [org.springframework.core.env.PropertiesPropertySource] to EncryptableMapPropertySourceWrapper
2019-06-03 15:52:41,338 INFO  c.u.j.EnableEncryptablePropertySourcesPostProcessor - Converting PropertySource springCloudClientHostInfo [org.springframework.core.env.MapPropertySource] to EncryptableMapPropertySourceWrapper
2019-06-03 15:52:41,338 INFO  c.u.j.EnableEncryptablePropertySourcesPostProcessor - Converting PropertySource defaultProperties [org.springframework.core.env.MapPropertySource] to EncryptableMapPropertySourceWrapper
2019-06-03 15:52:41,352 INFO  o.s.b.f.a.AutowiredAnnotationBeanPostProcessor - JSR-330 'javax.inject.Inject' annotation found and supported for autowiring
2019-06-03 15:52:41,389 INFO  o.s.c.s.PostProcessorRegistrationDelegate$BeanPostProcessorChecker - Bean 'org.springframework.cloud.autoconfigure.ConfigurationPropertiesRebinderAutoConfiguration' of type [class org.springframework.cloud.autoconfigure.ConfigurationPropertiesRebinderAutoConfiguration$$EnhancerBySpringCGLIB$$e67e561e] is not eligible for getting processed by all BeanPostProcessors (for example: not eligible for auto-proxying)
2019-06-03 15:52:41,529 INFO  o.s.s.c.ThreadPoolTaskScheduler - Initializing ExecutorService  'taskScheduler'
2019-06-03 15:52:41,676 INFO  c.c.dashboard.config.MongoConfig - ReplicaSetfalse
2019-06-03 15:52:41,824 INFO  c.c.dashboard.config.MongoConfig - Initializing Mongo Client server at: localhost:27017
2019-06-03 15:52:42,189 INFO  org.mongodb.driver.cluster - Cluster created with settings {hosts=[localhost:27017], mode=SINGLE, requiredClusterType=UNKNOWN, serverSelectionTimeout='30000 ms', maxWaitQueueSize=500}
2019-06-03 15:52:42,434 INFO  c.c.dashboard.config.MongoConfig - Connecting to Mongo: Mongo{options=MongoClientOptions{description='null', readPreference=primary, writeConcern=WriteConcern{w=1, wtimeout=0, fsync=false, j=false, codecRegistry=org.bson.codecs.configuration.ProvidersCodecRegistry@e96a6406, minConnectionsPerHost=0, maxConnectionsPerHost=100, threadsAllowedToBlockForConnectionMultiplier=5, serverSelectionTimeout=30000, maxWaitTime=120000, maxConnectionIdleTime=60000, maxConnectionLifeTime=0, connectTimeout=10000, socketTimeout=0, socketKeepAlive=false, sslEnabled=false, sslInvalidHostNamesAllowed=false, alwaysUseMBeans=false, heartbeatFrequency=10000, minHeartbeatFrequency=500, heartbeatConnectTimeout=20000, heartbeatSocketTimeout=20000, localThreshold=15, requiredReplicaSetName='null', dbDecoderFactory=com.mongodb.DefaultDBDecoder$1@1bccc625, dbEncoderFactory=com.mongodb.DefaultDBEncoder$1@1f78e5b7, socketFactory=javax.net.DefaultSocketFactory@1f397d6d, cursorFinalizerEnabled=true, connectionPoolSettings=ConnectionPoolSettings{maxSize=100, minSize=0, maxWaitQueueSize=500, maxWaitTimeMS=120000, maxConnectionLifeTimeMS=0, maxConnectionIdleTimeMS=60000, maintenanceInitialDelayMS=0, maintenanceFrequencyMS=60000}, socketSettings=SocketSettings{connectTimeoutMS=10000, readTimeoutMS=0, keepAlive=false, receiveBufferSize=0, sendBufferSize=0}, serverSettings=ServerSettings{heartbeatFrequencyMS=10000, minHeartbeatFrequencyMS=500}, heartbeatSocketSettings=SocketSettings{connectTimeoutMS=20000, readTimeoutMS=20000, keepAlive=false, receiveBufferSize=0, sendBufferSize=0}}}
2019-06-03 15:52:42,737 INFO  org.mongodb.driver.cluster - No server chosen by PrimaryServerSelector from cluster description ClusterDescription{type=UNKNOWN, connectionMode=SINGLE, all=[ServerDescription{address=localhost:27017, type=UNKNOWN, state=CONNECTING}]}. Waiting for 30000 ms before timing out
2019-06-03 15:52:42,983 INFO  org.mongodb.driver.connection - Opened connection [connectionId{localValue:1, serverValue:228}] to localhost:27017
2019-06-03 15:52:42,985 INFO  org.mongodb.driver.cluster - Monitor thread successfully connected to server with description ServerDescription{address=localhost:27017, type=STANDALONE, state=CONNECTED, ok=true, version=ServerVersion{versionList=[4, 0, 6]}, minWireVersion=0, maxWireVersion=7, electionId=null, maxDocumentSize=16777216, roundTripTimeNanos=926631}
2019-06-03 15:52:43,007 INFO  org.mongodb.driver.connection - Opened connection [connectionId{localValue:2, serverValue:229}] to localhost:27017
2019-06-03 15:52:43,874 INFO  c.c.dashboard.config.MongoConfig - ReplicaSetfalse
2019-06-03 15:52:43,875 INFO  c.c.dashboard.config.MongoConfig - Initializing Mongo Client server at: localhost:27017
2019-06-03 15:52:43,876 INFO  org.mongodb.driver.cluster - Cluster created with settings {hosts=[localhost:27017], mode=SINGLE, requiredClusterType=UNKNOWN, serverSelectionTimeout='30000 ms', maxWaitQueueSize=500}
2019-06-03 15:52:43,881 INFO  c.c.dashboard.config.MongoConfig - Connecting to Mongo: Mongo{options=MongoClientOptions{description='null', readPreference=primary, writeConcern=WriteConcern{w=1, wtimeout=0, fsync=false, j=false, codecRegistry=org.bson.codecs.configuration.ProvidersCodecRegistry@e96a6406, minConnectionsPerHost=0, maxConnectionsPerHost=100, threadsAllowedToBlockForConnectionMultiplier=5, serverSelectionTimeout=30000, maxWaitTime=120000, maxConnectionIdleTime=60000, maxConnectionLifeTime=0, connectTimeout=10000, socketTimeout=0, socketKeepAlive=false, sslEnabled=false, sslInvalidHostNamesAllowed=false, alwaysUseMBeans=false, heartbeatFrequency=10000, minHeartbeatFrequency=500, heartbeatConnectTimeout=20000, heartbeatSocketTimeout=20000, localThreshold=15, requiredReplicaSetName='null', dbDecoderFactory=com.mongodb.DefaultDBDecoder$1@1bccc625, dbEncoderFactory=com.mongodb.DefaultDBEncoder$1@1f78e5b7, socketFactory=javax.net.DefaultSocketFactory@1f397d6d, cursorFinalizerEnabled=true, connectionPoolSettings=ConnectionPoolSettings{maxSize=100, minSize=0, maxWaitQueueSize=500, maxWaitTimeMS=120000, maxConnectionLifeTimeMS=0, maxConnectionIdleTimeMS=60000, maintenanceInitialDelayMS=0, maintenanceFrequencyMS=60000}, socketSettings=SocketSettings{connectTimeoutMS=10000, readTimeoutMS=0, keepAlive=false, receiveBufferSize=0, sendBufferSize=0}, serverSettings=ServerSettings{heartbeatFrequencyMS=10000, minHeartbeatFrequencyMS=500}, heartbeatSocketSettings=SocketSettings{connectTimeoutMS=20000, readTimeoutMS=20000, keepAlive=false, receiveBufferSize=0, sendBufferSize=0}}}
2019-06-03 15:52:43,897 INFO  org.mongodb.driver.connection - Opened connection [connectionId{localValue:3, serverValue:230}] to localhost:27017
2019-06-03 15:52:43,897 INFO  c.c.dashboard.config.MongoConfig - ReplicaSetfalse
2019-06-03 15:52:43,898 INFO  org.mongodb.driver.cluster - Monitor thread successfully connected to server with description ServerDescription{address=localhost:27017, type=STANDALONE, state=CONNECTED, ok=true, version=ServerVersion{versionList=[4, 0, 6]}, minWireVersion=0, maxWireVersion=7, electionId=null, maxDocumentSize=16777216, roundTripTimeNanos=487567}
2019-06-03 15:52:43,899 INFO  c.c.dashboard.config.MongoConfig - Initializing Mongo Client server at: localhost:27017
2019-06-03 15:52:43,905 INFO  org.mongodb.driver.cluster - Cluster created with settings {hosts=[localhost:27017], mode=SINGLE, requiredClusterType=UNKNOWN, serverSelectionTimeout='30000 ms', maxWaitQueueSize=500}
2019-06-03 15:52:43,906 INFO  c.c.dashboard.config.MongoConfig - Connecting to Mongo: Mongo{options=MongoClientOptions{description='null', readPreference=primary, writeConcern=WriteConcern{w=1, wtimeout=0, fsync=false, j=false, codecRegistry=org.bson.codecs.configuration.ProvidersCodecRegistry@e96a6406, minConnectionsPerHost=0, maxConnectionsPerHost=100, threadsAllowedToBlockForConnectionMultiplier=5, serverSelectionTimeout=30000, maxWaitTime=120000, maxConnectionIdleTime=60000, maxConnectionLifeTime=0, connectTimeout=10000, socketTimeout=0, socketKeepAlive=false, sslEnabled=false, sslInvalidHostNamesAllowed=false, alwaysUseMBeans=false, heartbeatFrequency=10000, minHeartbeatFrequency=500, heartbeatConnectTimeout=20000, heartbeatSocketTimeout=20000, localThreshold=15, requiredReplicaSetName='null', dbDecoderFactory=com.mongodb.DefaultDBDecoder$1@1bccc625, dbEncoderFactory=com.mongodb.DefaultDBEncoder$1@1f78e5b7, socketFactory=javax.net.DefaultSocketFactory@1f397d6d, cursorFinalizerEnabled=true, connectionPoolSettings=ConnectionPoolSettings{maxSize=100, minSize=0, maxWaitQueueSize=500, maxWaitTimeMS=120000, maxConnectionLifeTimeMS=0, maxConnectionIdleTimeMS=60000, maintenanceInitialDelayMS=0, maintenanceFrequencyMS=60000}, socketSettings=SocketSettings{connectTimeoutMS=10000, readTimeoutMS=0, keepAlive=false, receiveBufferSize=0, sendBufferSize=0}, serverSettings=ServerSettings{heartbeatFrequencyMS=10000, minHeartbeatFrequencyMS=500}, heartbeatSocketSettings=SocketSettings{connectTimeoutMS=20000, readTimeoutMS=20000, keepAlive=false, receiveBufferSize=0, sendBufferSize=0}}}
2019-06-03 15:52:43,933 INFO  org.mongodb.driver.connection - Opened connection [connectionId{localValue:4, serverValue:231}] to localhost:27017
2019-06-03 15:52:43,935 INFO  org.mongodb.driver.cluster - Monitor thread successfully connected to server with description ServerDescription{address=localhost:27017, type=STANDALONE, state=CONNECTED, ok=true, version=ServerVersion{versionList=[4, 0, 6]}, minWireVersion=0, maxWireVersion=7, electionId=null, maxDocumentSize=16777216, roundTripTimeNanos=1389035}
2019-06-03 15:52:44,385 INFO  c.c.dashboard.config.MongoConfig - ReplicaSetfalse
2019-06-03 15:52:44,386 INFO  c.c.dashboard.config.MongoConfig - Initializing Mongo Client server at: localhost:27017
2019-06-03 15:52:44,388 INFO  org.mongodb.driver.cluster - Cluster created with settings {hosts=[localhost:27017], mode=SINGLE, requiredClusterType=UNKNOWN, serverSelectionTimeout='30000 ms', maxWaitQueueSize=500}
2019-06-03 15:52:44,392 INFO  c.c.dashboard.config.MongoConfig - Connecting to Mongo: Mongo{options=MongoClientOptions{description='null', readPreference=primary, writeConcern=WriteConcern{w=1, wtimeout=0, fsync=false, j=false, codecRegistry=org.bson.codecs.configuration.ProvidersCodecRegistry@e96a6406, minConnectionsPerHost=0, maxConnectionsPerHost=100, threadsAllowedToBlockForConnectionMultiplier=5, serverSelectionTimeout=30000, maxWaitTime=120000, maxConnectionIdleTime=60000, maxConnectionLifeTime=0, connectTimeout=10000, socketTimeout=0, socketKeepAlive=false, sslEnabled=false, sslInvalidHostNamesAllowed=false, alwaysUseMBeans=false, heartbeatFrequency=10000, minHeartbeatFrequency=500, heartbeatConnectTimeout=20000, heartbeatSocketTimeout=20000, localThreshold=15, requiredReplicaSetName='null', dbDecoderFactory=com.mongodb.DefaultDBDecoder$1@1bccc625, dbEncoderFactory=com.mongodb.DefaultDBEncoder$1@1f78e5b7, socketFactory=javax.net.DefaultSocketFactory@1f397d6d, cursorFinalizerEnabled=true, connectionPoolSettings=ConnectionPoolSettings{maxSize=100, minSize=0, maxWaitQueueSize=500, maxWaitTimeMS=120000, maxConnectionLifeTimeMS=0, maxConnectionIdleTimeMS=60000, maintenanceInitialDelayMS=0, maintenanceFrequencyMS=60000}, socketSettings=SocketSettings{connectTimeoutMS=10000, readTimeoutMS=0, keepAlive=false, receiveBufferSize=0, sendBufferSize=0}, serverSettings=ServerSettings{heartbeatFrequencyMS=10000, minHeartbeatFrequencyMS=500}, heartbeatSocketSettings=SocketSettings{connectTimeoutMS=20000, readTimeoutMS=20000, keepAlive=false, receiveBufferSize=0, sendBufferSize=0}}}
2019-06-03 15:52:44,407 INFO  org.mongodb.driver.connection - Opened connection [connectionId{localValue:5, serverValue:232}] to localhost:27017
2019-06-03 15:52:44,409 INFO  org.mongodb.driver.cluster - Monitor thread successfully connected to server with description ServerDescription{address=localhost:27017, type=STANDALONE, state=CONNECTED, ok=true, version=ServerVersion{versionList=[4, 0, 6]}, minWireVersion=0, maxWireVersion=7, electionId=null, maxDocumentSize=16777216, roundTripTimeNanos=936113}
2019-06-03 15:52:45,016 INFO  c.c.d.collector.CollectorTask - Running Collector: Jira
2019-06-03 15:52:45,036 INFO  c.c.d.collector.CollectorTask - -----------------------------------
2019-06-03 15:52:45,036 INFO  c.c.d.collector.CollectorTask - http://10.7.176.92:9099/
2019-06-03 15:52:45,038 INFO  c.c.d.collector.CollectorTask - -----------------------------------
2019-06-03 15:52:45,093 INFO  c.c.d.collector.FeatureCollectorTask - JIRA Collector is set to work in Board mode
2019-06-03 15:52:45,093 INFO  c.c.d.collector.FeatureCollectorTask - Hours since last run = 337. Collector is about to refresh Team/Board information
2019-06-03 15:52:45,357 INFO  o.s.j.e.a.AnnotationMBeanExporter - Registering beans for JMX exposure on startup
2019-06-03 15:52:45,367 INFO  o.s.j.e.a.AnnotationMBeanExporter - Bean with name 'configurationPropertiesRebinder' has been autodetected for JMX exposure
2019-06-03 15:52:45,367 INFO  o.s.j.e.a.AnnotationMBeanExporter - Bean with name 'environmentManager' has been autodetected for JMX exposure
2019-06-03 15:52:45,368 INFO  o.s.j.e.a.AnnotationMBeanExporter - Bean with name 'refreshScope' has been autodetected for JMX exposure
2019-06-03 15:52:45,372 INFO  o.s.j.e.a.AnnotationMBeanExporter - Located managed bean 'environmentManager': registering with JMX server as MBean [org.springframework.cloud.context.environment:name=environmentManager,type=EnvironmentManager]
2019-06-03 15:52:45,389 INFO  o.s.j.e.a.AnnotationMBeanExporter - Located managed bean 'refreshScope': registering with JMX server as MBean [org.springframework.cloud.context.scope.refresh:name=refreshScope,type=RefreshScope]
2019-06-03 15:52:45,400 INFO  o.s.j.e.a.AnnotationMBeanExporter - Located managed bean 'configurationPropertiesRebinder': registering with JMX server as MBean [org.springframework.cloud.context.properties:name=configurationPropertiesRebinder,context=44419c90,type=ConfigurationPropertiesRebinder]
2019-06-03 15:52:45,444 INFO  com.capitalone.dashboard.Application - Started Application in 9.919 seconds (JVM running for 11.283)
2019-06-03 15:53:06,164 ERROR c.c.d.collector.FeatureCollectorTask - Failed to collect jira information
org.springframework.web.client.ResourceAccessException: I/O error on GET request for "http://10.7.176.92:9099/rest/agile/1.0/board?startAt=0": Connection timed out: connect; nested exception is java.net.ConnectException: Connection timed out: connect
	at org.springframework.web.client.RestTemplate.doExecute(RestTemplate.java:607) ~[spring-web-4.2.5.RELEASE.jar!/:4.2.5.RELEASE]
	at org.springframework.web.client.RestTemplate.execute(RestTemplate.java:557) ~[spring-web-4.2.5.RELEASE.jar!/:4.2.5.RELEASE]
	at org.springframework.web.client.RestTemplate.exchange(RestTemplate.java:475) ~[spring-web-4.2.5.RELEASE.jar!/:4.2.5.RELEASE]
	at com.capitalone.dashboard.collector.DefaultJiraClient.makeRestCall(DefaultJiraClient.java:793) ~[jira-feature-collector.jar!/:3.0.1]
	at com.capitalone.dashboard.collector.DefaultJiraClient.getBoards(DefaultJiraClient.java:165) ~[jira-feature-collector.jar!/:3.0.1]
	at com.capitalone.dashboard.collector.FeatureCollectorTask.updateTeamInformation(FeatureCollectorTask.java:170) [jira-feature-collector.jar!/:3.0.1]
	at com.capitalone.dashboard.collector.FeatureCollectorTask.collect(FeatureCollectorTask.java:137) [jira-feature-collector.jar!/:3.0.1]
	at com.capitalone.dashboard.collector.FeatureCollectorTask.collect(FeatureCollectorTask.java:46) [jira-feature-collector.jar!/:3.0.1]
	at com.capitalone.dashboard.collector.CollectorTask.run(CollectorTask.java:63) [core-3.1.1-SNAPSHOT.jar!/:3.0.1]
	at org.springframework.scheduling.support.DelegatingErrorHandlingRunnable.run(DelegatingErrorHandlingRunnable.java:54) [spring-context-4.2.5.RELEASE.jar!/:4.2.5.RELEASE]
	at org.springframework.scheduling.concurrent.ReschedulingRunnable.run(ReschedulingRunnable.java:81) [spring-context-4.2.5.RELEASE.jar!/:4.2.5.RELEASE]
	at java.util.concurrent.Executors$RunnableAdapter.call(Executors.java:511) [na:1.8.0_172]
	at java.util.concurrent.FutureTask.run(FutureTask.java:266) [na:1.8.0_172]
	at java.util.concurrent.ScheduledThreadPoolExecutor$ScheduledFutureTask.access$201(ScheduledThreadPoolExecutor.java:180) [na:1.8.0_172]
	at java.util.concurrent.ScheduledThreadPoolExecutor$ScheduledFutureTask.run(ScheduledThreadPoolExecutor.java:293) [na:1.8.0_172]
	at java.util.concurrent.ThreadPoolExecutor.runWorker(ThreadPoolExecutor.java:1149) [na:1.8.0_172]
	at java.util.concurrent.ThreadPoolExecutor$Worker.run(ThreadPoolExecutor.java:624) [na:1.8.0_172]
	at java.lang.Thread.run(Thread.java:748) [na:1.8.0_172]
Caused by: java.net.ConnectException: Connection timed out: connect
	at java.net.DualStackPlainSocketImpl.connect0(Native Method) ~[na:1.8.0_172]
	at java.net.DualStackPlainSocketImpl.socketConnect(DualStackPlainSocketImpl.java:79) ~[na:1.8.0_172]
	at java.net.AbstractPlainSocketImpl.doConnect(AbstractPlainSocketImpl.java:350) ~[na:1.8.0_172]
	at java.net.AbstractPlainSocketImpl.connectToAddress(AbstractPlainSocketImpl.java:206) ~[na:1.8.0_172]
	at java.net.AbstractPlainSocketImpl.connect(AbstractPlainSocketImpl.java:188) ~[na:1.8.0_172]
	at java.net.PlainSocketImpl.connect(PlainSocketImpl.java:172) ~[na:1.8.0_172]
	at java.net.SocksSocketImpl.connect(SocksSocketImpl.java:392) ~[na:1.8.0_172]
	at java.net.Socket.connect(Socket.java:589) ~[na:1.8.0_172]
	at java.net.Socket.connect(Socket.java:538) ~[na:1.8.0_172]
	at sun.net.NetworkClient.doConnect(NetworkClient.java:180) ~[na:1.8.0_172]
	at sun.net.www.http.HttpClient.openServer(HttpClient.java:463) ~[na:1.8.0_172]
	at sun.net.www.http.HttpClient.openServer(HttpClient.java:558) ~[na:1.8.0_172]
	at sun.net.www.http.HttpClient.<init>(HttpClient.java:242) ~[na:1.8.0_172]
	at sun.net.www.http.HttpClient.New(HttpClient.java:339) ~[na:1.8.0_172]
	at sun.net.www.http.HttpClient.New(HttpClient.java:357) ~[na:1.8.0_172]
	at sun.net.www.protocol.http.HttpURLConnection.getNewHttpClient(HttpURLConnection.java:1220) ~[na:1.8.0_172]
	at sun.net.www.protocol.http.HttpURLConnection.plainConnect0(HttpURLConnection.java:1156) ~[na:1.8.0_172]
	at sun.net.www.protocol.http.HttpURLConnection.plainConnect(HttpURLConnection.java:1050) ~[na:1.8.0_172]
	at sun.net.www.protocol.http.HttpURLConnection.connect(HttpURLConnection.java:984) ~[na:1.8.0_172]
	at org.springframework.http.client.SimpleBufferingClientHttpRequest.executeInternal(SimpleBufferingClientHttpRequest.java:80) ~[spring-web-4.2.5.RELEASE.jar!/:4.2.5.RELEASE]
	at org.springframework.http.client.AbstractBufferingClientHttpRequest.executeInternal(AbstractBufferingClientHttpRequest.java:48) ~[spring-web-4.2.5.RELEASE.jar!/:4.2.5.RELEASE]
	at org.springframework.http.client.AbstractClientHttpRequest.execute(AbstractClientHttpRequest.java:53) ~[spring-web-4.2.5.RELEASE.jar!/:4.2.5.RELEASE]
	at org.springframework.web.client.RestTemplate.doExecute(RestTemplate.java:596) ~[spring-web-4.2.5.RELEASE.jar!/:4.2.5.RELEASE]
	... 17 common frames omitted
2019-06-03 15:53:10,001 INFO  c.c.d.collector.CollectorTask - Running Collector: Jira
2019-06-03 15:53:10,012 INFO  c.c.d.collector.CollectorTask - -----------------------------------
2019-06-03 15:53:10,013 INFO  c.c.d.collector.CollectorTask - http://10.7.176.92:9099/
2019-06-03 15:53:10,013 INFO  c.c.d.collector.CollectorTask - -----------------------------------
2019-06-03 15:53:10,013 INFO  c.c.d.collector.FeatureCollectorTask - JIRA Collector is set to work in Board mode
2019-06-03 15:53:10,014 INFO  c.c.d.collector.FeatureCollectorTask - Hours since last run = 337. Collector is about to refresh Team/Board information
2019-06-03 15:53:31,020 ERROR c.c.d.collector.FeatureCollectorTask - Failed to collect jira information
org.springframework.web.client.ResourceAccessException: I/O error on GET request for "http://10.7.176.92:9099/rest/agile/1.0/board?startAt=0": Connection timed out: connect; nested exception is java.net.ConnectException: Connection timed out: connect
	at org.springframework.web.client.RestTemplate.doExecute(RestTemplate.java:607) ~[spring-web-4.2.5.RELEASE.jar!/:4.2.5.RELEASE]
	at org.springframework.web.client.RestTemplate.execute(RestTemplate.java:557) ~[spring-web-4.2.5.RELEASE.jar!/:4.2.5.RELEASE]
	at org.springframework.web.client.RestTemplate.exchange(RestTemplate.java:475) ~[spring-web-4.2.5.RELEASE.jar!/:4.2.5.RELEASE]
	at com.capitalone.dashboard.collector.DefaultJiraClient.makeRestCall(DefaultJiraClient.java:793) ~[jira-feature-collector.jar!/:3.0.1]
	at com.capitalone.dashboard.collector.DefaultJiraClient.getBoards(DefaultJiraClient.java:165) ~[jira-feature-collector.jar!/:3.0.1]
	at com.capitalone.dashboard.collector.FeatureCollectorTask.updateTeamInformation(FeatureCollectorTask.java:170) [jira-feature-collector.jar!/:3.0.1]
	at com.capitalone.dashboard.collector.FeatureCollectorTask.collect(FeatureCollectorTask.java:137) [jira-feature-collector.jar!/:3.0.1]
	at com.capitalone.dashboard.collector.FeatureCollectorTask.collect(FeatureCollectorTask.java:46) [jira-feature-collector.jar!/:3.0.1]
	at com.capitalone.dashboard.collector.CollectorTask.run(CollectorTask.java:63) [core-3.1.1-SNAPSHOT.jar!/:3.0.1]
	at org.springframework.scheduling.support.DelegatingErrorHandlingRunnable.run(DelegatingErrorHandlingRunnable.java:54) [spring-context-4.2.5.RELEASE.jar!/:4.2.5.RELEASE]
	at org.springframework.scheduling.concurrent.ReschedulingRunnable.run(ReschedulingRunnable.java:81) [spring-context-4.2.5.RELEASE.jar!/:4.2.5.RELEASE]
	at java.util.concurrent.Executors$RunnableAdapter.call(Executors.java:511) [na:1.8.0_172]
	at java.util.concurrent.FutureTask.run(FutureTask.java:266) [na:1.8.0_172]
	at java.util.concurrent.ScheduledThreadPoolExecutor$ScheduledFutureTask.access$201(ScheduledThreadPoolExecutor.java:180) [na:1.8.0_172]
	at java.util.concurrent.ScheduledThreadPoolExecutor$ScheduledFutureTask.run(ScheduledThreadPoolExecutor.java:293) [na:1.8.0_172]
	at java.util.concurrent.ThreadPoolExecutor.runWorker(ThreadPoolExecutor.java:1149) [na:1.8.0_172]
	at java.util.concurrent.ThreadPoolExecutor$Worker.run(ThreadPoolExecutor.java:624) [na:1.8.0_172]
	at java.lang.Thread.run(Thread.java:748) [na:1.8.0_172]
Caused by: java.net.ConnectException: Connection timed out: connect
	at java.net.DualStackPlainSocketImpl.connect0(Native Method) ~[na:1.8.0_172]
	at java.net.DualStackPlainSocketImpl.socketConnect(DualStackPlainSocketImpl.java:79) ~[na:1.8.0_172]
	at java.net.AbstractPlainSocketImpl.doConnect(AbstractPlainSocketImpl.java:350) ~[na:1.8.0_172]
	at java.net.AbstractPlainSocketImpl.connectToAddress(AbstractPlainSocketImpl.java:206) ~[na:1.8.0_172]
	at java.net.AbstractPlainSocketImpl.connect(AbstractPlainSocketImpl.java:188) ~[na:1.8.0_172]
	at java.net.PlainSocketImpl.connect(PlainSocketImpl.java:172) ~[na:1.8.0_172]
	at java.net.SocksSocketImpl.connect(SocksSocketImpl.java:392) ~[na:1.8.0_172]
	at java.net.Socket.connect(Socket.java:589) ~[na:1.8.0_172]
	at java.net.Socket.connect(Socket.java:538) ~[na:1.8.0_172]
	at sun.net.NetworkClient.doConnect(NetworkClient.java:180) ~[na:1.8.0_172]
	at sun.net.www.http.HttpClient.openServer(HttpClient.java:463) ~[na:1.8.0_172]
	at sun.net.www.http.HttpClient.openServer(HttpClient.java:558) ~[na:1.8.0_172]
	at sun.net.www.http.HttpClient.<init>(HttpClient.java:242) ~[na:1.8.0_172]
	at sun.net.www.http.HttpClient.New(HttpClient.java:339) ~[na:1.8.0_172]
	at sun.net.www.http.HttpClient.New(HttpClient.java:357) ~[na:1.8.0_172]
	at sun.net.www.protocol.http.HttpURLConnection.getNewHttpClient(HttpURLConnection.java:1220) ~[na:1.8.0_172]
	at sun.net.www.protocol.http.HttpURLConnection.plainConnect0(HttpURLConnection.java:1156) ~[na:1.8.0_172]
	at sun.net.www.protocol.http.HttpURLConnection.plainConnect(HttpURLConnection.java:1050) ~[na:1.8.0_172]
	at sun.net.www.protocol.http.HttpURLConnection.connect(HttpURLConnection.java:984) ~[na:1.8.0_172]
	at org.springframework.http.client.SimpleBufferingClientHttpRequest.executeInternal(SimpleBufferingClientHttpRequest.java:80) ~[spring-web-4.2.5.RELEASE.jar!/:4.2.5.RELEASE]
	at org.springframework.http.client.AbstractBufferingClientHttpRequest.executeInternal(AbstractBufferingClientHttpRequest.java:48) ~[spring-web-4.2.5.RELEASE.jar!/:4.2.5.RELEASE]
	at org.springframework.http.client.AbstractClientHttpRequest.execute(AbstractClientHttpRequest.java:53) ~[spring-web-4.2.5.RELEASE.jar!/:4.2.5.RELEASE]
	at org.springframework.web.client.RestTemplate.doExecute(RestTemplate.java:596) ~[spring-web-4.2.5.RELEASE.jar!/:4.2.5.RELEASE]
	... 17 common frames omitted
2019-06-03 15:53:33,918 INFO  o.s.c.a.AnnotationConfigApplicationContext - Closing org.springframework.context.annotation.AnnotationConfigApplicationContext@44419c90: startup date [Mon Jun 03 15:52:38 IST 2019]; parent: org.springframework.context.annotation.AnnotationConfigApplicationContext@78fb842f
2019-06-03 15:53:33,938 INFO  o.s.j.e.a.AnnotationMBeanExporter - Unregistering JMX-exposed beans on shutdown
2019-06-03 15:53:33,940 INFO  o.s.j.e.a.AnnotationMBeanExporter - Unregistering JMX-exposed beans
2019-06-03 15:53:33,958 INFO  o.s.s.c.ThreadPoolTaskScheduler - Shutting down ExecutorService 'taskScheduler'
